#options: 720x1280 fps=30/1 timebase=1/30 bitdepth=8 cabac=1 ref=1 deblock=1:0:0 analyse=0x1:0 me=dia subme=2 psy=1 psy_rd=1.00:0.00 mixed_ref=0 me_range=16 chroma_me=1 trellis=0 8x8dct=0 cqm=0 deadzone=21,11 fast_pskip=1 chroma_qp_offset=0 threads=3 lookahead_threads=1 sliced_threads=0 nr=0 decimate=1 interlaced=0 bluray_compat=0 constrained_intra=0 bframes=3 b_pyramid=2 b_adapt=1 b_bias=0 direct=1 weightb=1 open_gop=0 weightp=2 keyint=250 keyint_min=25 scenecut=40 intra_refresh=0 rc_lookahead=40 rc=abr mbtree=1 bitrate=4500 ratetol=1.0 qcomp=0.60 qpmin=0 qpmax=69 qpstep=4 ip_ratio=1.40 aq=1:1.00
in:0 out:0 type:I dur:2 cpbdur:2 q:22.95 aq:13.21 tex:680384 mv:99712 misc:6240 imb:3600 pmb:0 smb:0 d:- ref:;
in:4 out:1 type:P dur:2 cpbdur:2 q:24.56 aq:15.16 tex:109470 mv:16514 misc:3296 imb:236 pmb:2253 smb:1111 d:- ref:0 ;
in:2 out:2 type:B dur:2 cpbdur:2 q:24.56 aq:19.31 tex:9762 mv:7386 misc:3124 imb:8 pmb:979 smb:2613 d:- ref:0 ;
in:1 out:3 type:b dur:2 cpbdur:2 q:24.56 aq:17.76 tex:990 mv:1840 misc:2346 imb:0 pmb:570 smb:3030 d:- ref:0 ;
in:3 out:4 type:b dur:2 cpbdur:2 q:24.56 aq:19.70 tex:2293 mv:3289 misc:2122 imb:5 pmb:471 smb:3124 d:- ref:0 ;
in:6 out:5 type:P dur:2 cpbdur:2 q:28.56 aq:18.76 tex:56865 mv:12656 misc:3519 imb:176 pmb:2019 smb:1405 d:- ref:0 ;
in:5 out:6 type:b dur:2 cpbdur:2 q:26.56 aq:19.60 tex:1134 mv:1954 misc:1472 imb:5 pmb:274 smb:3321 d:- ref:0 ;
in:10 out:7 type:P dur:2 cpbdur:2 q:24.98 aq:15.48 tex:136733 mv:16460 misc:3007 imb:243 pmb:2417 smb:940 d:- ref:0 ;
in:8 out:8 type:B dur:2 cpbdur:2 q:26.77 aq:20.18 tex:3458 mv:4888 misc:2470 imb:9 pmb:598 smb:2993 d:- ref:0 ;
in:7 out:9 type:b dur:2 cpbdur:2 q:27.66 aq:18.80 tex:497 mv:724 misc:1579 imb:1 pmb:303 smb:3296 d:- ref:0 ;
in:9 out:10 type:b dur:2 cpbdur:2 q:25.87 aq:21.02 tex:1168 mv:2368 misc:1664 imb:2 pmb:324 smb:3274 d:- ref:0 ;
in:14 out:11 type:P dur:2 cpbdur:2 q:22.72 aq:13.58 tex:194632 mv:17732 misc:2756 imb:265 pmb:2558 smb:777 d:- ref:0 ;
in:12 out:12 type:B dur:2 cpbdur:2 q:23.85 aq:19.12 tex:11031 mv:8209 misc:3152 imb:14 pmb:1033 smb:2553 d:- ref:0 ;
in:11 out:13 type:b dur:2 cpbdur:2 q:24.41 aq:16.50 tex:934 mv:1646 misc:2324 imb:2 pmb:578 smb:3020 d:- ref:0 ;
in:13 out:14 type:b dur:2 cpbdur:2 q:23.28 aq:19.95 tex:3118 mv:3936 misc:2226 imb:7 pmb:547 smb:3046 d:- ref:0 ;
in:16 out:15 type:P dur:2 cpbdur:2 q:20.55 aq:11.00 tex:265630 mv:15926 misc:2372 imb:237 pmb:2756 smb:607 d:- ref:0 ;
in:15 out:16 type:b dur:2 cpbdur:2 q:21.64 aq:18.43 tex:4663 mv:5070 misc:2707 imb:5 pmb:766 smb:2829 d:- ref:0 ;
in:20 out:17 type:P dur:2 cpbdur:2 q:19.42 aq:9.83 tex:314077 mv:18132 misc:2279 imb:259 pmb:2792 smb:549 d:- ref:0 ;
in:18 out:18 type:B dur:2 cpbdur:2 q:19.99 aq:16.43 tex:17205 mv:9939 misc:3448 imb:12 pmb:1389 smb:2199 d:- ref:0 ;
in:17 out:19 type:b dur:2 cpbdur:2 q:20.27 aq:14.37 tex:2801 mv:2315 misc:2972 imb:3 pmb:884 smb:2713 d:- ref:0 ;
in:19 out:20 type:b dur:2 cpbdur:2 q:19.71 aq:17.30 tex:7159 mv:6116 misc:2901 imb:2 pmb:933 smb:2665 d:- ref:0 ;
in:24 out:21 type:P dur:2 cpbdur:2 q:19.46 aq:10.15 tex:273196 mv:17632 misc:2660 imb:236 pmb:2633 smb:731 d:- ref:0 ;
in:22 out:22 type:B dur:2 cpbdur:2 q:19.44 aq:15.43 tex:28449 mv:11070 misc:3481 imb:14 pmb:1508 smb:2078 d:- ref:0 ;
in:21 out:23 type:b dur:2 cpbdur:2 q:19.43 aq:14.23 tex:2594 mv:1914 misc:2764 imb:3 pmb:770 smb:2827 d:- ref:0 ;
in:23 out:24 type:b dur:2 cpbdur:2 q:19.45 aq:17.01 tex:10810 mv:6366 misc:3024 imb:7 pmb:987 smb:2606 d:- ref:0 ;
in:26 out:25 type:P dur:2 cpbdur:2 q:18.44 aq:8.81 tex:328877 mv:15338 misc:2417 imb:218 pmb:2800 smb:582 d:- ref:0 ;
in:25 out:26 type:b dur:2 cpbdur:2 q:18.95 aq:16.83 tex:10000 mv:6465 misc:3015 imb:5 pmb:1010 smb:2585 d:- ref:0 ;
in:30 out:27 type:P dur:2 cpbdur:2 q:17.85 aq:8.38 tex:391429 mv:18021 misc:2270 imb:279 pmb:2793 smb:528 d:- ref:0 ;
in:28 out:28 type:B dur:2 cpbdur:2 q:18.15 aq:14.88 tex:22353 mv:10380 misc:3459 imb:6 pmb:1449 smb:2145 d:- ref:0 ;
in:27 out:29 type:b dur:2 cpbdur:2 q:18.29 aq:13.73 tex:2998 mv:2252 misc:3134 imb:2 pmb:982 smb:2616 d:- ref:0 ;
in:29 out:30 type:b dur:2 cpbdur:2 q:18.00 aq:16.54 tex:10350 mv:6479 misc:2947 imb:3 pmb:1042 smb:2555 d:- ref:0 ;
in:34 out:31 type:P dur:2 cpbdur:2 q:18.13 aq:8.87 tex:316692 mv:16762 misc:2730 imb:223 pmb:2581 smb:796 d:- ref:0 ;
in:32 out:32 type:B dur:2 cpbdur:2 q:17.99 aq:13.97 tex:38485 mv:12035 misc:3376 imb:16 pmb:1590 smb:1994 d:- ref:0 ;
in:31 out:33 type:b dur:2 cpbdur:2 q:17.92 aq:16.08 tex:3350 mv:1850 misc:2768 imb:3 pmb:773 smb:2824 d:- ref:0 ;
in:33 out:34 type:b dur:2 cpbdur:2 q:18.06 aq:17.34 tex:12491 mv:6717 misc:2984 imb:3 pmb:1050 smb:2547 d:- ref:0 ;
in:36 out:35 type:P dur:2 cpbdur:2 q:17.61 aq:8.07 tex:343608 mv:15646 misc:2442 imb:209 pmb:2795 smb:596 d:- ref:0 ;
in:35 out:36 type:b dur:2 cpbdur:2 q:17.87 aq:15.58 tex:10999 mv:6851 misc:3038 imb:2 pmb:1002 smb:2596 d:- ref:0 ;
in:40 out:37 type:P dur:2 cpbdur:2 q:17.18 aq:7.76 tex:402688 mv:17510 misc:2322 imb:238 pmb:2783 smb:579 d:- ref:0 ;
in:38 out:38 type:B dur:2 cpbdur:2 q:17.39 aq:14.22 tex:27638 mv:10994 misc:3408 imb:8 pmb:1545 smb:2047 d:- ref:0 ;
in:37 out:39 type:b dur:2 cpbdur:2 q:17.50 aq:14.40 tex:3932 mv:2696 misc:3108 imb:3 pmb:1018 smb:2579 d:- ref:0 ;
in:39 out:40 type:b dur:2 cpbdur:2 q:17.29 aq:16.08 tex:12140 mv:6872 misc:2980 imb:3 pmb:1079 smb:2518 d:- ref:0 ;
in:44 out:41 type:P dur:2 cpbdur:2 q:17.47 aq:8.29 tex:341093 mv:16795 misc:2680 imb:243 pmb:2602 smb:755 d:- ref:0 ;
in:42 out:42 type:B dur:2 cpbdur:2 q:17.33 aq:12.90 tex:42659 mv:11822 misc:3471 imb:19 pmb:1629 smb:1952 d:- ref:0 ;
in:41 out:43 type:b dur:2 cpbdur:2 q:17.25 aq:14.48 tex:3093 mv:1676 misc:2695 imb:6 pmb:738 smb:2856 d:- ref:0 ;
in:43 out:44 type:b dur:2 cpbdur:2 q:17.40 aq:16.65 tex:16450 mv:7073 misc:2925 imb:2 pmb:1060 smb:2538 d:- ref:0 ;
in:46 out:45 type:P dur:2 cpbdur:2 q:17.11 aq:7.60 tex:352809 mv:15813 misc:2418 imb:255 pmb:2723 smb:622 d:- ref:0 ;
in:45 out:46 type:b dur:2 cpbdur:2 q:17.29 aq:15.72 tex:14468 mv:6950 misc:3134 imb:5 pmb:1098 smb:2497 d:- ref:0 ;
in:50 out:47 type:P dur:2 cpbdur:2 q:16.79 aq:7.45 tex:405346 mv:17285 misc:2369 imb:234 pmb:2750 smb:616 d:- ref:0 ;
in:48 out:48 type:B dur:2 cpbdur:2 q:16.95 aq:13.88 tex:31318 mv:10622 misc:3460 imb:14 pmb:1511 smb:2075 d:- ref:0 ;
in:47 out:49 type:b dur:2 cpbdur:2 q:17.03 aq:13.19 tex:3804 mv:2527 misc:3197 imb:3 pmb:1022 smb:2575 d:- ref:0 ;
in:49 out:50 type:b dur:2 cpbdur:2 q:16.87 aq:15.83 tex:13065 mv:6662 misc:2969 imb:4 pmb:1070 smb:2526 d:- ref:0 ;
in:54 out:51 type:P dur:2 cpbdur:2 q:17.05 aq:8.16 tex:336702 mv:16784 misc:2682 imb:213 pmb:2621 smb:766 d:- ref:0 ;
in:52 out:52 type:B dur:2 cpbdur:2 q:16.92 aq:12.56 tex:48253 mv:12040 misc:3459 imb:10 pmb:1707 smb:1883 d:- ref:0 ;
in:51 out:53 type:b dur:2 cpbdur:2 q:16.86 aq:14.32 tex:3407 mv:1934 misc:2883 imb:2 pmb:840 smb:2758 d:- ref:0 ;
in:53 out:54 type:b dur:2 cpbdur:2 q:16.98 aq:16.17 tex:17226 mv:7225 misc:2997 imb:4 pmb:1095 smb:2501 d:- ref:0 ;
in:56 out:55 type:P dur:2 cpbdur:2 q:16.74 aq:7.54 tex:352788 mv:15717 misc:2431 imb:272 pmb:2677 smb:651 d:- ref:0 ;
in:55 out:56 type:b dur:2 cpbdur:2 q:16.89 aq:15.19 tex:16711 mv:7730 misc:3111 imb:7 pmb:1137 smb:2456 d:- ref:0 ;
in:60 out:57 type:P dur:2 cpbdur:2 q:16.48 aq:7.42 tex:386045 mv:17723 misc:2344 imb:262 pmb:2748 smb:590 d:- ref:0 ;
in:58 out:58 type:B dur:2 cpbdur:2 q:16.61 aq:13.02 tex:33600 mv:11517 misc:3507 imb:17 pmb:1620 smb:1963 d:- ref:0 ;
in:57 out:59 type:b dur:2 cpbdur:2 q:16.68 aq:13.28 tex:4064 mv:2832 misc:3248 imb:3 pmb:1080 smb:2517 d:- ref:0 ;
in:59 out:60 type:b dur:2 cpbdur:2 q:16.54 aq:15.40 tex:14713 mv:7335 misc:3080 imb:5 pmb:1156 smb:2439 d:- ref:0 ;
in:64 out:61 type:P dur:2 cpbdur:2 q:16.67 aq:8.10 tex:309762 mv:16353 misc:2813 imb:247 pmb:2527 smb:826 d:- ref:0 ;
in:62 out:62 type:B dur:2 cpbdur:2 q:16.58 aq:12.19 tex:51892 mv:12067 misc:3409 imb:20 pmb:1723 smb:1857 d:- ref:0 ;
in:61 out:63 type:b dur:2 cpbdur:2 q:16.53 aq:14.72 tex:3835 mv:2156 misc:2913 imb:1 pmb:856 smb:2743 d:- ref:0 ;
in:63 out:64 type:b dur:2 cpbdur:2 q:16.62 aq:15.44 tex:18491 mv:7312 misc:3013 imb:7 pmb:1103 smb:2490 d:- ref:0 ;
in:66 out:65 type:P dur:2 cpbdur:2 q:16.37 aq:7.66 tex:324297 mv:15623 misc:2640 imb:238 pmb:2619 smb:743 d:- ref:0 ;
in:65 out:66 type:b dur:2 cpbdur:2 q:16.52 aq:14.67 tex:18502 mv:7960 misc:3138 imb:10 pmb:1147 smb:2443 d:- ref:0 ;
in:70 out:67 type:P dur:2 cpbdur:2 q:16.14 aq:8.09 tex:298593 mv:16378 misc:2749 imb:241 pmb:2539 smb:820 d:- ref:0 ;
in:68 out:68 type:B dur:2 cpbdur:2 q:16.25 aq:12.66 tex:39954 mv:12073 misc:3501 imb:12 pmb:1692 smb:1896 d:- ref:0 ;
in:67 out:69 type:b dur:2 cpbdur:2 q:16.31 aq:13.23 tex:5307 mv:3124 misc:3225 imb:2 pmb:1129 smb:2469 d:- ref:0 ;
in:69 out:70 type:b dur:2 cpbdur:2 q:16.20 aq:15.69 tex:15780 mv:7494 misc:3094 imb:2 pmb:1169 smb:2429 d:- ref:0 ;
in:74 out:71 type:P dur:2 cpbdur:2 q:16.15 aq:9.26 tex:211763 mv:14782 misc:3255 imb:214 pmb:2235 smb:1151 d:- ref:0 ;
in:72 out:72 type:B dur:2 cpbdur:2 q:16.15 aq:11.47 tex:70722 mv:13662 misc:3392 imb:20 pmb:1943 smb:1637 d:- ref:0 ;
in:71 out:73 type:b dur:2 cpbdur:2 q:16.14 aq:12.78 tex:4451 mv:2290 misc:2939 imb:8 pmb:873 smb:2719 d:- ref:0 ;
in:73 out:74 type:b dur:2 cpbdur:2 q:16.15 aq:14.55 tex:22753 mv:8253 misc:3170 imb:7 pmb:1228 smb:2365 d:- ref:0 ;
in:76 out:75 type:P dur:2 cpbdur:2 q:15.78 aq:9.73 tex:396538 mv:22500 misc:1346 imb:839 pmb:2572 smb:189 d:- ref:0 w:7,121,2,7,120,8,119,8 ;
in:75 out:76 type:b dur:2 cpbdur:2 q:15.97 aq:14.10 tex:41726 mv:12476 misc:3550 imb:29 pmb:2034 smb:1537 d:- ref:0 ;
in:77 out:77 type:P dur:2 cpbdur:2 q:15.62 aq:9.64 tex:342359 mv:15973 misc:1532 imb:690 pmb:2652 smb:258 d:- ref:0 w:6,61,2,7,121,7,120,8 ;
in:79 out:78 type:P dur:2 cpbdur:2 q:15.92 aq:10.15 tex:572870 mv:26994 misc:856 imb:1010 pmb:2525 smb:65 d:- ref:0 w:7,117,4,7,112,17,111,16 ;
in:78 out:79 type:b dur:2 cpbdur:2 q:15.77 aq:12.46 tex:43161 mv:10289 misc:3350 imb:36 pmb:1420 smb:2144 d:- ref:0 ;
in:81 out:80 type:P dur:2 cpbdur:2 q:16.31 aq:10.32 tex:647113 mv:28589 misc:722 imb:990 pmb:2576 smb:34 d:- ref:0 w:6,59,2,7,112,16,113,14 ;
in:80 out:81 type:b dur:2 cpbdur:2 q:16.11 aq:13.19 tex:40691 mv:10063 misc:3246 imb:30 pmb:1233 smb:2337 d:- ref:0 ;
in:82 out:82 type:P dur:2 cpbdur:2 q:16.86 aq:11.37 tex:250223 mv:13738 misc:2727 imb:290 pmb:2441 smb:869 d:- ref:0 w:7,125,1,7,122,6,121,7 ;
in:83 out:83 type:P dur:2 cpbdur:2 q:17.18 aq:11.47 tex:398478 mv:25297 misc:1737 imb:571 pmb:2732 smb:297 d:- ref:0 w:7,125,1,7,122,6,121,7 ;
in:84 out:84 type:P dur:2 cpbdur:2 q:17.18 aq:11.48 tex:407915 mv:24537 misc:1764 imb:492 pmb:2752 smb:356 d:- ref:0 ;
in:88 out:85 type:P dur:2 cpbdur:2 q:17.41 aq:9.71 tex:803889 mv:33237 misc:426 imb:2430 pmb:1168 smb:2 d:- ref:0 w:5,35,-3,6,57,13,57,15 ;
in:86 out:86 type:B dur:2 cpbdur:2 q:17.30 aq:11.86 tex:117998 mv:17653 misc:3373 imb:91 pmb:1853 smb:1656 d:- ref:0 ;
in:85 out:87 type:b dur:2 cpbdur:2 q:17.24 aq:13.71 tex:39342 mv:11505 misc:3313 imb:25 pmb:1295 smb:2280 d:- ref:0 ;
in:87 out:88 type:b dur:2 cpbdur:2 q:17.35 aq:12.27 tex:23206 mv:8800 misc:3106 imb:50 pmb:1016 smb:2534 d:- ref:0 ;
in:90 out:89 type:P dur:2 cpbdur:2 q:18.55 aq:7.77 tex:485161 mv:32457 misc:686 imb:1729 pmb:1846 smb:25 d:- ref:0 w:5,35,-3,6,74,-21,71,-12 ;
in:89 out:90 type:b dur:2 cpbdur:2 q:17.98 aq:12.44 tex:36486 mv:13681 misc:3425 imb:63 pmb:1521 smb:2016 d:- ref:0 ;
in:94 out:91 type:P dur:2 cpbdur:2 q:18.43 aq:8.55 tex:258152 mv:22244 misc:2724 imb:400 pmb:2217 smb:983 d:- ref:0 ;
in:92 out:92 type:B dur:2 cpbdur:2 q:18.49 aq:12.87 tex:38525 mv:14526 misc:3165 imb:28 pmb:1478 smb:2094 d:- ref:0 ;
in:91 out:93 type:b dur:2 cpbdur:2 q:18.52 aq:13.80 tex:3801 mv:2624 misc:2607 imb:4 pmb:704 smb:2892 d:- ref:0 ;
in:93 out:94 type:b dur:2 cpbdur:2 q:18.46 aq:15.25 tex:17714 mv:10429 misc:2865 imb:13 pmb:1035 smb:2552 d:- ref:0 ;
in:96 out:95 type:P dur:2 cpbdur:2 q:18.58 aq:8.10 tex:246866 mv:20323 misc:2827 imb:323 pmb:2162 smb:1115 d:- ref:0 ;
in:95 out:96 type:b dur:2 cpbdur:2 q:18.50 aq:14.30 tex:15522 mv:9749 misc:3025 imb:18 pmb:1073 smb:2509 d:- ref:0 ;
in:100 out:97 type:P dur:2 cpbdur:2 q:18.37 aq:8.20 tex:265001 mv:22213 misc:2690 imb:408 pmb:2178 smb:1014 d:- ref:0 ;
in:98 out:98 type:B dur:2 cpbdur:2 q:18.47 aq:12.93 tex:29823 mv:13701 misc:3372 imb:35 pmb:1428 smb:2137 d:- ref:0 ;
in:97 out:99 type:b dur:2 cpbdur:2 q:18.53 aq:13.95 tex:3252 mv:2270 misc:2438 imb:1 pmb:668 smb:2931 d:- ref:0 ;
in:99 out:100 type:b dur:2 cpbdur:2 q:18.42 aq:14.30 tex:15716 mv:10217 misc:2979 imb:15 pmb:1055 smb:2530 d:- ref:0 ;
in:104 out:101 type:P dur:2 cpbdur:2 q:18.34 aq:8.45 tex:269160 mv:22274 misc:2582 imb:425 pmb:2136 smb:1039 d:- ref:0 ;
in:102 out:102 type:B dur:2 cpbdur:2 q:18.36 aq:12.30 tex:51099 mv:15156 misc:3097 imb:37 pmb:1410 smb:2153 d:- ref:0 ;
in:101 out:103 type:b dur:2 cpbdur:2 q:18.36 aq:12.97 tex:5188 mv:2701 misc:2695 imb:11 pmb:738 smb:2851 d:- ref:0 ;
in:103 out:104 type:b dur:2 cpbdur:2 q:18.35 aq:14.40 tex:16452 mv:10338 misc:2962 imb:25 pmb:1069 smb:2506 d:- ref:0 ;
in:106 out:105 type:P dur:2 cpbdur:2 q:18.13 aq:8.04 tex:259292 mv:19440 misc:2596 imb:344 pmb:2103 smb:1153 d:- ref:0 ;
in:105 out:106 type:b dur:2 cpbdur:2 q:18.23 aq:14.30 tex:16008 mv:10270 misc:2866 imb:15 pmb:1070 smb:2515 d:- ref:0 ;
in:110 out:107 type:P dur:2 cpbdur:2 q:17.92 aq:7.82 tex:306695 mv:23067 misc:2566 imb:449 pmb:2187 smb:964 d:- ref:0 ;
in:108 out:108 type:B dur:2 cpbdur:2 q:18.03 aq:12.67 tex:37283 mv:14667 misc:3186 imb:40 pmb:1409 smb:2151 d:- ref:0 ;
in:107 out:109 type:b dur:2 cpbdur:2 q:18.08 aq:12.70 tex:3958 mv:2775 misc:2731 imb:4 pmb:762 smb:2834 d:- ref:0 ;
in:109 out:110 type:b dur:2 cpbdur:2 q:17.97 aq:14.65 tex:19743 mv:10870 misc:2875 imb:17 pmb:1108 smb:2475 d:- ref:0 ;
in:114 out:111 type:P dur:2 cpbdur:2 q:17.93 aq:8.21 tex:291971 mv:23123 misc:2610 imb:428 pmb:2171 smb:1001 d:- ref:0 ;
in:112 out:112 type:B dur:2 cpbdur:2 q:17.93 aq:12.27 tex:54931 mv:15965 misc:3104 imb:32 pmb:1546 smb:2022 d:- ref:0 ;
in:111 out:113 type:b dur:2 cpbdur:2 q:17.93 aq:12.04 tex:5567 mv:2984 misc:2809 imb:18 pmb:775 smb:2807 d:- ref:0 ;
in:113 out:114 type:b dur:2 cpbdur:2 q:17.93 aq:15.33 tex:21151 mv:10959 misc:2890 imb:12 pmb:1093 smb:2495 d:- ref:0 ;
in:116 out:115 type:P dur:2 cpbdur:2 q:17.84 aq:7.99 tex:287964 mv:20770 misc:2610 imb:357 pmb:2188 smb:1055 d:- ref:0 ;
in:115 out:116 type:b dur:2 cpbdur:2 q:17.89 aq:13.69 tex:23250 mv:10995 misc:3179 imb:23 pmb:1201 smb:2376 d:- ref:0 ;
in:120 out:117 type:P dur:2 cpbdur:2 q:17.62 aq:7.84 tex:314750 mv:23999 misc:2427 imb:477 pmb:2265 smb:858 d:- ref:0 ;
in:118 out:118 type:B dur:2 cpbdur:2 q:17.73 aq:12.30 tex:47893 mv:16546 misc:3393 imb:32 pmb:1683 smb:1885 d:- ref:0 ;
in:117 out:119 type:b dur:2 cpbdur:2 q:17.79 aq:13.56 tex:4391 mv:2708 misc:2605 imb:7 pmb:724 smb:2869 d:- ref:0 ;
in:119 out:120 type:b dur:2 cpbdur:2 q:17.68 aq:13.42 tex:25970 mv:12068 misc:3114 imb:21 pmb:1272 smb:2307 d:- ref:0 ;
in:124 out:121 type:P dur:2 cpbdur:2 q:17.67 aq:8.37 tex:302465 mv:23658 misc:2485 imb:448 pmb:2234 smb:918 d:- ref:0 ;
in:122 out:122 type:B dur:2 cpbdur:2 q:17.65 aq:11.66 tex:75816 mv:17468 misc:3068 imb:39 pmb:1650 smb:1911 d:- ref:0 ;
in:121 out:123 type:b dur:2 cpbdur:2 q:17.63 aq:13.23 tex:6961 mv:3267 misc:2996 imb:5 pmb:899 smb:2696 d:- ref:0 ;
in:123 out:124 type:b dur:2 cpbdur:2 q:17.66 aq:14.32 tex:24954 mv:10814 misc:2984 imb:18 pmb:1175 smb:2407 d:- ref:0 ;
in:126 out:125 type:P dur:2 cpbdur:2 q:17.54 aq:7.90 tex:336214 mv:21022 misc:2332 imb:394 pmb:2292 smb:914 d:- ref:0 ;
in:125 out:126 type:b dur:2 cpbdur:2 q:17.61 aq:13.27 tex:28142 mv:12393 misc:3265 imb:27 pmb:1366 smb:2207 d:- ref:0 ;
in:130 out:127 type:P dur:2 cpbdur:2 q:17.43 aq:7.93 tex:412044 mv:24663 misc:2229 imb:538 pmb:2355 smb:707 d:- ref:0 ;
in:128 out:128 type:B dur:2 cpbdur:2 q:17.49 aq:12.06 tex:92569 mv:21030 misc:2985 imb:56 pmb:2243 smb:1301 d:- ref:0 ;
in:127 out:129 type:b dur:2 cpbdur:2 q:17.51 aq:13.01 tex:6114 mv:3741 misc:2833 imb:8 pmb:846 smb:2746 d:- ref:0 ;
in:129 out:130 type:b dur:2 cpbdur:2 q:17.46 aq:13.48 tex:45784 mv:15882 misc:3142 imb:42 pmb:1859 smb:1699 d:- ref:0 ;
in:134 out:131 type:P dur:2 cpbdur:2 q:17.64 aq:8.34 tex:394481 mv:24102 misc:2241 imb:538 pmb:2330 smb:732 d:- ref:0 ;
in:132 out:132 type:B dur:2 cpbdur:2 q:17.54 aq:11.61 tex:111024 mv:19642 misc:2918 imb:36 pmb:2147 smb:1417 d:- ref:0 ;
in:131 out:133 type:b dur:2 cpbdur:2 q:17.48 aq:12.27 tex:25843 mv:7349 misc:3488 imb:29 pmb:1663 smb:1908 d:- ref:0 ;
in:133 out:134 type:b dur:2 cpbdur:2 q:17.59 aq:14.55 tex:41160 mv:14351 misc:2977 imb:16 pmb:1613 smb:1971 d:- ref:0 ;
in:138 out:135 type:P dur:2 cpbdur:2 q:17.66 aq:8.38 tex:382199 mv:25116 misc:2045 imb:618 pmb:2357 smb:625 d:- ref:0 ;
in:136 out:136 type:B dur:2 cpbdur:2 q:17.65 aq:11.76 tex:103001 mv:19548 misc:3019 imb:28 pmb:2155 smb:1417 d:- ref:0 ;
in:135 out:137 type:b dur:2 cpbdur:2 q:17.65 aq:13.36 tex:70826 mv:18118 misc:2944 imb:54 pmb:2378 smb:1168 d:- ref:0 ;
in:137 out:138 type:b dur:2 cpbdur:2 q:17.66 aq:14.12 tex:10328 mv:3681 misc:2943 imb:8 pmb:981 smb:2611 d:- ref:0 ;
in:141 out:139 type:P dur:2 cpbdur:2 q:17.68 aq:7.90 tex:418434 mv:25443 misc:2099 imb:585 pmb:2359 smb:656 d:- ref:0 ;
in:139 out:140 type:B dur:2 cpbdur:2 q:17.67 aq:12.64 tex:96614 mv:21034 misc:3056 imb:67 pmb:2085 smb:1448 d:- ref:0 ;
in:140 out:141 type:b dur:2 cpbdur:2 q:17.67 aq:13.67 tex:34223 mv:12399 misc:2858 imb:26 pmb:1129 smb:2445 d:- ref:0 ;
in:145 out:142 type:P dur:2 cpbdur:2 q:17.78 aq:8.27 tex:337401 mv:24517 misc:2394 imb:529 pmb:2231 smb:840 d:- ref:0 ;
in:143 out:143 type:B dur:2 cpbdur:2 q:17.73 aq:12.21 tex:54734 mv:15178 misc:3168 imb:27 pmb:1491 smb:2082 d:- ref:0 ;
in:142 out:144 type:b dur:2 cpbdur:2 q:17.70 aq:14.19 tex:4590 mv:2823 misc:2547 imb:3 pmb:753 smb:2844 d:- ref:0 ;
in:144 out:145 type:b dur:2 cpbdur:2 q:17.75 aq:14.69 tex:30489 mv:10418 misc:2349 imb:17 pmb:912 smb:2671 d:- ref:0 ;
in:149 out:146 type:P dur:2 cpbdur:2 q:17.77 aq:8.42 tex:338388 mv:25104 misc:2452 imb:571 pmb:2201 smb:828 d:- ref:0 ;
in:147 out:147 type:B dur:2 cpbdur:2 q:17.77 aq:11.56 tex:87265 mv:17143 misc:3128 imb:58 pmb:1588 smb:1954 d:- ref:0 ;
in:146 out:148 type:b dur:2 cpbdur:2 q:17.78 aq:12.83 tex:4948 mv:2688 misc:2612 imb:8 pmb:692 smb:2900 d:- ref:0 ;
in:148 out:149 type:b dur:2 cpbdur:2 q:17.77 aq:14.29 tex:38240 mv:11607 misc:2657 imb:22 pmb:1021 smb:2557 d:- ref:0 ;
in:151 out:150 type:P dur:2 cpbdur:2 q:17.71 aq:8.12 tex:410390 mv:24302 misc:2340 imb:486 pmb:2199 smb:915 d:- ref:0 ;
in:150 out:151 type:b dur:2 cpbdur:2 q:17.74 aq:14.10 tex:52847 mv:12802 misc:2911 imb:31 pmb:1208 smb:2361 d:- ref:0 ;
in:155 out:152 type:P dur:2 cpbdur:2 q:17.68 aq:8.51 tex:380402 mv:24152 misc:2470 imb:482 pmb:2188 smb:930 d:- ref:0 ;
in:153 out:153 type:B dur:2 cpbdur:2 q:17.69 aq:12.17 tex:74329 mv:16205 misc:3026 imb:34 pmb:1428 smb:2138 d:- ref:0 ;
in:152 out:154 type:b dur:2 cpbdur:2 q:17.70 aq:13.10 tex:4029 mv:2781 misc:2598 imb:5 pmb:720 smb:2875 d:- ref:0 ;
in:154 out:155 type:b dur:2 cpbdur:2 q:17.68 aq:14.77 tex:45669 mv:11465 misc:2418 imb:14 pmb:1000 smb:2586 d:- ref:0 ;
in:159 out:156 type:P dur:2 cpbdur:2 q:17.85 aq:8.90 tex:398067 mv:26095 misc:2342 imb:547 pmb:2305 smb:748 d:- ref:0 ;
in:157 out:157 type:B dur:2 cpbdur:2 q:17.76 aq:11.72 tex:129490 mv:18003 misc:3003 imb:55 pmb:1558 smb:1987 d:- ref:0 ;
in:156 out:158 type:b dur:2 cpbdur:2 q:17.72 aq:13.33 tex:5099 mv:2463 misc:2678 imb:8 pmb:700 smb:2892 d:- ref:0 ;
in:158 out:159 type:b dur:2 cpbdur:2 q:17.80 aq:14.58 tex:68970 mv:12549 misc:2537 imb:12 pmb:1114 smb:2474 d:- ref:0 ;
in:161 out:160 type:P dur:2 cpbdur:2 q:17.88 aq:8.89 tex:425037 mv:23653 misc:2270 imb:439 pmb:2300 smb:861 d:- ref:0 ;
in:160 out:161 type:b dur:2 cpbdur:2 q:17.86 aq:14.45 tex:69416 mv:13128 misc:2760 imb:34 pmb:1144 smb:2422 d:- ref:0 ;
in:165 out:162 type:P dur:2 cpbdur:2 q:17.86 aq:9.30 tex:426196 mv:26247 misc:2237 imb:519 pmb:2376 smb:705 d:- ref:0 ;
in:163 out:163 type:B dur:2 cpbdur:2 q:17.87 aq:13.18 tex:120744 mv:18016 misc:3256 imb:68 pmb:1628 smb:1904 d:- ref:0 ;
in:162 out:164 type:b dur:2 cpbdur:2 q:17.88 aq:13.65 tex:4562 mv:2596 misc:2738 imb:9 pmb:757 smb:2834 d:- ref:0 ;
in:164 out:165 type:b dur:2 cpbdur:2 q:17.87 aq:15.57 tex:71089 mv:13206 misc:2601 imb:26 pmb:1188 smb:2386 d:- ref:0 ;
in:169 out:166 type:P dur:2 cpbdur:2 q:18.13 aq:9.98 tex:428352 mv:26750 misc:2114 imb:574 pmb:2322 smb:704 d:- ref:0 ;
in:167 out:167 type:B dur:2 cpbdur:2 q:18.00 aq:12.42 tex:179312 mv:20008 misc:3088 imb:59 pmb:1815 smb:1726 d:- ref:0 ;
in:166 out:168 type:b dur:2 cpbdur:2 q:17.93 aq:13.64 tex:4464 mv:2157 misc:2619 imb:3 pmb:693 smb:2904 d:- ref:0 ;
in:168 out:169 type:b dur:2 cpbdur:2 q:18.07 aq:15.51 tex:96861 mv:14404 misc:2655 imb:23 pmb:1273 smb:2304 d:- ref:0 ;
in:171 out:170 type:P dur:2 cpbdur:2 q:18.24 aq:9.93 tex:439652 mv:24213 misc:2143 imb:459 pmb:2369 smb:772 d:- ref:0 ;
in:170 out:171 type:b dur:2 cpbdur:2 q:18.19 aq:14.81 tex:90349 mv:14568 misc:2795 imb:27 pmb:1337 smb:2236 d:- ref:0 ;
in:175 out:172 type:P dur:2 cpbdur:2 q:18.24 aq:10.62 tex:444692 mv:25730 misc:2170 imb:625 pmb:2246 smb:729 d:- ref:0 ;
in:173 out:173 type:B dur:2 cpbdur:2 q:18.24 aq:14.16 tex:149467 mv:20498 misc:3019 imb:53 pmb:1688 smb:1859 d:- ref:0 ;
in:172 out:174 type:b dur:2 cpbdur:2 q:18.24 aq:15.54 tex:5439 mv:3084 misc:2813 imb:2 pmb:805 smb:2793 d:- ref:0 ;
in:174 out:175 type:b dur:2 cpbdur:2 q:18.24 aq:16.38 tex:86482 mv:14818 misc:2764 imb:22 pmb:1351 smb:2227 d:- ref:0 ;
in:179 out:176 type:P dur:2 cpbdur:2 q:18.57 aq:12.18 tex:411943 mv:25876 misc:2389 imb:688 pmb:2110 smb:802 d:- ref:0 ;
in:177 out:177 type:B dur:2 cpbdur:2 q:18.41 aq:13.28 tex:220112 mv:21407 misc:3017 imb:56 pmb:1867 smb:1677 d:- ref:0 ;
in:176 out:178 type:b dur:2 cpbdur:2 q:18.33 aq:14.61 tex:4468 mv:2158 misc:2446 imb:0 pmb:620 smb:2980 d:- ref:0 ;
in:178 out:179 type:b dur:2 cpbdur:2 q:18.49 aq:16.55 tex:131339 mv:16784 misc:2789 imb:30 pmb:1447 smb:2123 d:- ref:0 ;
in:181 out:180 type:P dur:2 cpbdur:2 q:18.71 aq:12.59 tex:480361 mv:32161 misc:1294 imb:1272 pmb:2162 smb:166 d:- ref:0 w:6,61,2,7,122,6,119,7 ;
in:180 out:181 type:b dur:2 cpbdur:2 q:18.64 aq:15.52 tex:126450 mv:18575 misc:3247 imb:62 pmb:1946 smb:1592 d:- ref:0 ;
in:182 out:182 type:P dur:2 cpbdur:2 q:18.76 aq:12.18 tex:141654 mv:16549 misc:3109 imb:634 pmb:1630 smb:1336 d:- ref:0 w:5,31,1,7,117,12,120,7 ;
in:186 out:183 type:P dur:2 cpbdur:2 q:18.90 aq:12.97 tex:706139 mv:35160 misc:541 imb:2279 pmb:1319 smb:2 d:- ref:0 w:6,55,8,7,95,36,124,1 ;
in:184 out:184 type:B dur:2 cpbdur:2 q:18.83 aq:13.40 tex:210231 mv:26321 misc:3056 imb:168 pmb:1945 smb:1487 d:- ref:0 ;
in:183 out:185 type:b dur:2 cpbdur:2 q:18.80 aq:14.76 tex:109384 mv:17123 misc:3221 imb:98 pmb:1507 smb:1995 d:- ref:0 ;
in:185 out:186 type:b dur:2 cpbdur:2 q:18.87 aq:15.01 tex:79542 mv:18130 misc:3176 imb:54 pmb:1576 smb:1970 d:- ref:0 ;
in:187 out:187 type:P dur:2 cpbdur:2 q:19.37 aq:13.47 tex:173394 mv:22517 misc:2113 imb:508 pmb:2620 smb:472 d:- ref:0 w:7,127,0,4,16,1,17,-9 ;
in:191 out:188 type:P dur:2 cpbdur:2 q:19.39 aq:12.72 tex:648560 mv:32828 misc:540 imb:2556 pmb:1029 smb:15 d:- ref:0 ;
in:189 out:189 type:B dur:2 cpbdur:2 q:19.38 aq:14.00 tex:141778 mv:21482 misc:3172 imb:152 pmb:1721 smb:1727 d:- ref:0 ;
in:188 out:190 type:b dur:2 cpbdur:2 q:19.38 aq:15.32 tex:59836 mv:16262 misc:3422 imb:76 pmb:1478 smb:2046 d:- ref:0 ;
in:190 out:191 type:b dur:2 cpbdur:2 q:19.39 aq:15.27 tex:34784 mv:12603 misc:3301 imb:45 pmb:1176 smb:2379 d:- ref:0 ;
in:194 out:192 type:P dur:2 cpbdur:2 q:19.73 aq:12.24 tex:517485 mv:33404 misc:615 imb:2029 pmb:1562 smb:9 d:- ref:0 w:3,9,-4,5,39,-28,41,-35 ;
in:192 out:193 type:B dur:2 cpbdur:2 q:19.50 aq:14.03 tex:20727 mv:5940 misc:3061 imb:27 pmb:955 smb:2618 d:- ref:0 ;
in:193 out:194 type:b dur:2 cpbdur:2 q:19.61 aq:14.90 tex:25963 mv:10290 misc:3123 imb:42 pmb:1042 smb:2516 d:- ref:0 ;
in:196 out:195 type:P dur:2 cpbdur:2 q:19.88 aq:10.54 tex:396063 mv:31159 misc:1042 imb:1195 pmb:2306 smb:99 d:- ref:0 w:6,67,-1,5,34,-8,35,-11 ;
in:195 out:196 type:b dur:2 cpbdur:2 q:19.80 aq:15.18 tex:21354 mv:11163 misc:3347 imb:29 pmb:1476 smb:2095 d:- ref:0 ;
in:200 out:197 type:P dur:2 cpbdur:2 q:19.79 aq:10.99 tex:263173 mv:23735 misc:2452 imb:367 pmb:2530 smb:703 d:- ref:0 ;
in:198 out:198 type:B dur:2 cpbdur:2 q:19.84 aq:14.25 tex:34165 mv:13910 misc:3397 imb:23 pmb:1549 smb:2028 d:- ref:0 ;
in:197 out:199 type:b dur:2 cpbdur:2 q:19.86 aq:14.82 tex:4335 mv:2598 misc:2731 imb:3 pmb:769 smb:2828 d:- ref:0 ;
in:199 out:200 type:b dur:2 cpbdur:2 q:19.81 aq:15.76 tex:14603 mv:8345 misc:2676 imb:12 pmb:934 smb:2654 d:- ref:0 ;
in:204 out:201 type:P dur:2 cpbdur:2 q:19.86 aq:11.29 tex:307888 mv:25611 misc:2269 imb:489 pmb:2475 smb:636 d:- ref:0 ;
in:202 out:202 type:B dur:2 cpbdur:2 q:19.83 aq:13.58 tex:59050 mv:15764 misc:3362 imb:47 pmb:1592 smb:1961 d:- ref:0 ;
in:201 out:203 type:b dur:2 cpbdur:2 q:19.81 aq:14.88 tex:3356 mv:2058 misc:2562 imb:4 pmb:678 smb:2918 d:- ref:0 ;
in:203 out:204 type:b dur:2 cpbdur:2 q:19.85 aq:15.50 tex:18368 mv:8997 misc:2803 imb:18 pmb:998 smb:2584 d:- ref:0 ;
in:206 out:205 type:P dur:2 cpbdur:2 q:19.76 aq:10.74 tex:261638 mv:24337 misc:2265 imb:405 pmb:2635 smb:560 d:- ref:0 ;
in:205 out:206 type:b dur:2 cpbdur:2 q:19.81 aq:15.19 tex:18783 mv:9581 misc:2972 imb:14 pmb:1119 smb:2467 d:- ref:0 ;
in:210 out:207 type:P dur:2 cpbdur:2 q:19.66 aq:10.93 tex:301017 mv:26227 misc:2052 imb:488 pmb:2643 smb:469 d:- ref:0 ;
in:208 out:208 type:B dur:2 cpbdur:2 q:19.71 aq:13.84 tex:49024 mv:16178 misc:3462 imb:46 pmb:1789 smb:1765 d:- ref:0 ;
in:207 out:209 type:b dur:2 cpbdur:2 q:19.73 aq:14.89 tex:6444 mv:3893 misc:3007 imb:7 pmb:930 smb:2663 d:- ref:0 ;
in:209 out:210 type:b dur:2 cpbdur:2 q:19.68 aq:15.55 tex:19735 mv:9898 misc:2831 imb:16 pmb:1092 smb:2492 d:- ref:0 ;
in:214 out:211 type:P dur:2 cpbdur:2 q:19.67 aq:11.27 tex:307284 mv:27064 misc:2132 imb:567 pmb:2538 smb:495 d:- ref:0 ;
in:212 out:212 type:B dur:2 cpbdur:2 q:19.66 aq:13.27 tex:73433 mv:17322 misc:3357 imb:56 pmb:1986 smb:1558 d:- ref:0 ;
in:211 out:213 type:b dur:2 cpbdur:2 q:19.66 aq:14.07 tex:6223 mv:3389 misc:2932 imb:6 pmb:854 smb:2740 d:- ref:0 ;
in:213 out:214 type:b dur:2 cpbdur:2 q:19.66 aq:15.27 tex:18505 mv:9550 misc:2921 imb:10 pmb:1034 smb:2556 d:- ref:0 ;
in:216 out:215 type:P dur:2 cpbdur:2 q:19.59 aq:10.98 tex:274000 mv:23857 misc:2215 imb:422 pmb:2583 smb:595 d:- ref:0 ;
in:215 out:216 type:b dur:2 cpbdur:2 q:19.63 aq:14.98 tex:21207 mv:10575 misc:3058 imb:16 pmb:1212 smb:2372 d:- ref:0 ;
in:220 out:217 type:P dur:2 cpbdur:2 q:19.51 aq:11.52 tex:295736 mv:25360 misc:2120 imb:490 pmb:2523 smb:587 d:- ref:0 ;
in:218 out:218 type:B dur:2 cpbdur:2 q:19.55 aq:14.18 tex:40735 mv:15606 misc:3403 imb:37 pmb:1590 smb:1973 d:- ref:0 ;
in:217 out:219 type:b dur:2 cpbdur:2 q:19.57 aq:14.68 tex:6762 mv:3886 misc:3088 imb:7 pmb:1006 smb:2587 d:- ref:0 ;
in:219 out:220 type:b dur:2 cpbdur:2 q:19.53 aq:15.21 tex:17473 mv:9849 misc:3038 imb:13 pmb:1166 smb:2421 d:- ref:0 ;
in:222 out:221 type:P dur:2 cpbdur:2 q:19.53 aq:11.55 tex:182910 mv:20939 misc:2695 imb:363 pmb:2530 smb:707 d:- ref:0 ;
in:221 out:222 type:b dur:2 cpbdur:2 q:19.52 aq:14.48 tex:7330 mv:3648 misc:2934 imb:6 pmb:885 smb:2709 d:- ref:0 ;
in:224 out:223 type:P dur:2 cpbdur:2 q:19.41 aq:11.39 tex:301508 mv:23578 misc:2306 imb:448 pmb:2467 smb:685 d:- ref:0 ;
in:223 out:224 type:b dur:2 cpbdur:2 q:19.47 aq:15.57 tex:23840 mv:10215 misc:2937 imb:16 pmb:1146 smb:2438 d:- ref:0 ;
in:226 out:225 type:P dur:2 cpbdur:2 q:19.41 aq:10.75 tex:313590 mv:26094 misc:1860 imb:525 pmb:2634 smb:441 d:- ref:0 ;
in:225 out:226 type:b dur:2 cpbdur:2 q:19.41 aq:15.25 tex:23531 mv:10940 misc:3193 imb:23 pmb:1266 smb:2311 d:- ref:0 ;
in:230 out:227 type:P dur:2 cpbdur:2 q:19.45 aq:11.17 tex:319193 mv:27555 misc:1868 imb:608 pmb:2586 smb:406 d:- ref:0 ;
in:228 out:228 type:B dur:2 cpbdur:2 q:19.43 aq:13.47 tex:46823 mv:16954 misc:3479 imb:52 pmb:1849 smb:1699 d:- ref:0 ;
in:227 out:229 type:b dur:2 cpbdur:2 q:19.42 aq:14.60 tex:6272 mv:3796 misc:2948 imb:6 pmb:948 smb:2646 d:- ref:0 ;
in:229 out:230 type:b dur:2 cpbdur:2 q:19.44 aq:15.40 tex:21395 mv:10834 misc:3067 imb:8 pmb:1198 smb:2394 d:- ref:0 ;
in:234 out:231 type:P dur:2 cpbdur:2 q:19.49 aq:11.52 tex:360778 mv:30081 misc:1709 imb:771 pmb:2497 smb:332 d:- ref:0 ;
in:232 out:232 type:B dur:2 cpbdur:2 q:19.47 aq:13.05 tex:83052 mv:19613 misc:3359 imb:75 pmb:2081 smb:1444 d:- ref:0 ;
in:231 out:233 type:b dur:2 cpbdur:2 q:19.46 aq:14.15 tex:5932 mv:3010 misc:2898 imb:4 pmb:860 smb:2736 d:- ref:0 ;
in:233 out:234 type:b dur:2 cpbdur:2 q:19.48 aq:15.46 tex:23463 mv:11339 misc:3238 imb:18 pmb:1238 smb:2344 d:- ref:0 ;
in:236 out:235 type:P dur:2 cpbdur:2 q:19.47 aq:11.02 tex:294731 mv:24929 misc:2012 imb:462 pmb:2673 smb:465 d:- ref:0 ;
in:235 out:236 type:b dur:2 cpbdur:2 q:19.48 aq:15.31 tex:23338 mv:11960 misc:3246 imb:36 pmb:1320 smb:2244 d:- ref:0 ;
in:240 out:237 type:P dur:2 cpbdur:2 q:19.40 aq:11.49 tex:329620 mv:27529 misc:1963 imb:603 pmb:2574 smb:423 d:- ref:0 ;
in:238 out:238 type:B dur:2 cpbdur:2 q:19.43 aq:14.20 tex:46071 mv:16535 misc:3426 imb:36 pmb:1667 smb:1897 d:- ref:0 ;
in:237 out:239 type:b dur:2 cpbdur:2 q:19.45 aq:14.72 tex:6601 mv:3937 misc:3094 imb:6 pmb:1027 smb:2567 d:- ref:0 ;
in:239 out:240 type:b dur:2 cpbdur:2 q:19.41 aq:15.88 tex:22112 mv:11500 misc:2996 imb:8 pmb:1280 smb:2312 d:- ref:0 ;
in:244 out:241 type:P dur:2 cpbdur:2 q:19.44 aq:11.94 tex:346420 mv:29150 misc:1878 imb:734 pmb:2474 smb:392 d:- ref:0 ;
in:242 out:242 type:B dur:2 cpbdur:2 q:19.42 aq:13.50 tex:77087 mv:18707 misc:3310 imb:45 pmb:1745 smb:1810 d:- ref:0 ;
in:241 out:243 type:b dur:2 cpbdur:2 q:19.41 aq:14.76 tex:5224 mv:2646 misc:2794 imb:5 pmb:794 smb:2801 d:- ref:0 ;
in:243 out:244 type:b dur:2 cpbdur:2 q:19.43 aq:15.55 tex:26017 mv:12299 misc:3116 imb:17 pmb:1356 smb:2227 d:- ref:0 ;
in:246 out:245 type:P dur:2 cpbdur:2 q:19.40 aq:11.68 tex:289371 mv:27526 misc:1903 imb:548 pmb:2645 smb:407 d:- ref:0 ;
in:245 out:246 type:b dur:2 cpbdur:2 q:19.42 aq:15.26 tex:27266 mv:12901 misc:3265 imb:23 pmb:1436 smb:2141 d:- ref:0 ;
in:249 out:247 type:P dur:2 cpbdur:2 q:19.34 aq:13.04 tex:168621 mv:22400 misc:2771 imb:418 pmb:2296 smb:886 d:- ref:0 ;
in:247 out:248 type:B dur:2 cpbdur:2 q:19.38 aq:14.44 tex:12195 mv:5262 misc:3263 imb:9 pmb:1159 smb:2432 d:- ref:0 ;
in:248 out:249 type:b dur:2 cpbdur:2 q:19.36 aq:15.11 tex:29729 mv:12615 misc:3336 imb:22 pmb:1458 smb:2120 d:- ref:0 ;
in:250 out:250 type:I dur:2 cpbdur:2 q:16.51 aq:8.91 tex:787569 mv:102869 misc:618 imb:3600 pmb:0 smb:0 d:- ref:;
in:254 out:251 type:P dur:2 cpbdur:2 q:19.70 aq:11.95 tex:268590 mv:26831 misc:2395 imb:600 pmb:2397 smb:603 d:- ref:0 ;
in:252 out:252 type:B dur:2 cpbdur:2 q:19.70 aq:16.08 tex:31253 mv:13920 misc:3619 imb:25 pmb:1698 smb:1877 d:- ref:0 ;
in:251 out:253 type:b dur:2 cpbdur:2 q:19.70 aq:15.53 tex:5870 mv:3420 misc:2662 imb:4 pmb:768 smb:2828 d:- ref:0 ;
in:253 out:254 type:b dur:2 cpbdur:2 q:19.70 aq:16.00 tex:27647 mv:12965 misc:3092 imb:22 pmb:1278 smb:2300 d:- ref:0 ;
in:256 out:255 type:P dur:2 cpbdur:2 q:19.58 aq:11.24 tex:266216 mv:25917 misc:2291 imb:453 pmb:2613 smb:534 d:- ref:0 ;
in:255 out:256 type:b dur:2 cpbdur:2 q:19.64 aq:16.06 tex:24829 mv:12877 misc:3286 imb:16 pmb:1427 smb:2157 d:- ref:0 ;
in:260 out:257 type:P dur:2 cpbdur:2 q:19.51 aq:11.68 tex:313995 mv:27605 misc:2088 imb:585 pmb:2564 smb:451 d:- ref:0 ;
in:258 out:258 type:B dur:2 cpbdur:2 q:19.54 aq:14.79 tex:48775 mv:17724 misc:3397 imb:29 pmb:1758 smb:1813 d:- ref:0 ;
in:257 out:259 type:b dur:2 cpbdur:2 q:19.56 aq:14.94 tex:5845 mv:3218 misc:3113 imb:4 pmb:1004 smb:2592 d:- ref:0 ;
in:259 out:260 type:b dur:2 cpbdur:2 q:19.53 aq:15.70 tex:25994 mv:12179 misc:3091 imb:7 pmb:1354 smb:2239 d:- ref:0 ;
in:264 out:261 type:P dur:2 cpbdur:2 q:19.60 aq:11.97 tex:343268 mv:28916 misc:1952 imb:761 pmb:2428 smb:411 d:- ref:0 ;
in:262 out:262 type:B dur:2 cpbdur:2 q:19.55 aq:13.65 tex:83935 mv:19885 misc:3276 imb:55 pmb:1875 smb:1670 d:- ref:0 ;
in:261 out:263 type:b dur:2 cpbdur:2 q:19.53 aq:15.49 tex:4732 mv:2719 misc:2733 imb:2 pmb:768 smb:2830 d:- ref:0 ;
in:263 out:264 type:b dur:2 cpbdur:2 q:19.57 aq:16.20 tex:32136 mv:13967 misc:3105 imb:17 pmb:1423 smb:2160 d:- ref:0 ;
in:266 out:265 type:P dur:2 cpbdur:2 q:19.51 aq:11.41 tex:301606 mv:28964 misc:1638 imb:576 pmb:2725 smb:299 d:- ref:0 ;
in:265 out:266 type:b dur:2 cpbdur:2 q:19.55 aq:15.77 tex:27317 mv:13930 misc:3353 imb:29 pmb:1502 smb:2069 d:- ref:0 ;
in:270 out:267 type:P dur:2 cpbdur:2 q:19.45 aq:11.72 tex:327811 mv:29246 misc:1599 imb:753 pmb:2540 smb:307 d:- ref:0 ;
in:268 out:268 type:B dur:2 cpbdur:2 q:19.48 aq:14.22 tex:57696 mv:20473 misc:3415 imb:61 pmb:2061 smb:1478 d:- ref:0 ;
in:267 out:269 type:b dur:2 cpbdur:2 q:19.50 aq:15.13 tex:6718 mv:4273 misc:3241 imb:5 pmb:1126 smb:2469 d:- ref:0 ;
in:269 out:270 type:b dur:2 cpbdur:2 q:19.47 aq:16.07 tex:24384 mv:12235 misc:3085 imb:26 pmb:1270 smb:2304 d:- ref:0 ;
in:274 out:271 type:P dur:2 cpbdur:2 q:19.50 aq:12.07 tex:343560 mv:30876 misc:1628 imb:858 pmb:2455 smb:287 d:- ref:0 ;
in:272 out:272 type:B dur:2 cpbdur:2 q:19.48 aq:13.52 tex:93027 mv:22548 misc:3233 imb:97 pmb:2223 smb:1280 d:- ref:0 ;
in:271 out:273 type:b dur:2 cpbdur:2 q:19.46 aq:14.87 tex:6808 mv:3576 misc:3032 imb:6 pmb:917 smb:2677 d:- ref:0 ;
in:273 out:274 type:b dur:2 cpbdur:2 q:19.49 aq:16.04 tex:31070 mv:14263 misc:3067 imb:29 pmb:1372 smb:2199 d:- ref:0 ;
in:276 out:275 type:P dur:2 cpbdur:2 q:19.48 aq:11.55 tex:285557 mv:26284 misc:1935 imb:593 pmb:2593 smb:414 d:- ref:0 ;
in:275 out:276 type:b dur:2 cpbdur:2 q:19.49 aq:15.72 tex:28768 mv:14638 misc:3258 imb:23 pmb:1547 smb:2030 d:- ref:0 ;
in:280 out:277 type:P dur:2 cpbdur:2 q:19.42 aq:12.29 tex:304384 mv:28150 misc:2018 imb:650 pmb:2497 smb:453 d:- ref:0 ;
in:278 out:278 type:B dur:2 cpbdur:2 q:19.45 aq:14.34 tex:54724 mv:19606 misc:3270 imb:45 pmb:1812 smb:1743 d:- ref:0 ;
in:277 out:279 type:b dur:2 cpbdur:2 q:19.47 aq:15.42 tex:6670 mv:3847 misc:3171 imb:5 pmb:1059 smb:2536 d:- ref:0 ;
in:279 out:280 type:b dur:2 cpbdur:2 q:19.44 aq:16.16 tex:30804 mv:13599 misc:3053 imb:25 pmb:1400 smb:2175 d:- ref:0 ;
in:284 out:281 type:P dur:2 cpbdur:2 q:19.45 aq:13.21 tex:288540 mv:29386 misc:1962 imb:780 pmb:2372 smb:448 d:- ref:0 ;
in:282 out:282 type:B dur:2 cpbdur:2 q:19.44 aq:13.60 tex:93924 mv:22499 misc:3129 imb:83 pmb:1962 smb:1555 d:- ref:0 ;
in:281 out:283 type:b dur:2 cpbdur:2 q:19.43 aq:14.80 tex:4890 mv:2469 misc:2769 imb:3 pmb:785 smb:2812 d:- ref:0 ;
in:283 out:284 type:b dur:2 cpbdur:2 q:19.44 aq:15.52 tex:32658 mv:14255 misc:3015 imb:22 pmb:1412 smb:2166 d:- ref:0 ;
in:286 out:285 type:P dur:2 cpbdur:2 q:19.40 aq:13.09 tex:292159 mv:32972 misc:1061 imb:1201 pmb:2298 smb:101 d:- ref:0 w:7,123,1,7,122,6,119,8 ;
in:285 out:286 type:b dur:2 cpbdur:2 q:19.43 aq:15.82 tex:43969 mv:17789 misc:3410 imb:63 pmb:1903 smb:1634 d:- ref:0 ;
in:290 out:287 type:P dur:2 cpbdur:2 q:19.35 aq:12.87 tex:524847 mv:33545 misc:688 imb:2156 pmb:1415 smb:29 d:- ref:0 w:7,115,1,7,99,30,94,33 ;
in:288 out:288 type:B dur:2 cpbdur:2 q:19.38 aq:13.61 tex:95469 mv:18130 misc:3049 imb:313 pmb:1297 smb:1990 d:- ref:0 ;
in:287 out:289 type:b dur:2 cpbdur:2 q:19.39 aq:15.09 tex:28482 mv:9777 misc:3013 imb:80 pmb:1082 smb:2438 d:- ref:0 ;
in:289 out:290 type:b dur:2 cpbdur:2 q:19.36 aq:14.93 tex:46645 mv:16618 misc:3105 imb:188 pmb:1347 smb:2065 d:- ref:0 ;
in:294 out:291 type:P dur:2 cpbdur:2 q:19.54 aq:12.70 tex:573559 mv:33811 misc:462 imb:2550 pmb:1045 smb:5 d:- ref:0 ;
in:292 out:292 type:B dur:2 cpbdur:2 q:19.45 aq:12.96 tex:93466 mv:18230 misc:3240 imb:353 pmb:1354 smb:1893 d:- ref:0 ;
in:291 out:293 type:b dur:2 cpbdur:2 q:19.40 aq:14.62 tex:37555 mv:12992 misc:3173 imb:186 pmb:1153 smb:2261 d:- ref:0 ;
in:293 out:294 type:b dur:2 cpbdur:2 q:19.50 aq:14.29 tex:48140 mv:17967 misc:3085 imb:327 pmb:1299 smb:1974 d:- ref:0 ;
in:296 out:295 type:P dur:2 cpbdur:2 q:19.66 aq:12.27 tex:411906 mv:32565 misc:601 imb:1774 pmb:1817 smb:9 d:- ref:0 w:4,17,-4,6,66,-5,73,-14 ;
in:295 out:296 type:b dur:2 cpbdur:2 q:19.60 aq:14.31 tex:33373 mv:11850 misc:3201 imb:166 pmb:1044 smb:2390 d:- ref:0 ;
in:298 out:297 type:P dur:2 cpbdur:2 q:19.65 aq:11.55 tex:465738 mv:30419 misc:707 imb:1956 pmb:1616 smb:28 d:- ref:0 w:6,69,-5,6,70,-14,75,-18 ;
in:297 out:298 type:b dur:2 cpbdur:2 q:19.66 aq:13.37 tex:26273 mv:9425 misc:3206 imb:200 pmb:1002 smb:2398 d:- ref:0 ;
in:300 out:299 type:P dur:2 cpbdur:2 q:19.75 aq:8.88 tex:448099 mv:29203 misc:722 imb:1980 pmb:1571 smb:49 d:- ref:0 w:5,35,-5,6,72,-18,75,-18 ;
in:299 out:300 type:b dur:2 cpbdur:2 q:19.70 aq:13.54 tex:47984 mv:16038 misc:3186 imb:309 pmb:1551 smb:1740 d:- ref:0 ;
in:304 out:301 type:P dur:2 cpbdur:2 q:19.88 aq:9.65 tex:223508 mv:19386 misc:2930 imb:616 pmb:1861 smb:1123 d:- ref:0 ;
in:302 out:302 type:B dur:2 cpbdur:2 q:19.81 aq:12.94 tex:54547 mv:14002 misc:3283 imb:37 pmb:1458 smb:2105 d:- ref:0 ;
in:301 out:303 type:b dur:2 cpbdur:2 q:19.78 aq:13.45 tex:4678 mv:2817 misc:2841 imb:17 pmb:778 smb:2805 d:- ref:0 ;
in:303 out:304 type:b dur:2 cpbdur:2 q:19.84 aq:15.72 tex:22512 mv:9084 misc:2828 imb:18 pmb:968 smb:2614 d:- ref:0 ;
in:306 out:305 type:P dur:2 cpbdur:2 q:19.92 aq:9.49 tex:219053 mv:17422 misc:2877 imb:485 pmb:1787 smb:1328 d:- ref:0 ;
in:305 out:306 type:b dur:2 cpbdur:2 q:19.90 aq:14.89 tex:24406 mv:8814 misc:3036 imb:31 pmb:1044 smb:2525 d:- ref:0 ;
in:310 out:307 type:P dur:2 cpbdur:2 q:19.82 aq:9.19 tex:231541 mv:19222 misc:2885 imb:604 pmb:1795 smb:1201 d:- ref:0 ;
in:308 out:308 type:B dur:2 cpbdur:2 q:19.87 aq:13.44 tex:40919 mv:12001 misc:3320 imb:56 pmb:1327 smb:2217 d:- ref:0 ;
in:307 out:309 type:b dur:2 cpbdur:2 q:19.89 aq:14.04 tex:4005 mv:2460 misc:2671 imb:4 pmb:729 smb:2867 d:- ref:0 ;
in:309 out:310 type:b dur:2 cpbdur:2 q:19.85 aq:15.15 tex:24770 mv:8642 misc:3028 imb:27 pmb:1022 smb:2551 d:- ref:0 ;
in:314 out:311 type:P dur:2 cpbdur:2 q:19.78 aq:9.56 tex:237776 mv:19510 misc:2858 imb:590 pmb:1818 smb:1192 d:- ref:0 ;
in:312 out:312 type:B dur:2 cpbdur:2 q:19.80 aq:13.33 tex:60794 mv:12905 misc:3229 imb:38 pmb:1353 smb:2209 d:- ref:0 ;
in:311 out:313 type:b dur:2 cpbdur:2 q:19.81 aq:13.13 tex:5571 mv:2614 misc:2887 imb:15 pmb:780 smb:2805 d:- ref:0 ;
in:313 out:314 type:b dur:2 cpbdur:2 q:19.79 aq:15.34 tex:25195 mv:8972 misc:2865 imb:23 pmb:943 smb:2634 d:- ref:0 ;
in:316 out:315 type:P dur:2 cpbdur:2 q:19.68 aq:9.28 tex:228868 mv:17694 misc:2782 imb:501 pmb:1800 smb:1299 d:- ref:0 ;
in:315 out:316 type:b dur:2 cpbdur:2 q:19.73 aq:14.65 tex:26154 mv:9572 misc:3106 imb:36 pmb:1086 smb:2478 d:- ref:0 ;
in:320 out:317 type:P dur:2 cpbdur:2 q:19.60 aq:9.19 tex:262220 mv:20191 misc:2677 imb:603 pmb:1844 smb:1153 d:- ref:0 ;
in:318 out:318 type:B dur:2 cpbdur:2 q:19.64 aq:13.22 tex:48004 mv:12815 misc:3317 imb:60 pmb:1378 smb:2162 d:- ref:0 ;
in:317 out:319 type:b dur:2 cpbdur:2 q:19.66 aq:12.87 tex:4054 mv:2872 misc:2674 imb:10 pmb:753 smb:2837 d:- ref:0 ;
in:319 out:320 type:b dur:2 cpbdur:2 q:19.62 aq:15.15 tex:27827 mv:9653 misc:3088 imb:34 pmb:1110 smb:2456 d:- ref:0 ;
in:324 out:321 type:P dur:2 cpbdur:2 q:19.58 aq:9.50 tex:266813 mv:19726 misc:2685 imb:555 pmb:1808 smb:1237 d:- ref:0 ;
in:322 out:322 type:B dur:2 cpbdur:2 q:19.59 aq:13.30 tex:63866 mv:13159 misc:3207 imb:45 pmb:1435 smb:2120 d:- ref:0 ;
in:321 out:323 type:b dur:2 cpbdur:2 q:19.60 aq:13.49 tex:5595 mv:3673 misc:3028 imb:14 pmb:933 smb:2653 d:- ref:0 ;
in:323 out:324 type:b dur:2 cpbdur:2 q:19.59 aq:15.39 tex:26358 mv:9364 misc:2782 imb:28 pmb:948 smb:2624 d:- ref:0 ;
in:326 out:325 type:P dur:2 cpbdur:2 q:19.51 aq:9.18 tex:249360 mv:18326 misc:2698 imb:474 pmb:1845 smb:1281 d:- ref:0 ;
in:325 out:326 type:b dur:2 cpbdur:2 q:19.55 aq:14.89 tex:26785 mv:10391 misc:3192 imb:44 pmb:1168 smb:2388 d:- ref:0 ;
in:330 out:327 type:P dur:2 cpbdur:2 q:19.44 aq:9.15 tex:272383 mv:20223 misc:2642 imb:703 pmb:1817 smb:1080 d:- ref:0 ;
in:328 out:328 type:B dur:2 cpbdur:2 q:19.47 aq:13.18 tex:48959 mv:13918 misc:3299 imb:42 pmb:1486 smb:2072 d:- ref:0 ;
in:327 out:329 type:b dur:2 cpbdur:2 q:19.49 aq:13.03 tex:4959 mv:3572 misc:2749 imb:6 pmb:852 smb:2742 d:- ref:0 ;
in:329 out:330 type:b dur:2 cpbdur:2 q:19.46 aq:14.15 tex:30324 mv:10608 misc:3244 imb:47 pmb:1215 smb:2338 d:- ref:0 ;
in:334 out:331 type:P dur:2 cpbdur:2 q:19.42 aq:9.57 tex:270325 mv:20276 misc:2535 imb:628 pmb:1808 smb:1164 d:- ref:0 ;
in:332 out:332 type:B dur:2 cpbdur:2 q:19.43 aq:12.86 tex:71025 mv:15243 misc:3212 imb:53 pmb:1584 smb:1963 d:- ref:0 ;
in:331 out:333 type:b dur:2 cpbdur:2 q:19.43 aq:11.92 tex:6016 mv:3397 misc:3075 imb:14 pmb:961 smb:2625 d:- ref:0 ;
in:333 out:334 type:b dur:2 cpbdur:2 q:19.43 aq:15.14 tex:29824 mv:10384 misc:2952 imb:32 pmb:1066 smb:2502 d:- ref:0 ;
in:336 out:335 type:P dur:2 cpbdur:2 q:19.35 aq:9.07 tex:258196 mv:19104 misc:2604 imb:564 pmb:1878 smb:1158 d:- ref:0 ;
in:335 out:336 type:b dur:2 cpbdur:2 q:19.39 aq:13.87 tex:32732 mv:12170 misc:3266 imb:45 pmb:1399 smb:2156 d:- ref:0 ;
in:340 out:337 type:P dur:2 cpbdur:2 q:19.30 aq:9.11 tex:286323 mv:21110 misc:2543 imb:779 pmb:1831 smb:990 d:- ref:0 ;
in:338 out:338 type:B dur:2 cpbdur:2 q:19.32 aq:13.07 tex:57034 mv:14918 misc:3368 imb:52 pmb:1636 smb:1912 d:- ref:0 ;
in:337 out:339 type:b dur:2 cpbdur:2 q:19.34 aq:14.03 tex:5944 mv:3776 misc:2944 imb:3 pmb:956 smb:2641 d:- ref:0 ;
in:339 out:340 type:b dur:2 cpbdur:2 q:19.31 aq:14.39 tex:36414 mv:11968 misc:3346 imb:47 pmb:1369 smb:2184 d:- ref:0 ;
in:344 out:341 type:P dur:2 cpbdur:2 q:19.30 aq:9.50 tex:274971 mv:21772 misc:2497 imb:719 pmb:1839 smb:1042 d:- ref:0 ;
in:342 out:342 type:B dur:2 cpbdur:2 q:19.30 aq:12.74 tex:79515 mv:15314 misc:3243 imb:52 pmb:1673 smb:1875 d:- ref:0 ;
in:341 out:343 type:b dur:2 cpbdur:2 q:19.30 aq:12.73 tex:9198 mv:4807 misc:3227 imb:21 pmb:1137 smb:2442 d:- ref:0 ;
in:343 out:344 type:b dur:2 cpbdur:2 q:19.30 aq:15.15 tex:36926 mv:11010 misc:3016 imb:32 pmb:1154 smb:2414 d:- ref:0 ;
in:346 out:345 type:P dur:2 cpbdur:2 q:19.24 aq:9.28 tex:295500 mv:19143 misc:2477 imb:558 pmb:1910 smb:1132 d:- ref:0 ;
in:345 out:346 type:b dur:2 cpbdur:2 q:19.27 aq:13.80 tex:39986 mv:12746 misc:3372 imb:59 pmb:1521 smb:2020 d:- ref:0 ;
in:350 out:347 type:P dur:2 cpbdur:2 q:19.19 aq:9.47 tex:330842 mv:22456 misc:2294 imb:842 pmb:1923 smb:835 d:- ref:0 ;
in:348 out:348 type:B dur:2 cpbdur:2 q:19.21 aq:12.76 tex:86103 mv:18224 misc:3161 imb:80 pmb:2067 smb:1453 d:- ref:0 ;
in:347 out:349 type:b dur:2 cpbdur:2 q:19.23 aq:12.74 tex:5425 mv:3718 misc:2833 imb:2 pmb:907 smb:2691 d:- ref:0 ;
in:349 out:350 type:b dur:2 cpbdur:2 q:19.20 aq:13.83 tex:52517 mv:14179 misc:3288 imb:57 pmb:1857 smb:1686 d:- ref:0 ;
in:354 out:351 type:P dur:2 cpbdur:2 q:19.24 aq:9.82 tex:333928 mv:22647 misc:2265 imb:843 pmb:1901 smb:856 d:- ref:0 ;
in:352 out:352 type:B dur:2 cpbdur:2 q:19.22 aq:12.64 tex:109591 mv:18065 misc:2920 imb:59 pmb:2071 smb:1470 d:- ref:0 ;
in:351 out:353 type:b dur:2 cpbdur:2 q:19.21 aq:12.78 tex:16748 mv:6382 misc:3486 imb:17 pmb:1533 smb:2050 d:- ref:0 ;
in:353 out:354 type:b dur:2 cpbdur:2 q:19.23 aq:14.52 tex:49257 mv:13202 misc:3125 imb:37 pmb:1526 smb:2037 d:- ref:0 ;
in:358 out:355 type:P dur:2 cpbdur:2 q:19.23 aq:9.55 tex:332836 mv:23035 misc:2297 imb:847 pmb:1914 smb:839 d:- ref:0 ;
in:356 out:356 type:B dur:2 cpbdur:2 q:19.24 aq:12.36 tex:108436 mv:18590 misc:3022 imb:52 pmb:2051 smb:1497 d:- ref:0 ;
in:355 out:357 type:b dur:2 cpbdur:2 q:19.24 aq:13.70 tex:72212 mv:16911 misc:3085 imb:87 pmb:2179 smb:1334 d:- ref:0 ;
in:357 out:358 type:b dur:2 cpbdur:2 q:19.24 aq:12.75 tex:7113 mv:2791 misc:2912 imb:7 pmb:883 smb:2710 d:- ref:0 ;
in:361 out:359 type:P dur:2 cpbdur:2 q:19.23 aq:8.95 tex:349513 mv:23448 misc:2175 imb:917 pmb:1948 smb:735 d:- ref:0 ;
in:359 out:360 type:B dur:2 cpbdur:2 q:19.23 aq:13.25 tex:83319 mv:18093 misc:3132 imb:74 pmb:2026 smb:1500 d:- ref:0 ;
in:360 out:361 type:b dur:2 cpbdur:2 q:19.23 aq:14.44 tex:35874 mv:11938 misc:3068 imb:43 pmb:1185 smb:2372 d:- ref:0 ;
in:365 out:362 type:P dur:2 cpbdur:2 q:19.24 aq:8.98 tex:298723 mv:21376 misc:2525 imb:802 pmb:1795 smb:1003 d:- ref:0 ;
in:363 out:363 type:B dur:2 cpbdur:2 q:19.24 aq:13.35 tex:53531 mv:14282 misc:3163 imb:43 pmb:1372 smb:2185 d:- ref:0 ;
in:362 out:364 type:b dur:2 cpbdur:2 q:19.23 aq:13.60 tex:5626 mv:3517 misc:2897 imb:6 pmb:938 smb:2656 d:- ref:0 ;
in:364 out:365 type:b dur:2 cpbdur:2 q:19.24 aq:14.85 tex:31524 mv:11097 misc:2915 imb:41 pmb:1080 smb:2479 d:- ref:0 ;
in:369 out:366 type:P dur:2 cpbdur:2 q:19.22 aq:9.08 tex:281400 mv:20534 misc:2658 imb:697 pmb:1724 smb:1179 d:- ref:0 ;
in:367 out:367 type:B dur:2 cpbdur:2 q:19.23 aq:12.51 tex:78868 mv:15860 misc:3168 imb:45 pmb:1470 smb:2085 d:- ref:0 ;
in:366 out:368 type:b dur:2 cpbdur:2 q:19.24 aq:12.76 tex:4645 mv:2302 misc:2621 imb:14 pmb:662 smb:2924 d:- ref:0 ;
in:368 out:369 type:b dur:2 cpbdur:2 q:19.23 aq:14.66 tex:30451 mv:11280 misc:2933 imb:33 pmb:1098 smb:2469 d:- ref:0 ;
in:371 out:370 type:P dur:2 cpbdur:2 q:19.16 aq:8.92 tex:276566 mv:20649 misc:2633 imb:711 pmb:1849 smb:1040 d:- ref:0 ;
in:370 out:371 type:b dur:2 cpbdur:2 q:19.19 aq:14.23 tex:36617 mv:11702 misc:3137 imb:42 pmb:1182 smb:2376 d:- ref:0 ;
in:375 out:372 type:P dur:2 cpbdur:2 q:19.11 aq:8.86 tex:305360 mv:22038 misc:2618 imb:776 pmb:1765 smb:1059 d:- ref:0 ;
in:373 out:373 type:B dur:2 cpbdur:2 q:19.14 aq:13.35 tex:52770 mv:13961 misc:3277 imb:40 pmb:1333 smb:2227 d:- ref:0 ;
in:372 out:374 type:b dur:2 cpbdur:2 q:19.15 aq:13.63 tex:6074 mv:3512 misc:2790 imb:8 pmb:843 smb:2749 d:- ref:0 ;
in:374 out:375 type:b dur:2 cpbdur:2 q:19.13 aq:14.99 tex:33406 mv:11259 misc:2799 imb:41 pmb:1060 smb:2499 d:- ref:0 ;
in:379 out:376 type:P dur:2 cpbdur:2 q:19.13 aq:9.07 tex:282560 mv:21458 misc:2622 imb:697 pmb:1807 smb:1096 d:- ref:0 ;
in:377 out:377 type:B dur:2 cpbdur:2 q:19.12 aq:12.30 tex:88214 mv:16582 misc:3164 imb:63 pmb:1496 smb:2041 d:- ref:0 ;
in:376 out:378 type:b dur:2 cpbdur:2 q:19.12 aq:11.97 tex:3611 mv:2016 misc:2493 imb:6 pmb:622 smb:2972 d:- ref:0 ;
in:378 out:379 type:b dur:2 cpbdur:2 q:19.12 aq:14.41 tex:38221 mv:11081 misc:2986 imb:26 pmb:1150 smb:2424 d:- ref:0 ;
in:381 out:380 type:P dur:2 cpbdur:2 q:19.07 aq:9.02 tex:275528 mv:20464 misc:2648 imb:719 pmb:1774 smb:1107 d:- ref:0 ;
in:380 out:381 type:b dur:2 cpbdur:2 q:19.10 aq:14.21 tex:39659 mv:12122 misc:3163 imb:47 pmb:1197 smb:2356 d:- ref:0 ;
in:385 out:382 type:P dur:2 cpbdur:2 q:19.03 aq:9.11 tex:266196 mv:20502 misc:2734 imb:726 pmb:1722 smb:1152 d:- ref:0 ;
in:383 out:383 type:B dur:2 cpbdur:2 q:19.05 aq:12.93 tex:61657 mv:14880 misc:3263 imb:55 pmb:1417 smb:2128 d:- ref:0 ;
in:382 out:384 type:b dur:2 cpbdur:2 q:19.06 aq:13.12 tex:5439 mv:3424 misc:2873 imb:6 pmb:871 smb:2723 d:- ref:0 ;
in:384 out:385 type:b dur:2 cpbdur:2 q:19.04 aq:15.04 tex:36417 mv:11185 misc:2942 imb:24 pmb:1149 smb:2427 d:- ref:0 ;
in:389 out:386 type:P dur:2 cpbdur:2 q:19.03 aq:10.38 tex:231778 mv:19191 misc:2783 imb:679 pmb:1607 smb:1314 d:- ref:0 ;
in:387 out:387 type:B dur:2 cpbdur:2 q:19.03 aq:12.32 tex:88776 mv:16894 misc:3210 imb:53 pmb:1587 smb:1960 d:- ref:0 ;
in:386 out:388 type:b dur:2 cpbdur:2 q:19.03 aq:12.83 tex:3928 mv:2285 misc:2523 imb:11 pmb:641 smb:2948 d:- ref:0 ;
in:388 out:389 type:b dur:2 cpbdur:2 q:19.03 aq:14.91 tex:39980 mv:12505 misc:2939 imb:42 pmb:1193 smb:2365 d:- ref:0 ;
in:391 out:390 type:P dur:2 cpbdur:2 q:18.95 aq:10.31 tex:274827 mv:26228 misc:1769 imb:1473 pmb:1784 smb:343 d:- ref:0 w:7,123,1,7,123,5,121,7 ;
in:390 out:391 type:b dur:2 cpbdur:2 q:18.99 aq:13.92 tex:49735 mv:15001 misc:3376 imb:84 pmb:1532 smb:1984 d:- ref:0 ;
in:392 out:392 type:P dur:2 cpbdur:2 q:18.91 aq:11.59 tex:159464 mv:12910 misc:2626 imb:449 pmb:1737 smb:1414 d:- ref:0 w:7,123,1,5,31,4,30,8 ;
in:394 out:393 type:P dur:2 cpbdur:2 q:18.94 aq:10.70 tex:480756 mv:28454 misc:518 imb:1610 pmb:1989 smb:1 d:- ref:0 w:6,59,2,5,32,0,27,18 ;
in:393 out:394 type:b dur:2 cpbdur:2 q:18.92 aq:14.32 tex:48579 mv:13367 misc:3134 imb:42 pmb:1169 smb:2389 d:- ref:0 ;
in:396 out:395 type:P dur:2 cpbdur:2 q:19.00 aq:10.51 tex:520766 mv:27478 misc:1420 imb:1299 pmb:2035 smb:266 d:- ref:0 w:4,15,1,6,67,-6,55,17 ;
in:395 out:396 type:b dur:2 cpbdur:2 q:18.97 aq:14.15 tex:48244 mv:13491 misc:3217 imb:52 pmb:1249 smb:2299 d:- ref:0 ;
in:397 out:397 type:P dur:2 cpbdur:2 q:19.13 aq:11.66 tex:191719 mv:12458 misc:2343 imb:223 pmb:1894 smb:1483 d:- ref:0 ;
in:401 out:398 type:P dur:2 cpbdur:2 q:19.22 aq:10.40 tex:726941 mv:30511 misc:980 imb:2023 pmb:1437 smb:140 d:- ref:0 ;
in:399 out:399 type:B dur:2 cpbdur:2 q:19.17 aq:12.39 tex:129414 mv:23764 misc:3390 imb:169 pmb:1868 smb:1563 d:- ref:0 ;
in:398 out:400 type:b dur:2 cpbdur:2 q:19.15 aq:14.30 tex:49138 mv:14076 misc:3362 imb:78 pmb:1363 smb:2159 d:- ref:0 ;
in:400 out:401 type:b dur:2 cpbdur:2 q:19.19 aq:14.64 tex:37101 mv:12904 misc:3267 imb:42 pmb:1154 smb:2404 d:- ref:0 ;
in:404 out:402 type:P dur:2 cpbdur:2 q:19.44 aq:10.66 tex:578694 mv:27872 misc:1938 imb:1078 pmb:1987 smb:535 d:- ref:0 ;
in:402 out:403 type:B dur:2 cpbdur:2 q:19.29 aq:13.62 tex:22245 mv:7680 misc:3107 imb:35 pmb:961 smb:2604 d:- ref:0 ;
in:403 out:404 type:b dur:2 cpbdur:2 q:19.37 aq:14.80 tex:30747 mv:9506 misc:2987 imb:28 pmb:1004 smb:2568 d:- ref:0 ;
in:406 out:405 type:P dur:2 cpbdur:2 q:19.56 aq:9.64 tex:456402 mv:27155 misc:1379 imb:1165 pmb:2188 smb:247 d:- ref:0 w:5,33,-1,6,67,-5,69,-9 ;
in:405 out:406 type:b dur:2 cpbdur:2 q:19.50 aq:15.15 tex:36072 mv:12357 misc:3427 imb:30 pmb:1530 smb:2040 d:- ref:0 ;
in:410 out:407 type:P dur:2 cpbdur:2 q:19.52 aq:10.29 tex:339018 mv:24479 misc:2367 imb:508 pmb:2345 smb:747 d:- ref:0 ;
in:408 out:408 type:B dur:2 cpbdur:2 q:19.54 aq:13.97 tex:48600 mv:15419 misc:3405 imb:39 pmb:1575 smb:1986 d:- ref:0 ;
in:407 out:409 type:b dur:2 cpbdur:2 q:19.55 aq:14.07 tex:7296 mv:3574 misc:3162 imb:7 pmb:1090 smb:2503 d:- ref:0 ;
in:409 out:410 type:b dur:2 cpbdur:2 q:19.53 aq:16.02 tex:24336 mv:10731 misc:3157 imb:24 pmb:1215 smb:2361 d:- ref:0 ;
in:414 out:411 type:P dur:2 cpbdur:2 q:19.61 aq:10.74 tex:371639 mv:25049 misc:2184 imb:625 pmb:2279 smb:696 d:- ref:0 ;
in:412 out:412 type:B dur:2 cpbdur:2 q:19.57 aq:13.49 tex:75434 mv:17885 misc:3385 imb:71 pmb:1703 smb:1826 d:- ref:0 ;
in:411 out:413 type:b dur:2 cpbdur:2 q:19.54 aq:13.19 tex:6953 mv:3422 misc:3041 imb:13 pmb:962 smb:2625 d:- ref:0 ;
in:413 out:414 type:b dur:2 cpbdur:2 q:19.59 aq:15.71 tex:31052 mv:11972 misc:3256 imb:28 pmb:1323 smb:2249 d:- ref:0 ;
in:416 out:415 type:P dur:2 cpbdur:2 q:19.57 aq:10.31 tex:342713 mv:23871 misc:2064 imb:614 pmb:2330 smb:656 d:- ref:0 ;
in:415 out:416 type:b dur:2 cpbdur:2 q:19.59 aq:15.13 tex:29443 mv:11850 misc:3283 imb:25 pmb:1323 smb:2252 d:- ref:0 ;
in:420 out:417 type:P dur:2 cpbdur:2 q:19.54 aq:10.42 tex:370634 mv:25628 misc:2154 imb:683 pmb:2244 smb:673 d:- ref:0 ;
in:418 out:418 type:B dur:2 cpbdur:2 q:19.55 aq:13.83 tex:62014 mv:18258 misc:3432 imb:87 pmb:1869 smb:1644 d:- ref:0 ;
in:417 out:419 type:b dur:2 cpbdur:2 q:19.56 aq:14.22 tex:7296 mv:3744 misc:3176 imb:7 pmb:1088 smb:2505 d:- ref:0 ;
in:419 out:420 type:b dur:2 cpbdur:2 q:19.55 aq:15.44 tex:27483 mv:11110 misc:3087 imb:25 pmb:1172 smb:2403 d:- ref:0 ;
in:424 out:421 type:P dur:2 cpbdur:2 q:19.59 aq:10.81 tex:371124 mv:26144 misc:2180 imb:645 pmb:2287 smb:668 d:- ref:0 ;
in:422 out:422 type:B dur:2 cpbdur:2 q:19.57 aq:12.89 tex:90314 mv:19436 misc:3330 imb:91 pmb:2007 smb:1502 d:- ref:0 ;
in:421 out:423 type:b dur:2 cpbdur:2 q:19.55 aq:14.20 tex:6227 mv:3512 misc:3021 imb:12 pmb:960 smb:2628 d:- ref:0 ;
in:423 out:424 type:b dur:2 cpbdur:2 q:19.58 aq:15.48 tex:30693 mv:11501 misc:3174 imb:39 pmb:1164 smb:2397 d:- ref:0 ;
in:426 out:425 type:P dur:2 cpbdur:2 q:19.57 aq:10.37 tex:340714 mv:24207 misc:2215 imb:692 pmb:2267 smb:641 d:- ref:0 ;
in:425 out:426 type:b dur:2 cpbdur:2 q:19.58 aq:15.34 tex:31735 mv:12107 misc:3366 imb:40 pmb:1371 smb:2189 d:- ref:0 ;
in:430 out:427 type:P dur:2 cpbdur:2 q:19.55 aq:10.48 tex:387376 mv:26271 misc:2017 imb:716 pmb:2275 smb:609 d:- ref:0 ;
in:428 out:428 type:B dur:2 cpbdur:2 q:19.56 aq:14.50 tex:56353 mv:17316 misc:3459 imb:69 pmb:1652 smb:1879 d:- ref:0 ;
in:427 out:429 type:b dur:2 cpbdur:2 q:19.57 aq:14.98 tex:8292 mv:4156 misc:3168 imb:14 pmb:1118 smb:2468 d:- ref:0 ;
in:429 out:430 type:b dur:2 cpbdur:2 q:19.56 aq:15.55 tex:31036 mv:12487 misc:3181 imb:43 pmb:1275 smb:2282 d:- ref:0 ;
in:434 out:431 type:P dur:2 cpbdur:2 q:19.61 aq:10.85 tex:384175 mv:25743 misc:2090 imb:656 pmb:2263 smb:681 d:- ref:0 ;
in:432 out:432 type:B dur:2 cpbdur:2 q:19.58 aq:13.65 tex:90764 mv:19619 misc:3249 imb:99 pmb:1789 smb:1712 d:- ref:0 ;
in:431 out:433 type:b dur:2 cpbdur:2 q:19.57 aq:14.47 tex:6771 mv:3560 misc:3093 imb:15 pmb:1042 smb:2543 d:- ref:0 ;
in:433 out:434 type:b dur:2 cpbdur:2 q:19.60 aq:15.97 tex:36081 mv:12788 misc:3235 imb:49 pmb:1297 smb:2254 d:- ref:0 ;
in:436 out:435 type:P dur:2 cpbdur:2 q:19.61 aq:10.52 tex:361091 mv:23854 misc:1975 imb:673 pmb:2234 smb:693 d:- ref:0 ;
in:435 out:436 type:b dur:2 cpbdur:2 q:19.61 aq:15.86 tex:35473 mv:12294 misc:3137 imb:45 pmb:1248 smb:2307 d:- ref:0 ;
in:440 out:437 type:P dur:2 cpbdur:2 q:19.59 aq:10.63 tex:383764 mv:26143 misc:2029 imb:728 pmb:2244 smb:628 d:- ref:0 ;
in:438 out:438 type:B dur:2 cpbdur:2 q:19.60 aq:13.94 tex:69020 mv:18282 misc:3346 imb:76 pmb:1872 smb:1652 d:- ref:0 ;
in:437 out:439 type:b dur:2 cpbdur:2 q:19.61 aq:14.75 tex:7424 mv:3638 misc:3122 imb:8 pmb:1074 smb:2518 d:- ref:0 ;
in:439 out:440 type:b dur:2 cpbdur:2 q:19.60 aq:15.06 tex:29471 mv:11991 misc:3146 imb:47 pmb:1193 smb:2360 d:- ref:0 ;
in:444 out:441 type:P dur:2 cpbdur:2 q:19.65 aq:10.81 tex:368577 mv:25382 misc:2161 imb:760 pmb:2159 smb:681 d:- ref:0 ;
in:442 out:442 type:B dur:2 cpbdur:2 q:19.62 aq:13.15 tex:95766 mv:19931 misc:3183 imb:109 pmb:2014 smb:1477 d:- ref:0 ;
in:441 out:443 type:b dur:2 cpbdur:2 q:19.61 aq:14.53 tex:7228 mv:3511 misc:2885 imb:10 pmb:981 smb:2609 d:- ref:0 ;
in:443 out:444 type:b dur:2 cpbdur:2 q:19.64 aq:15.83 tex:37350 mv:12526 misc:3092 imb:51 pmb:1223 smb:2326 d:- ref:0 ;
in:446 out:445 type:P dur:2 cpbdur:2 q:19.64 aq:10.45 tex:347299 mv:23711 misc:2022 imb:704 pmb:2203 smb:693 d:- ref:0 ;
in:445 out:446 type:b dur:2 cpbdur:2 q:19.65 aq:15.47 tex:35446 mv:12667 misc:3303 imb:38 pmb:1392 smb:2170 d:- ref:0 ;
in:450 out:447 type:P dur:2 cpbdur:2 q:19.62 aq:10.55 tex:393818 mv:26167 misc:2063 imb:738 pmb:2231 smb:631 d:- ref:0 ;
in:448 out:448 type:B dur:2 cpbdur:2 q:19.63 aq:14.21 tex:62195 mv:18159 misc:3414 imb:73 pmb:1695 smb:1832 d:- ref:0 ;
in:447 out:449 type:b dur:2 cpbdur:2 q:19.64 aq:14.90 tex:8237 mv:3820 misc:3055 imb:14 pmb:1046 smb:2540 d:- ref:0 ;
in:449 out:450 type:b dur:2 cpbdur:2 q:19.63 aq:15.68 tex:31995 mv:12471 misc:3150 imb:23 pmb:1305 smb:2272 d:- ref:0 ;
in:454 out:451 type:P dur:2 cpbdur:2 q:19.69 aq:10.98 tex:391350 mv:25645 misc:2077 imb:693 pmb:2187 smb:720 d:- ref:0 ;
in:452 out:452 type:B dur:2 cpbdur:2 q:19.65 aq:13.52 tex:94924 mv:20112 misc:3236 imb:97 pmb:1822 smb:1681 d:- ref:0 ;
in:451 out:453 type:b dur:2 cpbdur:2 q:19.64 aq:13.56 tex:7229 mv:3543 misc:2948 imb:13 pmb:947 smb:2640 d:- ref:0 ;
in:453 out:454 type:b dur:2 cpbdur:2 q:19.67 aq:15.92 tex:37833 mv:13826 misc:3269 imb:30 pmb:1381 smb:2189 d:- ref:0 ;
in:456 out:455 type:P dur:2 cpbdur:2 q:19.69 aq:10.60 tex:367272 mv:23948 misc:2028 imb:681 pmb:2195 smb:724 d:- ref:0 ;
in:455 out:456 type:b dur:2 cpbdur:2 q:19.69 aq:15.53 tex:39217 mv:13888 misc:3183 imb:42 pmb:1384 smb:2174 d:- ref:0 ;
in:460 out:457 type:P dur:2 cpbdur:2 q:19.67 aq:10.62 tex:380168 mv:26497 misc:1975 imb:751 pmb:2206 smb:643 d:- ref:0 ;
in:458 out:458 type:B dur:2 cpbdur:2 q:19.68 aq:14.07 tex:75313 mv:20001 misc:3334 imb:84 pmb:1905 smb:1611 d:- ref:0 ;
in:457 out:459 type:b dur:2 cpbdur:2 q:19.68 aq:14.67 tex:7799 mv:3660 misc:3149 imb:5 pmb:1085 smb:2510 d:- ref:0 ;
in:459 out:460 type:b dur:2 cpbdur:2 q:19.68 aq:16.28 tex:38021 mv:14156 misc:3151 imb:43 pmb:1335 smb:2222 d:- ref:0 ;
in:464 out:461 type:P dur:2 cpbdur:2 q:19.74 aq:11.16 tex:383826 mv:26827 misc:1955 imb:796 pmb:2135 smb:669 d:- ref:0 ;
in:462 out:462 type:B dur:2 cpbdur:2 q:19.71 aq:13.47 tex:105467 mv:21082 misc:3139 imb:111 pmb:1996 smb:1493 d:- ref:0 ;
in:461 out:463 type:b dur:2 cpbdur:2 q:19.69 aq:13.45 tex:8223 mv:3447 misc:2874 imb:20 pmb:898 smb:2682 d:- ref:0 ;
in:463 out:464 type:b dur:2 cpbdur:2 q:19.72 aq:16.05 tex:41441 mv:14696 misc:3175 imb:36 pmb:1410 smb:2154 d:- ref:0 ;
in:466 out:465 type:P dur:2 cpbdur:2 q:19.74 aq:10.69 tex:364044 mv:24816 misc:2036 imb:751 pmb:2199 smb:650 d:- ref:0 ;
in:465 out:466 type:b dur:2 cpbdur:2 q:19.74 aq:16.21 tex:44231 mv:15120 misc:3297 imb:47 pmb:1512 smb:2041 d:- ref:0 ;
in:470 out:467 type:P dur:2 cpbdur:2 q:19.73 aq:10.73 tex:383482 mv:26675 misc:2035 imb:735 pmb:2192 smb:673 d:- ref:0 ;
in:468 out:468 type:B dur:2 cpbdur:2 q:19.74 aq:14.43 tex:70771 mv:20026 misc:3283 imb:78 pmb:1792 smb:1730 d:- ref:0 ;
in:467 out:469 type:b dur:2 cpbdur:2 q:19.74 aq:14.59 tex:7654 mv:3492 misc:3054 imb:11 pmb:1066 smb:2523 d:- ref:0 ;
in:469 out:470 type:b dur:2 cpbdur:2 q:19.73 aq:16.64 tex:42969 mv:15080 misc:3135 imb:39 pmb:1459 smb:2102 d:- ref:0 ;
in:474 out:471 type:P dur:2 cpbdur:2 q:19.80 aq:11.00 tex:397688 mv:26721 misc:2135 imb:750 pmb:2152 smb:698 d:- ref:0 ;
in:472 out:472 type:B dur:2 cpbdur:2 q:19.76 aq:13.72 tex:105483 mv:21769 misc:3220 imb:87 pmb:1922 smb:1591 d:- ref:0 ;
in:471 out:473 type:b dur:2 cpbdur:2 q:19.75 aq:13.88 tex:7364 mv:3649 misc:2963 imb:12 pmb:967 smb:2621 d:- ref:0 ;
in:473 out:474 type:b dur:2 cpbdur:2 q:19.78 aq:16.56 tex:45155 mv:15554 misc:3203 imb:46 pmb:1502 smb:2052 d:- ref:0 ;
in:476 out:475 type:P dur:2 cpbdur:2 q:19.81 aq:10.60 tex:361767 mv:24630 misc:2051 imb:693 pmb:2171 smb:736 d:- ref:0 ;
in:475 out:476 type:b dur:2 cpbdur:2 q:19.80 aq:16.04 tex:47650 mv:15140 misc:3226 imb:46 pmb:1502 smb:2052 d:- ref:0 ;
in:480 out:477 type:P dur:2 cpbdur:2 q:19.80 aq:10.57 tex:379743 mv:27380 misc:1957 imb:856 pmb:2155 smb:589 d:- ref:0 ;
in:478 out:478 type:B dur:2 cpbdur:2 q:19.80 aq:14.55 tex:85948 mv:20451 misc:3265 imb:84 pmb:1998 smb:1518 d:- ref:0 ;
in:477 out:479 type:b dur:2 cpbdur:2 q:19.81 aq:14.07 tex:8228 mv:4044 misc:3152 imb:13 pmb:1114 smb:2473 d:- ref:0 ;
in:479 out:480 type:b dur:2 cpbdur:2 q:19.80 aq:16.21 tex:39027 mv:14995 misc:3162 imb:30 pmb:1433 smb:2137 d:- ref:0 ;
in:484 out:481 type:P dur:2 cpbdur:2 q:19.87 aq:11.09 tex:360354 mv:26300 misc:2250 imb:745 pmb:2134 smb:721 d:- ref:0 ;
in:482 out:482 type:B dur:2 cpbdur:2 q:19.83 aq:13.38 tex:119764 mv:21256 misc:3132 imb:122 pmb:1990 smb:1488 d:- ref:0 ;
in:481 out:483 type:b dur:2 cpbdur:2 q:19.82 aq:14.28 tex:7250 mv:3598 misc:2864 imb:15 pmb:912 smb:2673 d:- ref:0 ;
in:483 out:484 type:b dur:2 cpbdur:2 q:19.85 aq:16.20 tex:43541 mv:14851 misc:3112 imb:44 pmb:1408 smb:2148 d:- ref:0 ;
in:486 out:485 type:P dur:2 cpbdur:2 q:19.87 aq:10.83 tex:333435 mv:24667 misc:2090 imb:774 pmb:2091 smb:735 d:- ref:0 ;
in:485 out:486 type:b dur:2 cpbdur:2 q:19.87 aq:15.68 tex:47560 mv:16107 misc:3237 imb:44 pmb:1571 smb:1985 d:- ref:0 ;
in:490 out:487 type:P dur:2 cpbdur:2 q:19.85 aq:11.64 tex:337353 mv:26487 misc:2032 imb:835 pmb:2082 smb:683 d:- ref:0 ;
in:488 out:488 type:B dur:2 cpbdur:2 q:19.86 aq:14.81 tex:79894 mv:20573 misc:3285 imb:75 pmb:1848 smb:1677 d:- ref:0 ;
in:487 out:489 type:b dur:2 cpbdur:2 q:19.86 aq:14.48 tex:7787 mv:3682 misc:3059 imb:10 pmb:1033 smb:2557 d:- ref:0 ;
in:489 out:490 type:b dur:2 cpbdur:2 q:19.85 aq:16.86 tex:47588 mv:15061 misc:3119 imb:41 pmb:1489 smb:2070 d:- ref:0 ;
in:492 out:491 type:P dur:2 cpbdur:2 q:19.90 aq:12.34 tex:275279 mv:21628 misc:2061 imb:690 pmb:2103 smb:807 d:- ref:0 ;
in:491 out:492 type:b dur:2 cpbdur:2 q:19.87 aq:13.85 tex:8615 mv:3868 misc:2941 imb:14 pmb:939 smb:2647 d:- ref:0 ;
in:494 out:493 type:P dur:2 cpbdur:2 q:19.86 aq:12.16 tex:332774 mv:24026 misc:1944 imb:811 pmb:2022 smb:767 d:- ref:0 ;
in:493 out:494 type:b dur:2 cpbdur:2 q:19.88 aq:15.88 tex:55767 mv:17380 misc:3213 imb:48 pmb:1656 smb:1896 d:- ref:0 ;
in:496 out:495 type:P dur:2 cpbdur:2 q:19.88 aq:12.63 tex:292510 mv:25995 misc:1807 imb:985 pmb:2007 smb:608 d:- ref:0 w:5,31,2,7,122,6,123,4 ;
in:495 out:496 type:b dur:2 cpbdur:2 q:19.87 aq:15.21 tex:64119 mv:18323 misc:3198 imb:117 pmb:1826 smb:1657 d:- ref:0 ;
in:497 out:497 type:P dur:2 cpbdur:2 q:19.93 aq:12.87 tex:169865 mv:19316 misc:771 imb:1201 pmb:2353 smb:46 d:- ref:0 w:5,31,3,4,15,8,16,0 ;
in:499 out:498 type:P dur:2 cpbdur:2 q:19.96 aq:13.66 tex:331055 mv:30672 misc:1097 imb:1707 pmb:1777 smb:116 d:- ref:0 w:6,61,5,5,29,14,30,7 ;
in:498 out:499 type:b dur:2 cpbdur:2 q:19.95 aq:14.74 tex:66589 mv:15994 misc:3321 imb:224 pmb:1391 smb:1985 d:- ref:0 ;
in:500 out:500 type:I dur:2 cpbdur:2 q:16.91 aq:10.18 tex:646155 mv:93033 misc:636 imb:3600 pmb:0 smb:0 d:- ref:;
in:501 out:501 type:P dur:2 cpbdur:2 q:20.22 aq:13.14 tex:193125 mv:26632 misc:1763 imb:1058 pmb:2223 smb:319 d:- ref:0 w:7,127,2,6,61,6,64,0 ;
in:502 out:502 type:P dur:2 cpbdur:2 q:20.24 aq:12.98 tex:189290 mv:23405 misc:1297 imb:1161 pmb:2272 smb:167 d:- ref:0 w:0,1,2,5,31,3,32,0 ;
in:506 out:503 type:P dur:2 cpbdur:2 q:20.22 aq:12.69 tex:641324 mv:29717 misc:431 imb:2972 pmb:628 smb:0 d:- ref:0 ;
in:504 out:504 type:B dur:2 cpbdur:2 q:20.23 aq:14.02 tex:152010 mv:26301 misc:3073 imb:340 pmb:1607 smb:1653 d:- ref:0 ;
in:503 out:505 type:b dur:2 cpbdur:2 q:20.23 aq:14.83 tex:68574 mv:21029 misc:3429 imb:337 pmb:1383 smb:1880 d:- ref:0 ;
in:505 out:506 type:b dur:2 cpbdur:2 q:20.22 aq:15.19 tex:55686 mv:21439 misc:3371 imb:236 pmb:1416 smb:1948 d:- ref:0 ;
in:509 out:507 type:P dur:2 cpbdur:2 q:20.40 aq:12.99 tex:482421 mv:33982 misc:725 imb:1430 pmb:2135 smb:35 d:- ref:0 w:5,35,1,6,71,-14,71,-14 ;
in:507 out:508 type:B dur:2 cpbdur:2 q:20.28 aq:14.35 tex:38658 mv:15716 misc:3338 imb:222 pmb:1224 smb:2154 d:- ref:0 ;
in:508 out:509 type:b dur:2 cpbdur:2 q:20.34 aq:15.64 tex:47038 mv:19095 misc:3251 imb:214 pmb:1494 smb:1892 d:- ref:0 ;
in:511 out:510 type:P dur:2 cpbdur:2 q:20.49 aq:11.93 tex:386506 mv:30578 misc:1468 imb:1002 pmb:2366 smb:232 d:- ref:0 w:5,33,1,6,65,-1,64,0 ;
in:510 out:511 type:b dur:2 cpbdur:2 q:20.45 aq:17.46 tex:34804 mv:15805 misc:3111 imb:100 pmb:1419 smb:2081 d:- ref:0 ;
in:515 out:512 type:P dur:2 cpbdur:2 q:20.48 aq:12.24 tex:289267 mv:27956 misc:2217 imb:776 pmb:2255 smb:569 d:- ref:0 ;
in:513 out:513 type:B dur:2 cpbdur:2 q:20.49 aq:16.02 tex:43904 mv:15782 misc:3218 imb:30 pmb:1412 smb:2158 d:- ref:0 ;
in:512 out:514 type:b dur:2 cpbdur:2 q:20.49 aq:15.05 tex:4702 mv:3036 misc:2806 imb:4 pmb:815 smb:2781 d:- ref:0 ;
in:514 out:515 type:b dur:2 cpbdur:2 q:20.48 aq:17.87 tex:24492 mv:11848 misc:2844 imb:25 pmb:1080 smb:2495 d:- ref:0 ;
in:519 out:516 type:P dur:2 cpbdur:2 q:20.53 aq:12.55 tex:290221 mv:28983 misc:2076 imb:792 pmb:2296 smb:512 d:- ref:0 ;
in:517 out:517 type:B dur:2 cpbdur:2 q:20.50 aq:14.50 tex:67247 mv:17096 misc:3297 imb:58 pmb:1531 smb:2011 d:- ref:0 ;
in:516 out:518 type:b dur:2 cpbdur:2 q:20.49 aq:14.67 tex:4272 mv:2280 misc:2384 imb:5 pmb:582 smb:3013 d:- ref:0 ;
in:518 out:519 type:b dur:2 cpbdur:2 q:20.51 aq:17.10 tex:27866 mv:11637 misc:3009 imb:22 pmb:1130 smb:2448 d:- ref:0 ;
in:521 out:520 type:P dur:2 cpbdur:2 q:20.45 aq:12.06 tex:276869 mv:26949 misc:2126 imb:657 pmb:2385 smb:558 d:- ref:0 ;
in:520 out:521 type:b dur:2 cpbdur:2 q:20.49 aq:17.47 tex:31553 mv:12961 misc:3094 imb:45 pmb:1217 smb:2338 d:- ref:0 ;
in:525 out:522 type:P dur:2 cpbdur:2 q:20.43 aq:12.43 tex:303131 mv:27981 misc:2136 imb:901 pmb:2109 smb:590 d:- ref:0 ;
in:523 out:523 type:B dur:2 cpbdur:2 q:20.44 aq:15.61 tex:54798 mv:16961 misc:3169 imb:55 pmb:1473 smb:2072 d:- ref:0 ;
in:522 out:524 type:b dur:2 cpbdur:2 q:20.45 aq:14.68 tex:4557 mv:3532 misc:3015 imb:7 pmb:933 smb:2660 d:- ref:0 ;
in:524 out:525 type:b dur:2 cpbdur:2 q:20.43 aq:17.53 tex:31131 mv:12736 misc:2933 imb:41 pmb:1119 smb:2440 d:- ref:0 ;
in:529 out:526 type:P dur:2 cpbdur:2 q:20.44 aq:12.54 tex:310161 mv:29541 misc:1890 imb:982 pmb:2106 smb:512 d:- ref:0 ;
in:527 out:527 type:B dur:2 cpbdur:2 q:20.43 aq:14.89 tex:80719 mv:19837 misc:3220 imb:96 pmb:1609 smb:1895 d:- ref:0 ;
in:526 out:528 type:b dur:2 cpbdur:2 q:20.43 aq:14.33 tex:4331 mv:2433 misc:2516 imb:8 pmb:640 smb:2952 d:- ref:0 ;
in:528 out:529 type:b dur:2 cpbdur:2 q:20.44 aq:17.21 tex:33208 mv:13917 misc:3043 imb:44 pmb:1228 smb:2328 d:- ref:0 ;
in:531 out:530 type:P dur:2 cpbdur:2 q:20.41 aq:11.96 tex:292877 mv:28248 misc:2027 imb:732 pmb:2340 smb:528 d:- ref:0 ;
in:530 out:531 type:b dur:2 cpbdur:2 q:20.42 aq:16.44 tex:35788 mv:14322 misc:3146 imb:41 pmb:1287 smb:2272 d:- ref:0 ;
in:535 out:532 type:P dur:2 cpbdur:2 q:20.39 aq:12.37 tex:338839 mv:29148 misc:1949 imb:918 pmb:2161 smb:521 d:- ref:0 ;
in:533 out:533 type:B dur:2 cpbdur:2 q:20.40 aq:15.55 tex:56309 mv:16804 misc:3207 imb:48 pmb:1444 smb:2108 d:- ref:0 ;
in:532 out:534 type:b dur:2 cpbdur:2 q:20.40 aq:14.31 tex:4525 mv:3258 misc:2841 imb:3 pmb:854 smb:2743 d:- ref:0 ;
in:534 out:535 type:b dur:2 cpbdur:2 q:20.39 aq:17.43 tex:35467 mv:13754 misc:2915 imb:34 pmb:1210 smb:2356 d:- ref:0 ;
in:539 out:536 type:P dur:2 cpbdur:2 q:20.42 aq:12.54 tex:338296 mv:29896 misc:1888 imb:924 pmb:2228 smb:448 d:- ref:0 ;
in:537 out:537 type:B dur:2 cpbdur:2 q:20.40 aq:14.41 tex:78246 mv:19387 misc:3223 imb:75 pmb:1576 smb:1949 d:- ref:0 ;
in:536 out:538 type:b dur:2 cpbdur:2 q:20.39 aq:14.33 tex:4137 mv:2369 misc:2446 imb:8 pmb:607 smb:2985 d:- ref:0 ;
in:538 out:539 type:b dur:2 cpbdur:2 q:20.41 aq:17.42 tex:33021 mv:13338 misc:3081 imb:31 pmb:1220 smb:2349 d:- ref:0 ;
in:541 out:540 type:P dur:2 cpbdur:2 q:20.40 aq:11.90 tex:297418 mv:27285 misc:2137 imb:719 pmb:2358 smb:523 d:- ref:0 ;
in:540 out:541 type:b dur:2 cpbdur:2 q:20.41 aq:16.60 tex:33400 mv:13380 misc:3164 imb:33 pmb:1280 smb:2287 d:- ref:0 ;
in:545 out:542 type:P dur:2 cpbdur:2 q:20.37 aq:12.16 tex:350071 mv:29674 misc:1991 imb:871 pmb:2225 smb:504 d:- ref:0 ;
in:543 out:543 type:B dur:2 cpbdur:2 q:20.39 aq:15.52 tex:58748 mv:16813 misc:3183 imb:65 pmb:1433 smb:2102 d:- ref:0 ;
in:542 out:544 type:b dur:2 cpbdur:2 q:20.39 aq:15.36 tex:4747 mv:3647 misc:2934 imb:9 pmb:909 smb:2682 d:- ref:0 ;
in:544 out:545 type:b dur:2 cpbdur:2 q:20.38 aq:17.09 tex:34921 mv:13029 misc:2882 imb:35 pmb:1134 smb:2431 d:- ref:0 ;
in:549 out:546 type:P dur:2 cpbdur:2 q:20.40 aq:12.62 tex:338824 mv:29312 misc:2064 imb:897 pmb:2167 smb:536 d:- ref:0 ;
in:547 out:547 type:B dur:2 cpbdur:2 q:20.39 aq:14.50 tex:85054 mv:19633 misc:3105 imb:92 pmb:1564 smb:1944 d:- ref:0 ;
in:546 out:548 type:b dur:2 cpbdur:2 q:20.38 aq:13.98 tex:3950 mv:2239 misc:2275 imb:3 pmb:550 smb:3047 d:- ref:0 ;
in:548 out:549 type:b dur:2 cpbdur:2 q:20.40 aq:17.10 tex:38918 mv:15593 misc:3137 imb:53 pmb:1384 smb:2163 d:- ref:0 ;
in:551 out:550 type:P dur:2 cpbdur:2 q:20.38 aq:12.19 tex:305664 mv:28500 misc:1956 imb:717 pmb:2432 smb:451 d:- ref:0 ;
in:550 out:551 type:b dur:2 cpbdur:2 q:20.39 aq:16.83 tex:38540 mv:15211 misc:3209 imb:54 pmb:1388 smb:2158 d:- ref:0 ;
in:555 out:552 type:P dur:2 cpbdur:2 q:20.36 aq:12.41 tex:339156 mv:29849 misc:1987 imb:867 pmb:2249 smb:484 d:- ref:0 ;
in:553 out:553 type:B dur:2 cpbdur:2 q:20.37 aq:15.67 tex:61526 mv:18128 misc:3274 imb:51 pmb:1534 smb:2015 d:- ref:0 ;
in:552 out:554 type:b dur:2 cpbdur:2 q:20.38 aq:14.98 tex:5641 mv:3624 misc:3015 imb:4 pmb:931 smb:2665 d:- ref:0 ;
in:554 out:555 type:b dur:2 cpbdur:2 q:20.37 aq:18.20 tex:30605 mv:12941 misc:2830 imb:30 pmb:1080 smb:2490 d:- ref:0 ;
in:559 out:556 type:P dur:2 cpbdur:2 q:20.40 aq:12.67 tex:334860 mv:31432 misc:1716 imb:1007 pmb:2216 smb:377 d:- ref:0 ;
in:557 out:557 type:B dur:2 cpbdur:2 q:20.38 aq:14.88 tex:87066 mv:19605 misc:3201 imb:65 pmb:1645 smb:1890 d:- ref:0 ;
in:556 out:558 type:b dur:2 cpbdur:2 q:20.37 aq:14.26 tex:4430 mv:2165 misc:2301 imb:11 pmb:548 smb:3041 d:- ref:0 ;
in:558 out:559 type:b dur:2 cpbdur:2 q:20.39 aq:16.60 tex:38981 mv:16235 misc:3376 imb:56 pmb:1481 smb:2063 d:- ref:0 ;
in:561 out:560 type:P dur:2 cpbdur:2 q:20.38 aq:12.08 tex:300468 mv:29573 misc:1839 imb:807 pmb:2399 smb:394 d:- ref:0 ;
in:560 out:561 type:b dur:2 cpbdur:2 q:20.39 aq:16.26 tex:40865 mv:15282 misc:3365 imb:65 pmb:1443 smb:2092 d:- ref:0 ;
in:565 out:562 type:P dur:2 cpbdur:2 q:20.35 aq:12.62 tex:321816 mv:30982 misc:1914 imb:964 pmb:2216 smb:420 d:- ref:0 ;
in:563 out:563 type:B dur:2 cpbdur:2 q:20.37 aq:15.37 tex:64275 mv:18577 misc:3356 imb:81 pmb:1590 smb:1929 d:- ref:0 ;
in:562 out:564 type:b dur:2 cpbdur:2 q:20.37 aq:14.93 tex:5617 mv:3596 misc:3067 imb:6 pmb:960 smb:2634 d:- ref:0 ;
in:564 out:565 type:b dur:2 cpbdur:2 q:20.36 aq:17.32 tex:35475 mv:13813 misc:2848 imb:27 pmb:1186 smb:2387 d:- ref:0 ;
in:567 out:566 type:P dur:2 cpbdur:2 q:20.38 aq:12.70 tex:213794 mv:26197 misc:2257 imb:602 pmb:2410 smb:588 d:- ref:0 ;
in:566 out:567 type:b dur:2 cpbdur:2 q:20.37 aq:14.79 tex:6393 mv:3422 misc:2833 imb:10 pmb:803 smb:2787 d:- ref:0 ;
in:571 out:568 type:P dur:2 cpbdur:2 q:20.34 aq:12.25 tex:431867 mv:33824 misc:1341 imb:1341 pmb:2026 smb:233 d:- ref:0 ;
in:569 out:569 type:B dur:2 cpbdur:2 q:20.36 aq:14.87 tex:131228 mv:30867 misc:3057 imb:272 pmb:2195 smb:1133 d:- ref:0 ;
in:568 out:570 type:b dur:2 cpbdur:2 q:20.37 aq:16.63 tex:43070 mv:15943 misc:3219 imb:63 pmb:1372 smb:2165 d:- ref:0 ;
in:570 out:571 type:b dur:2 cpbdur:2 q:20.35 aq:16.64 tex:60507 mv:20339 misc:3306 imb:101 pmb:1732 smb:1767 d:- ref:0 ;
in:575 out:572 type:P dur:2 cpbdur:2 q:20.41 aq:12.88 tex:345603 mv:31929 misc:1764 imb:1044 pmb:2168 smb:388 d:- ref:0 ;
in:573 out:573 type:B dur:2 cpbdur:2 q:20.37 aq:15.56 tex:66190 mv:19920 misc:3338 imb:85 pmb:1622 smb:1893 d:- ref:0 ;
in:572 out:574 type:b dur:2 cpbdur:2 q:20.35 aq:14.84 tex:5844 mv:3895 misc:3101 imb:9 pmb:927 smb:2664 d:- ref:0 ;
in:574 out:575 type:b dur:2 cpbdur:2 q:20.39 aq:17.41 tex:37628 mv:15123 misc:2905 imb:41 pmb:1185 smb:2374 d:- ref:0 ;
in:579 out:576 type:P dur:2 cpbdur:2 q:20.41 aq:13.25 tex:345826 mv:32891 misc:1595 imb:1117 pmb:2163 smb:320 d:- ref:0 ;
in:577 out:577 type:B dur:2 cpbdur:2 q:20.41 aq:14.43 tex:96255 mv:22115 misc:3278 imb:113 pmb:1666 smb:1821 d:- ref:0 ;
in:576 out:578 type:b dur:2 cpbdur:2 q:20.41 aq:14.88 tex:5381 mv:2584 misc:2579 imb:15 pmb:678 smb:2907 d:- ref:0 ;
in:578 out:579 type:b dur:2 cpbdur:2 q:20.41 aq:16.79 tex:44650 mv:17860 misc:3330 imb:60 pmb:1537 smb:2003 d:- ref:0 ;
in:581 out:580 type:P dur:2 cpbdur:2 q:20.41 aq:12.65 tex:310356 mv:32295 misc:1541 imb:894 pmb:2395 smb:311 d:- ref:0 ;
in:580 out:581 type:b dur:2 cpbdur:2 q:20.41 aq:16.22 tex:40810 mv:17179 misc:3307 imb:68 pmb:1540 smb:1992 d:- ref:0 ;
in:585 out:582 type:P dur:2 cpbdur:2 q:20.39 aq:12.84 tex:359751 mv:32327 misc:1610 imb:1219 pmb:2065 smb:316 d:- ref:0 ;
in:583 out:583 type:B dur:2 cpbdur:2 q:20.40 aq:15.46 tex:71746 mv:21363 misc:3283 imb:110 pmb:1732 smb:1758 d:- ref:0 ;
in:582 out:584 type:b dur:2 cpbdur:2 q:20.40 aq:14.62 tex:5845 mv:3670 misc:3085 imb:6 pmb:969 smb:2625 d:- ref:0 ;
in:584 out:585 type:b dur:2 cpbdur:2 q:20.39 aq:18.07 tex:36502 mv:14530 misc:2872 imb:41 pmb:1190 smb:2369 d:- ref:0 ;
in:589 out:586 type:P dur:2 cpbdur:2 q:20.44 aq:13.28 tex:345811 mv:33060 misc:1657 imb:1112 pmb:2157 smb:331 d:- ref:0 ;
in:587 out:587 type:B dur:2 cpbdur:2 q:20.41 aq:14.38 tex:95056 mv:22494 misc:3194 imb:140 pmb:1730 smb:1730 d:- ref:0 ;
in:586 out:588 type:b dur:2 cpbdur:2 q:20.40 aq:14.42 tex:5273 mv:2794 misc:2533 imb:16 pmb:657 smb:2927 d:- ref:0 ;
in:588 out:589 type:b dur:2 cpbdur:2 q:20.42 aq:16.47 tex:45898 mv:17601 misc:3333 imb:84 pmb:1549 smb:1967 d:- ref:0 ;
in:591 out:590 type:P dur:2 cpbdur:2 q:20.43 aq:12.74 tex:307859 mv:30929 misc:1700 imb:896 pmb:2327 smb:377 d:- ref:0 ;
in:590 out:591 type:b dur:2 cpbdur:2 q:20.43 aq:16.67 tex:45112 mv:16986 misc:3326 imb:51 pmb:1588 smb:1961 d:- ref:0 ;
in:595 out:592 type:P dur:2 cpbdur:2 q:20.41 aq:13.71 tex:317566 mv:31502 misc:1780 imb:1051 pmb:2137 smb:412 d:- ref:0 ;
in:593 out:593 type:B dur:2 cpbdur:2 q:20.42 aq:15.75 tex:72310 mv:20470 misc:3380 imb:87 pmb:1712 smb:1801 d:- ref:0 ;
in:592 out:594 type:b dur:2 cpbdur:2 q:20.42 aq:15.44 tex:6217 mv:3708 misc:3091 imb:8 pmb:980 smb:2612 d:- ref:0 ;
in:594 out:595 type:b dur:2 cpbdur:2 q:20.41 aq:17.61 tex:42960 mv:14787 misc:2893 imb:36 pmb:1227 smb:2337 d:- ref:0 ;
in:597 out:596 type:P dur:2 cpbdur:2 q:20.44 aq:14.09 tex:231670 mv:27789 misc:1877 imb:763 pmb:2413 smb:424 d:- ref:0 ;
in:596 out:597 type:b dur:2 cpbdur:2 q:20.43 aq:15.16 tex:7233 mv:3650 misc:2925 imb:7 pmb:865 smb:2728 d:- ref:0 ;
in:599 out:598 type:P dur:2 cpbdur:2 q:20.40 aq:14.43 tex:272260 mv:29442 misc:1762 imb:959 pmb:2209 smb:432 d:- ref:0 ;
in:598 out:599 type:b dur:2 cpbdur:2 q:20.42 aq:16.62 tex:48783 mv:18619 misc:3406 imb:82 pmb:1579 smb:1939 d:- ref:0 ;
in:601 out:600 type:P dur:2 cpbdur:2 q:20.40 aq:14.39 tex:364883 mv:36181 misc:800 imb:1397 pmb:2148 smb:55 d:- ref:0 w:7,123,2,7,122,6,121,6 ;
in:600 out:601 type:b dur:2 cpbdur:2 q:20.40 aq:16.80 tex:90792 mv:27758 misc:3170 imb:210 pmb:2130 smb:1260 d:- ref:0 ;
in:602 out:602 type:P dur:2 cpbdur:2 q:20.46 aq:14.31 tex:135840 mv:17034 misc:3134 imb:416 pmb:2053 smb:1131 d:- ref:0 w:6,61,2,4,15,8,15,7 ;
in:606 out:603 type:P dur:2 cpbdur:2 q:20.49 aq:14.54 tex:605676 mv:36327 misc:581 imb:2010 pmb:1585 smb:5 d:- ref:0 w:6,53,8,7,90,39,105,21 ;
in:604 out:604 type:B dur:2 cpbdur:2 q:20.47 aq:15.51 tex:157988 mv:33105 misc:3011 imb:254 pmb:2099 smb:1247 d:- ref:0 ;
in:603 out:605 type:b dur:2 cpbdur:2 q:20.46 aq:16.84 tex:59900 mv:19948 misc:3424 imb:61 pmb:1580 smb:1959 d:- ref:0 ;
in:605 out:606 type:b dur:2 cpbdur:2 q:20.48 aq:17.19 tex:57358 mv:20257 misc:3305 imb:86 pmb:1603 smb:1911 d:- ref:0 ;
in:607 out:607 type:P dur:2 cpbdur:2 q:20.65 aq:14.87 tex:187110 mv:21508 misc:1998 imb:352 pmb:2788 smb:460 d:- ref:0 w:7,125,1,4,15,8,16,0 ;
in:611 out:608 type:P dur:2 cpbdur:2 q:20.65 aq:13.61 tex:673568 mv:34939 misc:373 imb:2139 pmb:1461 smb:0 d:- ref:0 ;
in:609 out:609 type:B dur:2 cpbdur:2 q:20.65 aq:15.51 tex:134505 mv:29492 misc:3179 imb:239 pmb:1992 smb:1369 d:- ref:0 ;
in:608 out:610 type:b dur:2 cpbdur:2 q:20.65 aq:16.82 tex:55448 mv:20748 misc:3468 imb:74 pmb:1799 smb:1727 d:- ref:0 ;
in:610 out:611 type:b dur:2 cpbdur:2 q:20.65 aq:16.81 tex:34924 mv:15646 misc:3294 imb:66 pmb:1271 smb:2263 d:- ref:0 ;
in:615 out:612 type:P dur:2 cpbdur:2 q:20.79 aq:10.35 tex:586103 mv:32435 misc:550 imb:2006 pmb:1593 smb:1 d:- ref:0 w:6,75,-9,6,72,-19,81,-31 ;
in:613 out:613 type:B dur:2 cpbdur:2 q:20.72 aq:14.41 tex:62825 mv:20308 misc:3203 imb:207 pmb:1809 smb:1584 d:- ref:0 ;
in:612 out:614 type:b dur:2 cpbdur:2 q:20.68 aq:15.67 tex:18272 mv:9658 misc:3286 imb:38 pmb:1208 smb:2354 d:- ref:0 ;
in:614 out:615 type:b dur:2 cpbdur:2 q:20.76 aq:15.76 tex:37149 mv:17037 misc:3342 imb:159 pmb:1830 smb:1611 d:- ref:0 ;
in:619 out:616 type:P dur:2 cpbdur:2 q:20.86 aq:11.19 tex:210141 mv:22464 misc:2331 imb:533 pmb:2289 smb:778 d:- ref:0 ;
in:617 out:617 type:B dur:2 cpbdur:2 q:20.83 aq:14.88 tex:35705 mv:14609 misc:3230 imb:22 pmb:1590 smb:1988 d:- ref:0 ;
in:616 out:618 type:b dur:2 cpbdur:2 q:20.81 aq:13.88 tex:4884 mv:3307 misc:2953 imb:10 pmb:889 smb:2701 d:- ref:0 ;
in:618 out:619 type:b dur:2 cpbdur:2 q:20.84 aq:16.49 tex:11767 mv:8331 misc:2662 imb:9 pmb:883 smb:2708 d:- ref:0 ;
in:621 out:620 type:P dur:2 cpbdur:2 q:20.78 aq:10.82 tex:199670 mv:20077 misc:2485 imb:430 pmb:2201 smb:969 d:- ref:0 ;
in:620 out:621 type:b dur:2 cpbdur:2 q:20.82 aq:15.31 tex:14574 mv:8624 misc:2954 imb:15 pmb:1038 smb:2547 d:- ref:0 ;
in:625 out:622 type:P dur:2 cpbdur:2 q:20.73 aq:10.95 tex:211561 mv:22075 misc:2300 imb:538 pmb:2207 smb:855 d:- ref:0 ;
in:623 out:623 type:B dur:2 cpbdur:2 q:20.76 aq:14.88 tex:29026 mv:15035 misc:3315 imb:38 pmb:1559 smb:2003 d:- ref:0 ;
in:622 out:624 type:b dur:2 cpbdur:2 q:20.77 aq:14.08 tex:3421 mv:2978 misc:2769 imb:4 pmb:844 smb:2752 d:- ref:0 ;
in:624 out:625 type:b dur:2 cpbdur:2 q:20.74 aq:15.61 tex:16298 mv:10079 misc:3119 imb:23 pmb:1174 smb:2403 d:- ref:0 ;
in:629 out:626 type:P dur:2 cpbdur:2 q:20.70 aq:11.19 tex:222859 mv:22650 misc:2283 imb:507 pmb:2235 smb:858 d:- ref:0 ;
in:627 out:627 type:B dur:2 cpbdur:2 q:20.72 aq:14.70 tex:43227 mv:17098 misc:3083 imb:43 pmb:1646 smb:1911 d:- ref:0 ;
in:626 out:628 type:b dur:2 cpbdur:2 q:20.73 aq:14.40 tex:4443 mv:3206 misc:2823 imb:10 pmb:853 smb:2737 d:- ref:0 ;
in:628 out:629 type:b dur:2 cpbdur:2 q:20.71 aq:15.92 tex:17421 mv:10014 misc:3029 imb:30 pmb:1124 smb:2446 d:- ref:0 ;
in:631 out:630 type:P dur:2 cpbdur:2 q:20.64 aq:11.11 tex:219231 mv:19869 misc:2100 imb:447 pmb:2215 smb:938 d:- ref:0 ;
in:630 out:631 type:b dur:2 cpbdur:2 q:20.67 aq:15.54 tex:17746 mv:10801 misc:2997 imb:34 pmb:1179 smb:2387 d:- ref:0 ;
in:635 out:632 type:P dur:2 cpbdur:2 q:20.58 aq:11.20 tex:283540 mv:23442 misc:1914 imb:569 pmb:2265 smb:766 d:- ref:0 ;
in:633 out:633 type:B dur:2 cpbdur:2 q:20.61 aq:14.91 tex:49161 mv:18852 misc:3035 imb:62 pmb:2067 smb:1471 d:- ref:0 ;
in:632 out:634 type:b dur:2 cpbdur:2 q:20.62 aq:14.35 tex:4633 mv:3586 misc:2965 imb:10 pmb:938 smb:2652 d:- ref:0 ;
in:634 out:635 type:b dur:2 cpbdur:2 q:20.59 aq:16.40 tex:25452 mv:13743 misc:3133 imb:48 pmb:1577 smb:1975 d:- ref:0 ;
in:639 out:636 type:P dur:2 cpbdur:2 q:20.57 aq:11.34 tex:310737 mv:24249 misc:1830 imb:631 pmb:2303 smb:666 d:- ref:0 ;
in:637 out:637 type:B dur:2 cpbdur:2 q:20.57 aq:14.86 tex:71528 mv:19419 misc:2973 imb:51 pmb:2132 smb:1417 d:- ref:0 ;
in:636 out:638 type:b dur:2 cpbdur:2 q:20.57 aq:14.36 tex:13510 mv:6276 misc:3390 imb:27 pmb:1398 smb:2175 d:- ref:0 ;
in:638 out:639 type:b dur:2 cpbdur:2 q:20.57 aq:16.52 tex:27867 mv:13879 misc:3182 imb:22 pmb:1587 smb:1991 d:- ref:0 ;
in:643 out:640 type:P dur:2 cpbdur:2 q:20.56 aq:11.56 tex:292097 mv:24526 misc:1761 imb:642 pmb:2333 smb:625 d:- ref:0 ;
in:641 out:641 type:B dur:2 cpbdur:2 q:20.56 aq:14.73 tex:65896 mv:19936 misc:2928 imb:56 pmb:2093 smb:1451 d:- ref:0 ;
in:640 out:642 type:b dur:2 cpbdur:2 q:20.56 aq:16.46 tex:46291 mv:16439 misc:3134 imb:61 pmb:2141 smb:1398 d:- ref:0 ;
in:642 out:643 type:b dur:2 cpbdur:2 q:20.56 aq:14.25 tex:5774 mv:3276 misc:2806 imb:11 pmb:865 smb:2724 d:- ref:0 ;
in:646 out:644 type:P dur:2 cpbdur:2 q:20.50 aq:10.96 tex:313663 mv:25150 misc:1747 imb:662 pmb:2396 smb:542 d:- ref:0 ;
in:644 out:645 type:B dur:2 cpbdur:2 q:20.54 aq:15.31 tex:54848 mv:18990 misc:3258 imb:87 pmb:1967 smb:1546 d:- ref:0 ;
in:645 out:646 type:b dur:2 cpbdur:2 q:20.52 aq:16.46 tex:19311 mv:12361 misc:3168 imb:34 pmb:1239 smb:2327 d:- ref:0 ;
in:650 out:647 type:P dur:2 cpbdur:2 q:20.50 aq:11.25 tex:278660 mv:24658 misc:2074 imb:597 pmb:2300 smb:703 d:- ref:0 ;
in:648 out:648 type:B dur:2 cpbdur:2 q:20.50 aq:15.26 tex:33116 mv:15768 misc:3316 imb:40 pmb:1547 smb:2013 d:- ref:0 ;
in:647 out:649 type:b dur:2 cpbdur:2 q:20.50 aq:15.01 tex:3733 mv:3546 misc:2841 imb:4 pmb:901 smb:2695 d:- ref:0 ;
in:649 out:650 type:b dur:2 cpbdur:2 q:20.50 aq:16.60 tex:17601 mv:11438 misc:2905 imb:26 pmb:1189 smb:2385 d:- ref:0 ;
in:654 out:651 type:P dur:2 cpbdur:2 q:20.46 aq:11.41 tex:272826 mv:24584 misc:2118 imb:607 pmb:2285 smb:708 d:- ref:0 ;
in:652 out:652 type:B dur:2 cpbdur:2 q:20.48 aq:15.06 tex:52224 mv:17794 misc:3182 imb:50 pmb:1641 smb:1909 d:- ref:0 ;
in:651 out:653 type:b dur:2 cpbdur:2 q:20.49 aq:14.85 tex:3035 mv:2450 misc:2571 imb:7 pmb:718 smb:2875 d:- ref:0 ;
in:653 out:654 type:b dur:2 cpbdur:2 q:20.47 aq:17.01 tex:17573 mv:11709 misc:3014 imb:17 pmb:1158 smb:2425 d:- ref:0 ;
in:656 out:655 type:P dur:2 cpbdur:2 q:20.41 aq:10.99 tex:247207 mv:21192 misc:2393 imb:469 pmb:2251 smb:880 d:- ref:0 ;
in:655 out:656 type:b dur:2 cpbdur:2 q:20.44 aq:16.74 tex:19250 mv:11855 misc:3087 imb:24 pmb:1178 smb:2398 d:- ref:0 ;
in:660 out:657 type:P dur:2 cpbdur:2 q:20.38 aq:11.16 tex:275425 mv:24790 misc:2217 imb:568 pmb:2229 smb:803 d:- ref:0 ;
in:658 out:658 type:B dur:2 cpbdur:2 q:20.40 aq:15.60 tex:39777 mv:18163 misc:3372 imb:49 pmb:1721 smb:1830 d:- ref:0 ;
in:657 out:659 type:b dur:2 cpbdur:2 q:20.40 aq:15.05 tex:3999 mv:3458 misc:2799 imb:5 pmb:888 smb:2707 d:- ref:0 ;
in:659 out:660 type:b dur:2 cpbdur:2 q:20.39 aq:17.40 tex:18732 mv:12140 misc:3048 imb:13 pmb:1219 smb:2368 d:- ref:0 ;
in:664 out:661 type:P dur:2 cpbdur:2 q:20.36 aq:11.35 tex:284793 mv:25208 misc:2071 imb:658 pmb:2237 smb:705 d:- ref:0 ;
in:662 out:662 type:B dur:2 cpbdur:2 q:20.37 aq:14.69 tex:61045 mv:20398 misc:3189 imb:79 pmb:1898 smb:1623 d:- ref:0 ;
in:661 out:663 type:b dur:2 cpbdur:2 q:20.38 aq:14.86 tex:3990 mv:3042 misc:2736 imb:9 pmb:803 smb:2788 d:- ref:0 ;
in:663 out:664 type:b dur:2 cpbdur:2 q:20.37 aq:16.38 tex:20717 mv:13134 misc:3109 imb:25 pmb:1224 smb:2351 d:- ref:0 ;
in:666 out:665 type:P dur:2 cpbdur:2 q:20.32 aq:10.77 tex:257012 mv:21463 misc:2261 imb:508 pmb:2206 smb:886 d:- ref:0 ;
in:665 out:666 type:b dur:2 cpbdur:2 q:20.34 aq:16.20 tex:22246 mv:12393 misc:3185 imb:30 pmb:1245 smb:2325 d:- ref:0 ;
in:670 out:667 type:P dur:2 cpbdur:2 q:20.29 aq:11.11 tex:297969 mv:24828 misc:2099 imb:613 pmb:2263 smb:724 d:- ref:0 ;
in:668 out:668 type:B dur:2 cpbdur:2 q:20.31 aq:15.58 tex:37471 mv:16947 misc:3278 imb:26 pmb:1598 smb:1976 d:- ref:0 ;
in:667 out:669 type:b dur:2 cpbdur:2 q:20.31 aq:13.81 tex:4392 mv:4119 misc:2913 imb:7 pmb:970 smb:2623 d:- ref:0 ;
in:669 out:670 type:b dur:2 cpbdur:2 q:20.30 aq:17.32 tex:21804 mv:12575 misc:2965 imb:11 pmb:1279 smb:2310 d:- ref:0 ;
in:674 out:671 type:P dur:2 cpbdur:2 q:20.28 aq:11.07 tex:309073 mv:25813 misc:2082 imb:659 pmb:2260 smb:681 d:- ref:0 ;
in:672 out:672 type:B dur:2 cpbdur:2 q:20.29 aq:15.07 tex:63393 mv:19606 misc:3201 imb:43 pmb:1718 smb:1839 d:- ref:0 ;
in:671 out:673 type:b dur:2 cpbdur:2 q:20.29 aq:14.65 tex:3443 mv:2566 misc:2471 imb:5 pmb:673 smb:2922 d:- ref:0 ;
in:673 out:674 type:b dur:2 cpbdur:2 q:20.28 aq:16.53 tex:24346 mv:14221 misc:3129 imb:31 pmb:1311 smb:2258 d:- ref:0 ;
in:678 out:675 type:P dur:2 cpbdur:2 q:20.25 aq:11.00 tex:361240 mv:26465 misc:2039 imb:676 pmb:2238 smb:686 d:- ref:0 ;
in:676 out:676 type:B dur:2 cpbdur:2 q:20.27 aq:14.87 tex:70153 mv:18199 misc:3144 imb:44 pmb:1852 smb:1704 d:- ref:0 ;
in:675 out:677 type:b dur:2 cpbdur:2 q:20.28 aq:16.85 tex:40377 mv:16888 misc:3175 imb:39 pmb:1568 smb:1993 d:- ref:0 ;
in:677 out:678 type:b dur:2 cpbdur:2 q:20.26 aq:14.63 tex:3990 mv:2938 misc:2608 imb:4 pmb:776 smb:2820 d:- ref:0 ;
in:682 out:679 type:P dur:2 cpbdur:2 q:20.23 aq:11.16 tex:302943 mv:25079 misc:2186 imb:566 pmb:2306 smb:728 d:- ref:0 ;
in:680 out:680 type:B dur:2 cpbdur:2 q:20.24 aq:15.27 tex:54045 mv:18304 misc:3251 imb:62 pmb:1764 smb:1774 d:- ref:0 ;
in:679 out:681 type:b dur:2 cpbdur:2 q:20.25 aq:17.33 tex:30452 mv:13701 misc:2991 imb:19 pmb:1275 smb:2306 d:- ref:0 ;
in:681 out:682 type:b dur:2 cpbdur:2 q:20.24 aq:14.65 tex:3812 mv:2394 misc:2474 imb:5 pmb:699 smb:2896 d:- ref:0 ;
in:686 out:683 type:P dur:2 cpbdur:2 q:20.20 aq:11.02 tex:364427 mv:27077 misc:1920 imb:715 pmb:2254 smb:631 d:- ref:0 ;
in:684 out:684 type:B dur:2 cpbdur:2 q:20.22 aq:14.60 tex:78722 mv:22450 misc:3140 imb:82 pmb:1839 smb:1679 d:- ref:0 ;
in:683 out:685 type:b dur:2 cpbdur:2 q:20.23 aq:16.76 tex:31859 mv:13940 misc:3145 imb:22 pmb:1343 smb:2235 d:- ref:0 ;
in:685 out:686 type:b dur:2 cpbdur:2 q:20.21 aq:16.72 tex:29504 mv:14877 misc:3147 imb:25 pmb:1375 smb:2200 d:- ref:0 ;
in:690 out:687 type:P dur:2 cpbdur:2 q:20.19 aq:11.25 tex:322100 mv:25467 misc:2065 imb:613 pmb:2291 smb:696 d:- ref:0 ;
in:688 out:688 type:B dur:2 cpbdur:2 q:20.20 aq:15.48 tex:50628 mv:18191 misc:3285 imb:24 pmb:1703 smb:1873 d:- ref:0 ;
in:687 out:689 type:b dur:2 cpbdur:2 q:20.20 aq:16.06 tex:4970 mv:4515 misc:2995 imb:8 pmb:1025 smb:2567 d:- ref:0 ;
in:689 out:690 type:b dur:2 cpbdur:2 q:20.19 aq:16.95 tex:24983 mv:13603 misc:2982 imb:17 pmb:1280 smb:2303 d:- ref:0 ;
in:694 out:691 type:P dur:2 cpbdur:2 q:20.17 aq:11.51 tex:294822 mv:25158 misc:2188 imb:650 pmb:2239 smb:711 d:- ref:0 ;
in:692 out:692 type:B dur:2 cpbdur:2 q:20.18 aq:14.74 tex:71505 mv:19631 misc:3168 imb:33 pmb:1774 smb:1793 d:- ref:0 ;
in:691 out:693 type:b dur:2 cpbdur:2 q:20.19 aq:14.41 tex:3025 mv:2306 misc:2221 imb:7 pmb:589 smb:3004 d:- ref:0 ;
in:693 out:694 type:b dur:2 cpbdur:2 q:20.18 aq:16.70 tex:29939 mv:14748 misc:3273 imb:23 pmb:1461 smb:2116 d:- ref:0 ;
in:696 out:695 type:P dur:2 cpbdur:2 q:20.14 aq:11.26 tex:260676 mv:22909 misc:2351 imb:520 pmb:2265 smb:815 d:- ref:0 ;
in:695 out:696 type:b dur:2 cpbdur:2 q:20.15 aq:15.97 tex:28120 mv:14277 misc:3331 imb:34 pmb:1410 smb:2156 d:- ref:0 ;
in:700 out:697 type:P dur:2 cpbdur:2 q:20.10 aq:11.73 tex:267777 mv:25071 misc:2272 imb:585 pmb:2260 smb:755 d:- ref:0 ;
in:698 out:698 type:B dur:2 cpbdur:2 q:20.12 aq:15.49 tex:48164 mv:18476 misc:3304 imb:44 pmb:1709 smb:1847 d:- ref:0 ;
in:697 out:699 type:b dur:2 cpbdur:2 q:20.13 aq:15.22 tex:4420 mv:3960 misc:2876 imb:5 pmb:956 smb:2639 d:- ref:0 ;
in:699 out:700 type:b dur:2 cpbdur:2 q:20.11 aq:17.27 tex:27749 mv:14612 misc:3031 imb:31 pmb:1366 smb:2203 d:- ref:0 ;
in:704 out:701 type:P dur:2 cpbdur:2 q:20.10 aq:12.50 tex:223755 mv:25012 misc:2489 imb:635 pmb:2165 smb:800 d:- ref:0 ;
in:702 out:702 type:B dur:2 cpbdur:2 q:20.10 aq:14.38 tex:76018 mv:20596 misc:3162 imb:59 pmb:1827 smb:1714 d:- ref:0 ;
in:701 out:703 type:b dur:2 cpbdur:2 q:20.10 aq:14.69 tex:4111 mv:2034 misc:2287 imb:8 pmb:578 smb:3014 d:- ref:0 ;
in:703 out:704 type:b dur:2 cpbdur:2 q:20.10 aq:16.40 tex:27484 mv:14479 misc:3237 imb:19 pmb:1407 smb:2174 d:- ref:0 ;
in:706 out:705 type:P dur:2 cpbdur:2 q:20.05 aq:13.18 tex:274303 mv:28030 misc:1891 imb:1007 pmb:2172 smb:421 d:- ref:0 w:6,61,2,7,121,6,119,8 ;
in:705 out:706 type:b dur:2 cpbdur:2 q:20.07 aq:15.80 tex:50262 mv:19732 misc:3342 imb:86 pmb:1989 smb:1525 d:- ref:0 ;
in:709 out:707 type:P dur:2 cpbdur:2 q:20.02 aq:13.85 tex:456480 mv:32878 misc:522 imb:1754 pmb:1840 smb:6 d:- ref:0 w:7,113,7,7,113,14,109,20 ;
in:707 out:708 type:B dur:2 cpbdur:2 q:20.04 aq:15.44 tex:78508 mv:19647 misc:2981 imb:191 pmb:2427 smb:982 d:- ref:0 ;
in:708 out:709 type:b dur:2 cpbdur:2 q:20.03 aq:15.60 tex:49032 mv:19546 misc:3502 imb:124 pmb:1697 smb:1779 d:- ref:0 ;
in:711 out:710 type:P dur:2 cpbdur:2 q:20.10 aq:13.77 tex:454317 mv:33893 misc:502 imb:1416 pmb:2182 smb:2 d:- ref:0 w:4,15,4,4,16,-1,15,8 ;
in:710 out:711 type:b dur:2 cpbdur:2 q:20.06 aq:15.89 tex:44124 mv:19296 misc:3428 imb:74 pmb:1631 smb:1895 d:- ref:0 ;
in:712 out:712 type:P dur:2 cpbdur:2 q:20.13 aq:14.12 tex:203642 mv:20206 misc:2016 imb:613 pmb:2450 smb:537 d:- ref:0 w:6,63,1 ;
in:716 out:713 type:P dur:2 cpbdur:2 q:20.18 aq:12.79 tex:606979 mv:32163 misc:562 imb:2512 pmb:1088 smb:0 d:- ref:0 w:7,127,2,6,71,-15,66,-1 ;
in:714 out:714 type:B dur:2 cpbdur:2 q:20.15 aq:14.40 tex:111826 mv:29153 misc:3205 imb:172 pmb:2015 smb:1413 d:- ref:0 ;
in:713 out:715 type:b dur:2 cpbdur:2 q:20.14 aq:15.26 tex:44308 mv:18236 misc:3392 imb:110 pmb:1640 smb:1850 d:- ref:0 ;
in:715 out:716 type:b dur:2 cpbdur:2 q:20.17 aq:16.20 tex:30992 mv:17198 misc:3298 imb:43 pmb:1383 smb:2174 d:- ref:0 ;
in:720 out:717 type:P dur:2 cpbdur:2 q:20.30 aq:10.13 tex:512328 mv:30854 misc:578 imb:2410 pmb:1179 smb:11 d:- ref:0 w:6,73,-5,6,81,-35,80,-28 ;
in:718 out:718 type:B dur:2 cpbdur:2 q:20.24 aq:13.56 tex:61709 mv:20916 misc:3327 imb:168 pmb:1736 smb:1696 d:- ref:0 ;
in:717 out:719 type:b dur:2 cpbdur:2 q:20.21 aq:15.21 tex:20350 mv:9391 misc:3243 imb:33 pmb:1194 smb:2373 d:- ref:0 ;
in:719 out:720 type:b dur:2 cpbdur:2 q:20.27 aq:15.29 tex:36913 mv:17663 misc:3344 imb:110 pmb:1731 smb:1759 d:- ref:0 ;
in:724 out:721 type:P dur:2 cpbdur:2 q:20.33 aq:10.58 tex:171391 mv:22586 misc:2831 imb:489 pmb:2309 smb:802 d:- ref:0 ;
in:722 out:722 type:B dur:2 cpbdur:2 q:20.31 aq:14.19 tex:27317 mv:12311 misc:3524 imb:21 pmb:1457 smb:2122 d:- ref:0 ;
in:721 out:723 type:b dur:2 cpbdur:2 q:20.31 aq:13.97 tex:5904 mv:3294 misc:3162 imb:7 pmb:994 smb:2599 d:- ref:0 ;
in:723 out:724 type:b dur:2 cpbdur:2 q:20.32 aq:15.41 tex:8966 mv:7080 misc:2842 imb:14 pmb:876 smb:2710 d:- ref:0 ;
in:728 out:725 type:P dur:2 cpbdur:2 q:20.25 aq:10.64 tex:189063 mv:25720 misc:2433 imb:628 pmb:2361 smb:611 d:- ref:0 ;
in:726 out:726 type:B dur:2 cpbdur:2 q:20.29 aq:13.81 tex:25521 mv:12166 misc:3481 imb:38 pmb:1405 smb:2157 d:- ref:0 ;
in:725 out:727 type:b dur:2 cpbdur:2 q:20.31 aq:14.97 tex:15098 mv:10238 misc:3608 imb:46 pmb:1495 smb:2059 d:- ref:0 ;
in:727 out:728 type:b dur:2 cpbdur:2 q:20.27 aq:13.97 tex:3852 mv:2378 misc:2874 imb:4 pmb:813 smb:2783 d:- ref:0 ;
in:731 out:729 type:P dur:2 cpbdur:2 q:20.17 aq:10.42 tex:196306 mv:24530 misc:2404 imb:599 pmb:2354 smb:647 d:- ref:0 ;
in:729 out:730 type:B dur:2 cpbdur:2 q:20.22 aq:14.17 tex:19512 mv:10162 misc:3318 imb:35 pmb:1203 smb:2362 d:- ref:0 ;
in:730 out:731 type:b dur:2 cpbdur:2 q:20.19 aq:15.26 tex:9714 mv:8095 misc:3071 imb:22 pmb:984 smb:2594 d:- ref:0 ;
in:735 out:732 type:P dur:2 cpbdur:2 q:20.11 aq:10.68 tex:178380 mv:24647 misc:2461 imb:576 pmb:2355 smb:669 d:- ref:0 ;
in:733 out:733 type:B dur:2 cpbdur:2 q:20.14 aq:13.31 tex:27887 mv:13733 misc:3644 imb:65 pmb:1740 smb:1795 d:- ref:0 ;
in:732 out:734 type:b dur:2 cpbdur:2 q:20.15 aq:14.43 tex:4021 mv:2497 misc:2882 imb:6 pmb:828 smb:2766 d:- ref:0 ;
in:734 out:735 type:b dur:2 cpbdur:2 q:20.13 aq:15.31 tex:9688 mv:7352 misc:2816 imb:15 pmb:852 smb:2733 d:- ref:0 ;
in:739 out:736 type:P dur:2 cpbdur:2 q:20.04 aq:10.93 tex:199098 mv:27428 misc:2162 imb:763 pmb:2282 smb:555 d:- ref:0 ;
in:737 out:737 type:B dur:2 cpbdur:2 q:20.08 aq:13.16 tex:36961 mv:15318 misc:3569 imb:74 pmb:1829 smb:1697 d:- ref:0 ;
in:736 out:738 type:b dur:2 cpbdur:2 q:20.09 aq:14.55 tex:4736 mv:2617 misc:2975 imb:8 pmb:857 smb:2735 d:- ref:0 ;
in:738 out:739 type:b dur:2 cpbdur:2 q:20.06 aq:15.17 tex:9845 mv:7811 misc:2960 imb:22 pmb:912 smb:2666 d:- ref:0 ;
in:741 out:740 type:P dur:2 cpbdur:2 q:19.98 aq:10.44 tex:181451 mv:21363 misc:2698 imb:534 pmb:2251 smb:815 d:- ref:0 ;
in:740 out:741 type:b dur:2 cpbdur:2 q:20.01 aq:14.74 tex:12302 mv:8841 misc:3137 imb:38 pmb:1039 smb:2523 d:- ref:0 ;
in:745 out:742 type:P dur:2 cpbdur:2 q:19.91 aq:10.95 tex:166559 mv:22092 misc:2893 imb:516 pmb:2178 smb:906 d:- ref:0 ;
in:743 out:743 type:B dur:2 cpbdur:2 q:19.95 aq:13.58 tex:22398 mv:12275 misc:3367 imb:33 pmb:1314 smb:2253 d:- ref:0 ;
in:742 out:744 type:b dur:2 cpbdur:2 q:19.96 aq:14.33 tex:3870 mv:2897 misc:2969 imb:4 pmb:888 smb:2708 d:- ref:0 ;
in:744 out:745 type:b dur:2 cpbdur:2 q:19.93 aq:15.66 tex:9001 mv:7235 misc:2796 imb:14 pmb:835 smb:2751 d:- ref:0 ;
in:749 out:746 type:P dur:2 cpbdur:2 q:19.85 aq:12.04 tex:164125 mv:25813 misc:2534 imb:740 pmb:2159 smb:701 d:- ref:0 ;
in:747 out:747 type:B dur:2 cpbdur:2 q:19.88 aq:13.08 tex:33722 mv:13802 misc:3420 imb:53 pmb:1413 smb:2134 d:- ref:0 ;
in:746 out:748 type:b dur:2 cpbdur:2 q:19.90 aq:14.21 tex:3431 mv:2383 misc:2754 imb:7 pmb:774 smb:2819 d:- ref:0 ;
in:748 out:749 type:b dur:2 cpbdur:2 q:19.87 aq:15.24 tex:10783 mv:8001 misc:2912 imb:22 pmb:914 smb:2664 d:- ref:0 ;
in:750 out:750 type:I dur:2 cpbdur:2 q:17.16 aq:8.30 tex:580810 mv:82692 misc:618 imb:3600 pmb:0 smb:0 d:- ref:;
in:754 out:751 type:P dur:2 cpbdur:2 q:19.91 aq:10.49 tex:130298 mv:24023 misc:2935 imb:392 pmb:2299 smb:909 d:- ref:0 ;
in:752 out:752 type:B dur:2 cpbdur:2 q:19.91 aq:15.77 tex:12483 mv:9846 misc:3135 imb:9 pmb:1144 smb:2447 d:- ref:0 ;
in:751 out:753 type:b dur:2 cpbdur:2 q:19.91 aq:14.62 tex:3468 mv:2737 misc:2563 imb:3 pmb:710 smb:2887 d:- ref:0 ;
in:753 out:754 type:b dur:2 cpbdur:2 q:19.91 aq:15.08 tex:13736 mv:10002 misc:3254 imb:36 pmb:1156 smb:2408 d:- ref:0 ;
in:758 out:755 type:P dur:2 cpbdur:2 q:19.79 aq:10.50 tex:179571 mv:26448 misc:2437 imb:626 pmb:2323 smb:651 d:- ref:0 ;
in:756 out:756 type:B dur:2 cpbdur:2 q:19.85 aq:12.91 tex:33620 mv:14776 misc:3508 imb:52 pmb:1644 smb:1904 d:- ref:0 ;
in:755 out:757 type:b dur:2 cpbdur:2 q:19.88 aq:14.88 tex:11418 mv:8590 misc:3200 imb:16 pmb:1103 smb:2481 d:- ref:0 ;
in:757 out:758 type:b dur:2 cpbdur:2 q:19.82 aq:13.36 tex:8263 mv:4901 misc:3380 imb:26 pmb:1156 smb:2418 d:- ref:0 ;
in:761 out:759 type:P dur:2 cpbdur:2 q:19.71 aq:10.19 tex:198415 mv:24484 misc:2549 imb:582 pmb:2287 smb:731 d:- ref:0 ;
in:759 out:760 type:B dur:2 cpbdur:2 q:19.76 aq:14.46 tex:19853 mv:11882 misc:3345 imb:32 pmb:1347 smb:2221 d:- ref:0 ;
in:760 out:761 type:b dur:2 cpbdur:2 q:19.73 aq:14.69 tex:13966 mv:10016 misc:3130 imb:31 pmb:1114 smb:2455 d:- ref:0 ;
in:765 out:762 type:P dur:2 cpbdur:2 q:19.66 aq:10.77 tex:164151 mv:23038 misc:2755 imb:521 pmb:2249 smb:830 d:- ref:0 ;
in:763 out:763 type:B dur:2 cpbdur:2 q:19.68 aq:13.93 tex:22527 mv:13209 misc:3440 imb:44 pmb:1377 smb:2179 d:- ref:0 ;
in:762 out:764 type:b dur:2 cpbdur:2 q:19.70 aq:14.01 tex:4076 mv:2851 misc:2913 imb:4 pmb:880 smb:2716 d:- ref:0 ;
in:764 out:765 type:b dur:2 cpbdur:2 q:19.67 aq:15.62 tex:9977 mv:8759 misc:2784 imb:24 pmb:915 smb:2661 d:- ref:0 ;
in:769 out:766 type:P dur:2 cpbdur:2 q:19.58 aq:10.98 tex:182358 mv:27492 misc:2398 imb:649 pmb:2306 smb:645 d:- ref:0 ;
in:767 out:767 type:B dur:2 cpbdur:2 q:19.62 aq:13.01 tex:29569 mv:13934 misc:3249 imb:47 pmb:1384 smb:2169 d:- ref:0 ;
in:766 out:768 type:b dur:2 cpbdur:2 q:19.64 aq:13.83 tex:3563 mv:2325 misc:2744 imb:4 pmb:788 smb:2808 d:- ref:0 ;
in:768 out:769 type:b dur:2 cpbdur:2 q:19.60 aq:15.18 tex:10573 mv:8945 misc:2962 imb:16 pmb:1008 smb:2576 d:- ref:0 ;
in:771 out:770 type:P dur:2 cpbdur:2 q:19.50 aq:10.48 tex:188290 mv:25307 misc:2323 imb:600 pmb:2362 smb:638 d:- ref:0 ;
in:770 out:771 type:b dur:2 cpbdur:2 q:19.54 aq:14.51 tex:14780 mv:10898 misc:3250 imb:45 pmb:1190 smb:2365 d:- ref:0 ;
in:775 out:772 type:P dur:2 cpbdur:2 q:19.45 aq:10.78 tex:189393 mv:26402 misc:2341 imb:639 pmb:2398 smb:563 d:- ref:0 ;
in:773 out:773 type:B dur:2 cpbdur:2 q:19.48 aq:13.27 tex:33344 mv:16546 misc:3534 imb:76 pmb:1873 smb:1651 d:- ref:0 ;
in:772 out:774 type:b dur:2 cpbdur:2 q:19.49 aq:14.00 tex:4308 mv:3041 misc:3003 imb:5 pmb:920 smb:2675 d:- ref:0 ;
in:774 out:775 type:b dur:2 cpbdur:2 q:19.46 aq:15.41 tex:11701 mv:9100 misc:2855 imb:25 pmb:955 smb:2620 d:- ref:0 ;
in:779 out:776 type:P dur:2 cpbdur:2 q:19.40 aq:10.94 tex:205526 mv:28944 misc:1970 imb:824 pmb:2303 smb:473 d:- ref:0 ;
in:777 out:777 type:B dur:2 cpbdur:2 q:19.43 aq:12.69 tex:48117 mv:18995 misc:3448 imb:124 pmb:1920 smb:1556 d:- ref:0 ;
in:776 out:778 type:b dur:2 cpbdur:2 q:19.44 aq:14.26 tex:5183 mv:3608 misc:3033 imb:11 pmb:936 smb:2653 d:- ref:0 ;
in:778 out:779 type:b dur:2 cpbdur:2 q:19.42 aq:14.92 tex:14452 mv:10414 misc:3078 imb:31 pmb:1097 smb:2472 d:- ref:0 ;
in:781 out:780 type:P dur:2 cpbdur:2 q:19.34 aq:10.42 tex:235507 mv:25954 misc:2203 imb:731 pmb:2251 smb:618 d:- ref:0 ;
in:780 out:781 type:b dur:2 cpbdur:2 q:19.37 aq:14.56 tex:20718 mv:13788 misc:3310 imb:75 pmb:1352 smb:2173 d:- ref:0 ;
in:785 out:782 type:P dur:2 cpbdur:2 q:19.30 aq:10.85 tex:171638 mv:24205 misc:2557 imb:544 pmb:2308 smb:748 d:- ref:0 ;
in:783 out:783 type:B dur:2 cpbdur:2 q:19.32 aq:13.44 tex:29829 mv:13938 misc:3433 imb:55 pmb:1480 smb:2065 d:- ref:0 ;
in:782 out:784 type:b dur:2 cpbdur:2 q:19.33 aq:14.02 tex:6043 mv:3514 misc:3155 imb:5 pmb:1023 smb:2572 d:- ref:0 ;
in:784 out:785 type:b dur:2 cpbdur:2 q:19.31 aq:14.96 tex:12997 mv:8988 misc:2967 imb:20 pmb:1011 smb:2569 d:- ref:0 ;
in:789 out:786 type:P dur:2 cpbdur:2 q:19.25 aq:11.54 tex:159208 mv:26559 misc:2497 imb:710 pmb:2156 smb:734 d:- ref:0 ;
in:787 out:787 type:B dur:2 cpbdur:2 q:19.28 aq:12.89 tex:40753 mv:15493 misc:3362 imb:65 pmb:1482 smb:2053 d:- ref:0 ;
in:786 out:788 type:b dur:2 cpbdur:2 q:19.29 aq:13.47 tex:4943 mv:2906 misc:2855 imb:12 pmb:859 smb:2729 d:- ref:0 ;
in:788 out:789 type:b dur:2 cpbdur:2 q:19.27 aq:14.02 tex:14359 mv:10139 misc:2990 imb:28 pmb:1067 smb:2505 d:- ref:0 ;
in:791 out:790 type:P dur:2 cpbdur:2 q:19.17 aq:11.77 tex:134153 mv:24029 misc:2650 imb:549 pmb:2214 smb:837 d:- ref:0 ;
in:790 out:791 type:b dur:2 cpbdur:2 q:19.21 aq:14.51 tex:16746 mv:10581 misc:3145 imb:52 pmb:1099 smb:2449 d:- ref:0 ;
in:794 out:792 type:P dur:2 cpbdur:2 q:19.12 aq:14.26 tex:48418 mv:16624 misc:3382 imb:309 pmb:1636 smb:1655 d:- ref:0 ;
in:792 out:793 type:B dur:2 cpbdur:2 q:19.15 aq:13.39 tex:11206 mv:5330 misc:3208 imb:24 pmb:1076 smb:2500 d:- ref:0 ;
in:793 out:794 type:b dur:2 cpbdur:2 q:19.14 aq:14.59 tex:18155 mv:12054 misc:3367 imb:54 pmb:1340 smb:2206 d:- ref:0 ;
