#options: 720x1280 fps=30/1 timebase=1/30 bitdepth=8 cabac=1 ref=1 deblock=1:0:0 analyse=0x1:0 me=dia subme=2 psy=1 psy_rd=1.00:0.00 mixed_ref=0 me_range=16 chroma_me=1 trellis=0 8x8dct=0 cqm=0 deadzone=21,11 fast_pskip=1 chroma_qp_offset=0 threads=3 lookahead_threads=1 sliced_threads=0 nr=0 decimate=1 interlaced=0 bluray_compat=0 constrained_intra=0 bframes=3 b_pyramid=2 b_adapt=1 b_bias=0 direct=1 weightb=1 open_gop=0 weightp=2 keyint=250 keyint_min=25 scenecut=40 intra_refresh=0 rc_lookahead=40 rc=abr mbtree=1 bitrate=5000 ratetol=1.0 qcomp=0.60 qpmin=0 qpmax=69 qpstep=4 ip_ratio=1.40 aq=1:1.00
in:0 out:0 type:I dur:2 cpbdur:2 q:22.04 aq:20.77 tex:2037126 mv:80618 misc:6016 imb:3600 pmb:0 smb:0 d:- ref:;
in:4 out:1 type:P dur:2 cpbdur:2 q:22.84 aq:21.47 tex:1905281 mv:13140 misc:283 imb:3196 pmb:392 smb:12 d:- ref:0 ;
in:2 out:2 type:B dur:2 cpbdur:2 q:22.84 aq:22.08 tex:1746392 mv:26998 misc:618 imb:2900 pmb:555 smb:145 d:- ref:0 ;
in:1 out:3 type:b dur:2 cpbdur:2 q:22.84 aq:22.38 tex:1669302 mv:29407 misc:835 imb:2726 pmb:615 smb:259 d:- ref:0 ;
in:3 out:4 type:b dur:2 cpbdur:2 q:22.84 aq:22.50 tex:1645700 mv:28754 misc:746 imb:2759 pmb:616 smb:225 d:- ref:0 ;
in:8 out:5 type:P dur:2 cpbdur:2 q:30.84 aq:29.82 tex:285790 mv:22206 misc:412 imb:3240 pmb:338 smb:22 d:- ref:0 ;
in:6 out:6 type:B dur:2 cpbdur:2 q:26.84 aq:26.09 tex:892505 mv:28057 misc:710 imb:2131 pmb:1306 smb:163 d:- ref:0 ;
in:5 out:7 type:b dur:2 cpbdur:2 q:24.84 aq:24.36 tex:1293152 mv:28805 misc:867 imb:2593 pmb:712 smb:295 d:- ref:0 ;
in:7 out:8 type:b dur:2 cpbdur:2 q:28.84 aq:28.13 tex:473763 mv:26833 misc:1348 imb:1807 pmb:1365 smb:428 d:- ref:0 ;
in:12 out:9 type:P dur:2 cpbdur:2 q:38.84 aq:37.81 tex:15816 mv:8068 misc:2148 imb:1451 pmb:308 smb:1841 d:- ref:0 ;
in:10 out:10 type:B dur:2 cpbdur:2 q:34.84 aq:34.01 tex:18777 mv:9654 misc:3505 imb:618 pmb:792 smb:2190 d:- ref:0 ;
in:9 out:11 type:b dur:2 cpbdur:2 q:32.84 aq:32.10 tex:38975 mv:10389 misc:3580 imb:629 pmb:1113 smb:1858 d:- ref:0 ;
in:11 out:12 type:b dur:2 cpbdur:2 q:36.84 aq:36.08 tex:1548 mv:902 misc:1542 imb:35 pmb:233 smb:3332 d:- ref:0 ;
in:16 out:13 type:P dur:2 cpbdur:2 q:45.90 aq:44.48 tex:3521 mv:5585 misc:2062 imb:493 pmb:208 smb:2899 d:- ref:0 ;
in:14 out:14 type:B dur:2 cpbdur:2 q:42.37 aq:41.29 tex:725 mv:1147 misc:848 imb:18 pmb:91 smb:3491 d:- ref:0 ;
in:13 out:15 type:b dur:2 cpbdur:2 q:40.60 aq:39.98 tex:376 mv:274 misc:654 imb:7 pmb:64 smb:3529 d:- ref:0 ;
in:15 out:16 type:b dur:2 cpbdur:2 q:44.13 aq:43.97 tex:174 mv:176 misc:418 imb:4 pmb:25 smb:3571 d:- ref:0 ;
in:20 out:17 type:P dur:2 cpbdur:2 q:43.49 aq:42.51 tex:7650 mv:5919 misc:2447 imb:1441 pmb:210 smb:1949 d:- ref:0 ;
in:18 out:18 type:B dur:2 cpbdur:2 q:44.70 aq:43.08 tex:394 mv:1285 misc:1025 imb:37 pmb:120 smb:3443 d:- ref:0 ;
in:17 out:19 type:b dur:2 cpbdur:2 q:45.30 aq:43.73 tex:179 mv:770 misc:627 imb:13 pmb:59 smb:3528 d:- ref:0 ;
in:19 out:20 type:b dur:2 cpbdur:2 q:44.09 aq:43.18 tex:171 mv:168 misc:413 imb:4 pmb:25 smb:3571 d:- ref:0 ;
in:24 out:21 type:P dur:2 cpbdur:2 q:41.38 aq:40.38 tex:9171 mv:6240 misc:2589 imb:1029 pmb:266 smb:2305 d:- ref:0 ;
in:22 out:22 type:B dur:2 cpbdur:2 q:42.44 aq:41.83 tex:245 mv:361 misc:578 imb:6 pmb:50 smb:3544 d:- ref:0 ;
in:21 out:23 type:b dur:2 cpbdur:2 q:42.96 aq:42.33 tex:194 mv:535 misc:583 imb:7 pmb:55 smb:3538 d:- ref:0 ;
in:23 out:24 type:b dur:2 cpbdur:2 q:41.91 aq:41.34 tex:379 mv:371 misc:690 imb:14 pmb:64 smb:3522 d:- ref:0 ;
in:28 out:25 type:P dur:2 cpbdur:2 q:39.60 aq:38.71 tex:14645 mv:8259 misc:2544 imb:1681 pmb:289 smb:1630 d:- ref:0 ;
in:26 out:26 type:B dur:2 cpbdur:2 q:40.49 aq:39.92 tex:525 mv:752 misc:939 imb:16 pmb:110 smb:3474 d:- ref:0 ;
in:25 out:27 type:b dur:2 cpbdur:2 q:40.93 aq:40.01 tex:410 mv:749 misc:849 imb:15 pmb:92 smb:3493 d:- ref:0 ;
in:27 out:28 type:b dur:2 cpbdur:2 q:40.05 aq:39.87 tex:398 mv:230 misc:684 imb:4 pmb:71 smb:3525 d:- ref:0 ;
in:32 out:29 type:P dur:2 cpbdur:2 q:38.08 aq:37.09 tex:21246 mv:8855 misc:2539 imb:1600 pmb:341 smb:1659 d:- ref:0 ;
in:30 out:30 type:B dur:2 cpbdur:2 q:38.84 aq:37.99 tex:1017 mv:1168 misc:1295 imb:27 pmb:180 smb:3393 d:- ref:0 ;
in:29 out:31 type:b dur:2 cpbdur:2 q:39.22 aq:38.55 tex:702 mv:587 misc:1039 imb:7 pmb:140 smb:3453 d:- ref:0 ;
in:31 out:32 type:b dur:2 cpbdur:2 q:38.46 aq:37.53 tex:1559 mv:1251 misc:1694 imb:44 pmb:270 smb:3286 d:- ref:0 ;
in:36 out:33 type:P dur:2 cpbdur:2 q:36.58 aq:35.73 tex:26610 mv:9895 misc:2375 imb:1711 pmb:357 smb:1532 d:- ref:0 ;
in:34 out:34 type:B dur:2 cpbdur:2 q:37.33 aq:36.28 tex:2993 mv:3992 misc:2663 imb:153 pmb:524 smb:2923 d:- ref:0 ;
in:33 out:35 type:b dur:2 cpbdur:2 q:37.71 aq:37.17 tex:1356 mv:927 misc:1533 imb:18 pmb:246 smb:3336 d:- ref:0 ;
in:35 out:36 type:b dur:2 cpbdur:2 q:36.95 aq:36.48 tex:2074 mv:1002 misc:1820 imb:22 pmb:326 smb:3252 d:- ref:0 ;
in:40 out:37 type:P dur:2 cpbdur:2 q:35.22 aq:34.57 tex:44344 mv:13163 misc:2381 imb:2106 pmb:415 smb:1079 d:- ref:0 ;
in:38 out:38 type:B dur:2 cpbdur:2 q:35.90 aq:35.16 tex:6183 mv:5562 misc:3135 imb:246 pmb:719 smb:2635 d:- ref:0 ;
in:37 out:39 type:b dur:2 cpbdur:2 q:36.24 aq:35.23 tex:2995 mv:1663 misc:2310 imb:54 pmb:468 smb:3078 d:- ref:0 ;
in:39 out:40 type:b dur:2 cpbdur:2 q:35.56 aq:34.96 tex:3646 mv:1614 misc:2452 imb:66 pmb:509 smb:3025 d:- ref:0 ;
in:44 out:41 type:P dur:2 cpbdur:2 q:34.07 aq:32.70 tex:86678 mv:18831 misc:1083 imb:3036 pmb:380 smb:184 d:- ref:0 ;
in:42 out:42 type:B dur:2 cpbdur:2 q:34.65 aq:33.95 tex:11334 mv:7899 misc:3487 imb:367 pmb:967 smb:2266 d:- ref:0 ;
in:41 out:43 type:b dur:2 cpbdur:2 q:34.94 aq:34.10 tex:4941 mv:2210 misc:2801 imb:77 pmb:676 smb:2847 d:- ref:0 ;
in:43 out:44 type:b dur:2 cpbdur:2 q:34.36 aq:33.90 tex:6898 mv:2631 misc:2919 imb:104 pmb:709 smb:2787 d:- ref:0 ;
in:48 out:45 type:P dur:2 cpbdur:2 q:33.14 aq:32.09 tex:125041 mv:20423 misc:1352 imb:2855 pmb:456 smb:289 d:- ref:0 ;
in:46 out:46 type:B dur:2 cpbdur:2 q:33.61 aq:33.06 tex:28816 mv:10846 misc:3618 imb:614 pmb:1004 smb:1982 d:- ref:0 ;
in:45 out:47 type:b dur:2 cpbdur:2 q:33.84 aq:33.13 tex:7318 mv:3654 misc:3060 imb:176 pmb:733 smb:2691 d:- ref:0 ;
in:47 out:48 type:b dur:2 cpbdur:2 q:33.38 aq:32.74 tex:18920 mv:5581 misc:3395 imb:285 pmb:965 smb:2350 d:- ref:0 ;
in:52 out:49 type:P dur:2 cpbdur:2 q:32.43 aq:31.63 tex:201834 mv:21028 misc:1282 imb:2812 pmb:537 smb:251 d:- ref:0 ;
in:50 out:50 type:B dur:2 cpbdur:2 q:32.79 aq:31.77 tex:66117 mv:17133 misc:3342 imb:1036 pmb:1352 smb:1212 d:- ref:0 ;
in:49 out:51 type:b dur:2 cpbdur:2 q:32.97 aq:32.77 tex:37281 mv:5810 misc:3469 imb:286 pmb:1080 smb:2234 d:- ref:0 ;
in:51 out:52 type:b dur:2 cpbdur:2 q:32.61 aq:32.10 tex:46112 mv:10171 misc:3477 imb:588 pmb:1111 smb:1901 d:- ref:0 ;
in:56 out:53 type:P dur:2 cpbdur:2 q:32.02 aq:31.32 tex:303435 mv:22612 misc:769 imb:2991 pmb:516 smb:93 d:- ref:0 ;
in:54 out:54 type:B dur:2 cpbdur:2 q:32.22 aq:31.47 tex:102271 mv:23382 misc:2883 imb:1702 pmb:995 smb:903 d:- ref:0 ;
in:53 out:55 type:b dur:2 cpbdur:2 q:32.33 aq:31.76 tex:30879 mv:11345 misc:3632 imb:686 pmb:1121 smb:1793 d:- ref:0 ;
in:55 out:56 type:b dur:2 cpbdur:2 q:32.12 aq:31.17 tex:53011 mv:15791 misc:3454 imb:1052 pmb:1128 smb:1420 d:- ref:0 ;
in:60 out:57 type:P dur:2 cpbdur:2 q:32.00 aq:30.74 tex:202499 mv:23064 misc:533 imb:3152 pmb:402 smb:46 d:- ref:0 ;
in:58 out:58 type:B dur:2 cpbdur:2 q:32.01 aq:31.32 tex:124512 mv:21505 misc:2815 imb:1536 pmb:1165 smb:899 d:- ref:0 ;
in:57 out:59 type:b dur:2 cpbdur:2 q:32.02 aq:31.16 tex:56268 mv:16532 misc:3352 imb:1189 pmb:1002 smb:1409 d:- ref:0 ;
in:59 out:60 type:b dur:2 cpbdur:2 q:32.01 aq:31.22 tex:72366 mv:13329 misc:3385 imb:809 pmb:1309 smb:1482 d:- ref:0 ;
in:64 out:61 type:P dur:2 cpbdur:2 q:31.86 aq:30.93 tex:225353 mv:23080 misc:663 imb:3012 pmb:519 smb:69 d:- ref:0 ;
in:62 out:62 type:B dur:2 cpbdur:2 q:31.93 aq:31.11 tex:130867 mv:20938 misc:2763 imb:1339 pmb:1421 smb:840 d:- ref:0 ;
in:61 out:63 type:b dur:2 cpbdur:2 q:31.97 aq:31.35 tex:76880 mv:13622 misc:3346 imb:795 pmb:1332 smb:1473 d:- ref:0 ;
in:63 out:64 type:b dur:2 cpbdur:2 q:31.89 aq:31.12 tex:103577 mv:14865 misc:3078 imb:882 pmb:1469 smb:1249 d:- ref:0 ;
in:68 out:65 type:P dur:2 cpbdur:2 q:31.83 aq:31.24 tex:306453 mv:22467 misc:736 imb:2904 pmb:612 smb:84 d:- ref:0 ;
in:66 out:66 type:B dur:2 cpbdur:2 q:31.84 aq:30.76 tex:91490 mv:23975 misc:2703 imb:1712 pmb:1123 smb:765 d:- ref:0 ;
in:65 out:67 type:b dur:2 cpbdur:2 q:31.85 aq:31.20 tex:105907 mv:12852 misc:3177 imb:711 pmb:1592 smb:1297 d:- ref:0 ;
in:67 out:68 type:b dur:2 cpbdur:2 q:31.84 aq:30.53 tex:58386 mv:18522 misc:3324 imb:1217 pmb:1092 smb:1291 d:- ref:0 ;
in:72 out:69 type:P dur:2 cpbdur:2 q:31.94 aq:31.25 tex:303856 mv:21631 misc:497 imb:3161 pmb:404 smb:35 d:- ref:0 ;
in:70 out:70 type:B dur:2 cpbdur:2 q:31.89 aq:31.08 tex:83124 mv:25182 misc:2590 imb:2060 pmb:787 smb:753 d:- ref:0 ;
in:69 out:71 type:b dur:2 cpbdur:2 q:31.86 aq:31.36 tex:128693 mv:17174 misc:2845 imb:1054 pmb:1498 smb:1048 d:- ref:0 ;
in:71 out:72 type:b dur:2 cpbdur:2 q:31.91 aq:31.45 tex:145276 mv:16313 misc:2923 imb:921 pmb:1511 smb:1168 d:- ref:0 ;
in:76 out:73 type:P dur:2 cpbdur:2 q:31.98 aq:30.89 tex:255470 mv:22928 misc:578 imb:3108 pmb:437 smb:55 d:- ref:0 ;
in:74 out:74 type:B dur:2 cpbdur:2 q:31.96 aq:31.13 tex:122143 mv:24649 misc:2576 imb:1812 pmb:1025 smb:763 d:- ref:0 ;
in:73 out:75 type:b dur:2 cpbdur:2 q:31.95 aq:31.07 tex:65224 mv:16308 misc:3308 imb:1192 pmb:1083 smb:1325 d:- ref:0 ;
in:75 out:76 type:b dur:2 cpbdur:2 q:31.97 aq:31.13 tex:62611 mv:16391 misc:3430 imb:994 pmb:1260 smb:1346 d:- ref:0 ;
in:80 out:77 type:P dur:2 cpbdur:2 q:32.16 aq:31.25 tex:234172 mv:22982 misc:694 imb:3088 pmb:436 smb:76 d:- ref:0 ;
in:78 out:78 type:B dur:2 cpbdur:2 q:32.07 aq:31.40 tex:127620 mv:22204 misc:2864 imb:1546 pmb:1159 smb:895 d:- ref:0 ;
in:77 out:79 type:b dur:2 cpbdur:2 q:32.03 aq:31.32 tex:93592 mv:16084 misc:3268 imb:1042 pmb:1291 smb:1267 d:- ref:0 ;
in:79 out:80 type:b dur:2 cpbdur:2 q:32.12 aq:31.59 tex:54507 mv:13566 misc:3479 imb:917 pmb:1046 smb:1637 d:- ref:0 ;
in:84 out:81 type:P dur:2 cpbdur:2 q:32.11 aq:31.00 tex:173669 mv:22097 misc:690 imb:3101 pmb:428 smb:71 d:- ref:0 ;
in:82 out:82 type:B dur:2 cpbdur:2 q:32.14 aq:31.47 tex:95182 mv:19112 misc:3146 imb:1216 pmb:1302 smb:1082 d:- ref:0 ;
in:81 out:83 type:b dur:2 cpbdur:2 q:32.15 aq:31.33 tex:62224 mv:14298 misc:3382 imb:889 pmb:1275 smb:1436 d:- ref:0 ;
in:83 out:84 type:b dur:2 cpbdur:2 q:32.12 aq:31.69 tex:33042 mv:10116 misc:3610 imb:586 pmb:1144 smb:1870 d:- ref:0 ;
in:88 out:85 type:P dur:2 cpbdur:2 q:31.97 aq:30.66 tex:198004 mv:22944 misc:620 imb:3054 pmb:488 smb:58 d:- ref:0 ;
in:86 out:86 type:B dur:2 cpbdur:2 q:32.04 aq:31.70 tex:140378 mv:17909 misc:2937 imb:1045 pmb:1633 smb:922 d:- ref:0 ;
in:85 out:87 type:b dur:2 cpbdur:2 q:32.07 aq:31.16 tex:44020 mv:14952 misc:3484 imb:867 pmb:1275 smb:1458 d:- ref:0 ;
in:87 out:88 type:b dur:2 cpbdur:2 q:32.01 aq:31.63 tex:119404 mv:14535 misc:3213 imb:882 pmb:1415 smb:1303 d:- ref:0 ;
in:92 out:89 type:P dur:2 cpbdur:2 q:31.84 aq:30.94 tex:213152 mv:22612 misc:572 imb:3108 pmb:439 smb:53 d:- ref:0 ;
in:90 out:90 type:B dur:2 cpbdur:2 q:31.91 aq:31.08 tex:119334 mv:21200 misc:2778 imb:1383 pmb:1353 smb:864 d:- ref:0 ;
in:89 out:91 type:b dur:2 cpbdur:2 q:31.94 aq:31.41 tex:54013 mv:12573 misc:3494 imb:723 pmb:1250 smb:1627 d:- ref:0 ;
in:91 out:92 type:b dur:2 cpbdur:2 q:31.88 aq:31.32 tex:71049 mv:13170 misc:3405 imb:763 pmb:1380 smb:1457 d:- ref:0 ;
in:96 out:93 type:P dur:2 cpbdur:2 q:31.82 aq:30.88 tex:187777 mv:22326 misc:657 imb:3084 pmb:442 smb:74 d:- ref:0 ;
in:94 out:94 type:B dur:2 cpbdur:2 q:31.83 aq:30.98 tex:111861 mv:19574 misc:2717 imb:1255 pmb:1499 smb:846 d:- ref:0 ;
in:93 out:95 type:b dur:2 cpbdur:2 q:31.84 aq:31.37 tex:88634 mv:13264 misc:3406 imb:739 pmb:1467 smb:1394 d:- ref:0 ;
in:95 out:96 type:b dur:2 cpbdur:2 q:31.82 aq:31.33 tex:74578 mv:12189 misc:3449 imb:646 pmb:1551 smb:1403 d:- ref:0 ;
in:100 out:97 type:P dur:2 cpbdur:2 q:31.68 aq:30.65 tex:145052 mv:23132 misc:656 imb:3091 pmb:434 smb:75 d:- ref:0 ;
in:98 out:98 type:B dur:2 cpbdur:2 q:31.75 aq:31.13 tex:112660 mv:17144 misc:2820 imb:958 pmb:1711 smb:931 d:- ref:0 ;
in:97 out:99 type:b dur:2 cpbdur:2 q:31.78 aq:31.12 tex:52817 mv:13252 misc:3499 imb:750 pmb:1434 smb:1416 d:- ref:0 ;
in:99 out:100 type:b dur:2 cpbdur:2 q:31.72 aq:31.08 tex:61081 mv:12087 misc:3384 imb:621 pmb:1622 smb:1357 d:- ref:0 ;
in:104 out:101 type:P dur:2 cpbdur:2 q:31.56 aq:30.54 tex:194161 mv:23005 misc:514 imb:3108 pmb:451 smb:41 d:- ref:0 ;
in:102 out:102 type:B dur:2 cpbdur:2 q:31.62 aq:31.60 tex:145545 mv:17172 misc:2843 imb:951 pmb:1799 smb:850 d:- ref:0 ;
in:101 out:103 type:b dur:2 cpbdur:2 q:31.65 aq:30.77 tex:77215 mv:15747 misc:3214 imb:884 pmb:1509 smb:1207 d:- ref:0 ;
in:103 out:104 type:b dur:2 cpbdur:2 q:31.59 aq:31.06 tex:130142 mv:16156 misc:2982 imb:939 pmb:1552 smb:1109 d:- ref:0 ;
in:108 out:105 type:P dur:2 cpbdur:2 q:31.46 aq:30.72 tex:186566 mv:23403 misc:607 imb:3081 pmb:467 smb:52 d:- ref:0 ;
in:106 out:106 type:B dur:2 cpbdur:2 q:31.51 aq:30.97 tex:120149 mv:20628 misc:2751 imb:1252 pmb:1533 smb:815 d:- ref:0 ;
in:105 out:107 type:b dur:2 cpbdur:2 q:31.53 aq:30.37 tex:67360 mv:15692 misc:3164 imb:861 pmb:1584 smb:1155 d:- ref:0 ;
in:107 out:108 type:b dur:2 cpbdur:2 q:31.48 aq:30.72 tex:65576 mv:14557 misc:3219 imb:818 pmb:1547 smb:1235 d:- ref:0 ;
in:112 out:109 type:P dur:2 cpbdur:2 q:31.44 aq:30.79 tex:250987 mv:23081 misc:748 imb:2977 pmb:540 smb:83 d:- ref:0 ;
in:110 out:110 type:B dur:2 cpbdur:2 q:31.45 aq:30.56 tex:107048 mv:21745 misc:2631 imb:1291 pmb:1566 smb:743 d:- ref:0 ;
in:109 out:111 type:b dur:2 cpbdur:2 q:31.45 aq:30.96 tex:79725 mv:12445 misc:3350 imb:688 pmb:1575 smb:1337 d:- ref:0 ;
in:111 out:112 type:b dur:2 cpbdur:2 q:31.45 aq:31.13 tex:83790 mv:15174 misc:3260 imb:821 pmb:1505 smb:1274 d:- ref:0 ;
in:116 out:113 type:P dur:2 cpbdur:2 q:31.39 aq:30.27 tex:212203 mv:23669 misc:600 imb:3076 pmb:466 smb:58 d:- ref:0 ;
in:114 out:114 type:B dur:2 cpbdur:2 q:31.42 aq:30.48 tex:117184 mv:23954 misc:2494 imb:1529 pmb:1388 smb:683 d:- ref:0 ;
in:113 out:115 type:b dur:2 cpbdur:2 q:31.43 aq:30.62 tex:76396 mv:16300 misc:3128 imb:972 pmb:1432 smb:1196 d:- ref:0 ;
in:115 out:116 type:b dur:2 cpbdur:2 q:31.40 aq:31.02 tex:47051 mv:13060 misc:3489 imb:726 pmb:1440 smb:1434 d:- ref:0 ;
in:120 out:117 type:P dur:2 cpbdur:2 q:31.33 aq:30.30 tex:253530 mv:22506 misc:540 imb:3110 pmb:441 smb:49 d:- ref:0 ;
in:118 out:118 type:B dur:2 cpbdur:2 q:31.36 aq:31.00 tex:120238 mv:22571 misc:2807 imb:1512 pmb:1266 smb:822 d:- ref:0 ;
in:117 out:119 type:b dur:2 cpbdur:2 q:31.37 aq:30.95 tex:53410 mv:14033 misc:3477 imb:808 pmb:1418 smb:1374 d:- ref:0 ;
in:119 out:120 type:b dur:2 cpbdur:2 q:31.35 aq:31.00 tex:145115 mv:16048 misc:2813 imb:912 pmb:1709 smb:979 d:- ref:0 ;
in:124 out:121 type:P dur:2 cpbdur:2 q:31.28 aq:30.35 tex:245293 mv:23498 misc:625 imb:3010 pmb:526 smb:64 d:- ref:0 ;
in:122 out:122 type:B dur:2 cpbdur:2 q:31.31 aq:30.51 tex:132159 mv:24376 misc:2441 imb:1627 pmb:1289 smb:684 d:- ref:0 ;
in:121 out:123 type:b dur:2 cpbdur:2 q:31.32 aq:30.17 tex:84430 mv:17944 misc:2882 imb:1054 pmb:1515 smb:1031 d:- ref:0 ;
in:123 out:124 type:b dur:2 cpbdur:2 q:31.30 aq:30.41 tex:109052 mv:17045 misc:2863 imb:995 pmb:1579 smb:1026 d:- ref:0 ;
in:128 out:125 type:P dur:2 cpbdur:2 q:31.31 aq:30.72 tex:196947 mv:22806 misc:671 imb:3087 pmb:431 smb:82 d:- ref:0 ;
in:126 out:126 type:B dur:2 cpbdur:2 q:31.30 aq:30.73 tex:136402 mv:23012 misc:2610 imb:1439 pmb:1414 smb:747 d:- ref:0 ;
in:125 out:127 type:b dur:2 cpbdur:2 q:31.29 aq:30.41 tex:88275 mv:18662 misc:3023 imb:1061 pmb:1497 smb:1042 d:- ref:0 ;
in:127 out:128 type:b dur:2 cpbdur:2 q:31.31 aq:30.28 tex:81559 mv:16981 misc:2972 imb:968 pmb:1583 smb:1049 d:- ref:0 ;
in:132 out:129 type:P dur:2 cpbdur:2 q:31.30 aq:30.80 tex:216273 mv:22804 misc:699 imb:3032 pmb:490 smb:78 d:- ref:0 ;
in:130 out:130 type:B dur:2 cpbdur:2 q:31.31 aq:30.76 tex:174973 mv:21373 misc:2430 imb:1331 pmb:1564 smb:705 d:- ref:0 ;
in:129 out:131 type:b dur:2 cpbdur:2 q:31.31 aq:31.22 tex:119706 mv:14733 misc:2993 imb:885 pmb:1641 smb:1074 d:- ref:0 ;
in:131 out:132 type:b dur:2 cpbdur:2 q:31.30 aq:30.78 tex:83513 mv:16531 misc:3132 imb:1050 pmb:1372 smb:1178 d:- ref:0 ;
in:136 out:133 type:P dur:2 cpbdur:2 q:31.31 aq:30.29 tex:258413 mv:23480 misc:771 imb:3048 pmb:476 smb:76 d:- ref:0 w:6,61,3,7,121,6,121,7 ;
in:134 out:134 type:B dur:2 cpbdur:2 q:31.30 aq:30.60 tex:139343 mv:23433 misc:2440 imb:1554 pmb:1355 smb:691 d:- ref:0 ;
in:133 out:135 type:b dur:2 cpbdur:2 q:31.30 aq:29.97 tex:79453 mv:18500 misc:3247 imb:1103 pmb:1277 smb:1220 d:- ref:0 ;
in:135 out:136 type:b dur:2 cpbdur:2 q:31.31 aq:30.98 tex:86612 mv:17971 misc:3193 imb:1075 pmb:1337 smb:1188 d:- ref:0 ;
in:140 out:137 type:P dur:2 cpbdur:2 q:31.35 aq:29.36 tex:148878 mv:19687 misc:979 imb:3025 pmb:437 smb:138 d:- ref:0 w:7,99,17,7,95,33,96,32 ;
in:138 out:138 type:B dur:2 cpbdur:2 q:31.33 aq:29.85 tex:46467 mv:18425 misc:3332 imb:1179 pmb:1123 smb:1298 d:- ref:0 ;
in:137 out:139 type:b dur:2 cpbdur:2 q:31.32 aq:30.42 tex:42018 mv:12284 misc:3634 imb:638 pmb:1248 smb:1714 d:- ref:0 ;
in:139 out:140 type:b dur:2 cpbdur:2 q:31.34 aq:29.83 tex:12763 mv:5324 misc:3305 imb:211 pmb:918 smb:2471 d:- ref:0 ;
in:144 out:141 type:P dur:2 cpbdur:2 q:31.20 aq:27.90 tex:175753 mv:16985 misc:1366 imb:2808 pmb:534 smb:258 d:- ref:0 w:7,103,13,7,101,27,103,25 ;
in:142 out:142 type:B dur:2 cpbdur:2 q:31.28 aq:29.03 tex:11998 mv:9372 misc:3262 imb:561 pmb:699 smb:2340 d:- ref:0 ;
in:141 out:143 type:b dur:2 cpbdur:2 q:31.32 aq:29.41 tex:5549 mv:2431 misc:2636 imb:86 pmb:555 smb:2959 d:- ref:0 ;
in:143 out:144 type:b dur:2 cpbdur:2 q:31.24 aq:28.82 tex:2160 mv:1332 misc:1668 imb:50 pmb:274 smb:3276 d:- ref:0 ;
in:148 out:145 type:P dur:2 cpbdur:2 q:30.91 aq:21.93 tex:143360 mv:19915 misc:677 imb:3127 pmb:419 smb:54 d:- ref:0 w:3,9,-21,6,72,-16,71,-14 ;
in:146 out:146 type:B dur:2 cpbdur:2 q:31.06 aq:24.83 tex:6808 mv:8157 misc:2827 imb:524 pmb:434 smb:2642 d:- ref:0 ;
in:145 out:147 type:b dur:2 cpbdur:2 q:31.13 aq:27.04 tex:1244 mv:1148 misc:1288 imb:30 pmb:177 smb:3393 d:- ref:0 ;
in:147 out:148 type:b dur:2 cpbdur:2 q:30.98 aq:24.04 tex:1337 mv:1065 misc:1302 imb:45 pmb:171 smb:3384 d:- ref:0 ;
in:150 out:149 type:P dur:2 cpbdur:2 q:30.55 aq:17.69 tex:59106 mv:13718 misc:1296 imb:2644 pmb:726 smb:230 d:- ref:0 w:4,19,-20,6,72,-16,73,-18 ;
in:149 out:150 type:b dur:2 cpbdur:2 q:30.73 aq:20.40 tex:5675 mv:7571 misc:2698 imb:326 pmb:555 smb:2719 d:- ref:0 ;
in:152 out:151 type:P dur:2 cpbdur:2 q:30.32 aq:17.32 tex:20361 mv:8177 misc:2646 imb:807 pmb:657 smb:2136 d:- ref:0 ;
in:151 out:152 type:b dur:2 cpbdur:2 q:30.43 aq:16.07 tex:85 mv:400 misc:547 imb:26 pmb:27 smb:3547 d:- ref:0 ;
in:154 out:153 type:P dur:2 cpbdur:2 q:30.14 aq:17.26 tex:19304 mv:8428 misc:2556 imb:764 pmb:685 smb:2151 d:- ref:0 ;
in:153 out:154 type:b dur:2 cpbdur:2 q:30.23 aq:15.22 tex:71 mv:93 misc:316 imb:4 pmb:7 smb:3589 d:- ref:0 ;
in:156 out:155 type:P dur:2 cpbdur:2 q:29.92 aq:16.84 tex:15349 mv:7714 misc:2913 imb:482 pmb:673 smb:2445 d:- ref:0 ;
in:155 out:156 type:b dur:2 cpbdur:2 q:30.03 aq:15.86 tex:38 mv:25 misc:265 imb:1 pmb:3 smb:3596 d:- ref:0 ;
in:160 out:157 type:P dur:2 cpbdur:2 q:29.70 aq:19.57 tex:5620 mv:579 misc:921 imb:24 pmb:119 smb:3457 d:- ref:0 ;
in:158 out:158 type:B dur:2 cpbdur:2 q:29.81 aq:16.65 tex:230 mv:295 misc:443 imb:17 pmb:12 smb:3571 d:- ref:0 ;
in:157 out:159 type:b dur:2 cpbdur:2 q:29.86 aq:18.98 tex:23 mv:13 misc:252 imb:1 pmb:1 smb:3598 d:- ref:0 ;
in:159 out:160 type:b dur:2 cpbdur:2 q:29.75 aq:15.00 tex:0 mv:0 misc:232 imb:0 pmb:0 smb:3600 d:- ref:0 ;
in:164 out:161 type:P dur:2 cpbdur:2 q:29.24 aq:16.63 tex:9984 mv:6013 misc:2627 imb:632 pmb:358 smb:2610 d:- ref:0 ;
in:162 out:162 type:B dur:2 cpbdur:2 q:29.47 aq:16.58 tex:694 mv:785 misc:889 imb:31 pmb:81 smb:3488 d:- ref:0 ;
in:161 out:163 type:b dur:2 cpbdur:2 q:29.58 aq:16.21 tex:73 mv:177 misc:374 imb:3 pmb:18 smb:3579 d:- ref:0 ;
in:163 out:164 type:b dur:2 cpbdur:2 q:29.35 aq:15.98 tex:368 mv:645 misc:899 imb:26 pmb:88 smb:3486 d:- ref:0 ;
in:168 out:165 type:P dur:2 cpbdur:2 q:28.80 aq:16.01 tex:34791 mv:10818 misc:2391 imb:1451 pmb:543 smb:1606 d:- ref:0 ;
in:166 out:166 type:B dur:2 cpbdur:2 q:29.02 aq:14.43 tex:1044 mv:1533 misc:1567 imb:61 pmb:238 smb:3301 d:- ref:0 ;
in:165 out:167 type:b dur:2 cpbdur:2 q:29.13 aq:16.02 tex:598 mv:1171 misc:1407 imb:47 pmb:195 smb:3358 d:- ref:0 ;
in:167 out:168 type:b dur:2 cpbdur:2 q:28.91 aq:15.14 tex:520 mv:1403 misc:1629 imb:68 pmb:240 smb:3292 d:- ref:0 ;
in:172 out:169 type:P dur:2 cpbdur:2 q:28.39 aq:15.84 tex:46541 mv:11047 misc:1844 imb:1770 pmb:541 smb:1289 d:- ref:0 ;
in:170 out:170 type:B dur:2 cpbdur:2 q:28.59 aq:14.13 tex:2164 mv:2974 misc:2086 imb:136 pmb:363 smb:3101 d:- ref:0 ;
in:169 out:171 type:b dur:2 cpbdur:2 q:28.70 aq:14.21 tex:463 mv:1837 misc:1668 imb:85 pmb:248 smb:3267 d:- ref:0 ;
in:171 out:172 type:b dur:2 cpbdur:2 q:28.49 aq:15.24 tex:734 mv:2220 misc:1918 imb:118 pmb:320 smb:3162 d:- ref:0 ;
in:174 out:173 type:P dur:2 cpbdur:2 q:27.97 aq:14.95 tex:40992 mv:9053 misc:2187 imb:1336 pmb:565 smb:1699 d:- ref:0 ;
in:173 out:174 type:b dur:2 cpbdur:2 q:28.18 aq:13.32 tex:649 mv:2225 misc:1902 imb:132 pmb:306 smb:3162 d:- ref:0 ;
in:176 out:175 type:P dur:2 cpbdur:2 q:27.76 aq:14.45 tex:34102 mv:9170 misc:1576 imb:1912 pmb:477 smb:1211 d:- ref:0 ;
in:175 out:176 type:b dur:2 cpbdur:2 q:27.86 aq:15.07 tex:467 mv:1914 misc:1859 imb:160 pmb:281 smb:3159 d:- ref:0 ;
in:178 out:177 type:P dur:2 cpbdur:2 q:27.57 aq:14.72 tex:41508 mv:7169 misc:1035 imb:1933 pmb:398 smb:1269 d:- ref:0 ;
in:177 out:178 type:b dur:2 cpbdur:2 q:27.66 aq:13.21 tex:566 mv:2133 misc:1605 imb:156 pmb:277 smb:3167 d:- ref:0 ;
in:179 out:179 type:P dur:2 cpbdur:2 q:27.38 aq:15.56 tex:24351 mv:5133 misc:1204 imb:1447 pmb:380 smb:1773 d:- ref:0 ;
in:181 out:180 type:P dur:2 cpbdur:2 q:27.30 aq:15.94 tex:29125 mv:4114 misc:1137 imb:1028 pmb:332 smb:2240 d:- ref:0 w:0,1,-1 ;
in:180 out:181 type:b dur:2 cpbdur:2 q:27.34 aq:13.46 tex:148 mv:317 misc:447 imb:27 pmb:15 smb:3558 d:- ref:0 ;
in:184 out:182 type:P dur:2 cpbdur:2 q:27.11 aq:13.95 tex:50755 mv:6344 misc:797 imb:1882 pmb:320 smb:1398 d:- ref:0 ;
in:182 out:183 type:B dur:2 cpbdur:2 q:27.23 aq:14.54 tex:769 mv:862 misc:633 imb:57 pmb:39 smb:3504 d:- ref:0 ;
in:183 out:184 type:b dur:2 cpbdur:2 q:27.17 aq:12.11 tex:445 mv:2294 misc:1557 imb:235 pmb:160 smb:3205 d:- ref:0 ;
in:187 out:185 type:P dur:2 cpbdur:2 q:26.82 aq:13.73 tex:53838 mv:10495 misc:1387 imb:1809 pmb:489 smb:1302 d:- ref:0 ;
in:185 out:186 type:B dur:2 cpbdur:2 q:27.01 aq:12.99 tex:1600 mv:2948 misc:1724 imb:143 pmb:269 smb:3188 d:- ref:0 ;
in:186 out:187 type:b dur:2 cpbdur:2 q:26.91 aq:12.90 tex:1678 mv:3812 misc:2134 imb:209 pmb:375 smb:3016 d:- ref:0 ;
in:190 out:188 type:P dur:2 cpbdur:2 q:26.53 aq:14.17 tex:53066 mv:12075 misc:1995 imb:1422 pmb:694 smb:1484 d:- ref:0 ;
in:188 out:189 type:B dur:2 cpbdur:2 q:26.72 aq:14.47 tex:2897 mv:3974 misc:2041 imb:156 pmb:365 smb:3079 d:- ref:0 ;
in:189 out:190 type:b dur:2 cpbdur:2 q:26.63 aq:14.80 tex:2732 mv:5484 misc:2304 imb:184 pmb:496 smb:2920 d:- ref:0 ;
in:193 out:191 type:P dur:2 cpbdur:2 q:26.26 aq:13.89 tex:50826 mv:14540 misc:2298 imb:1120 pmb:917 smb:1563 d:- ref:0 ;
in:191 out:192 type:B dur:2 cpbdur:2 q:26.44 aq:14.41 tex:3070 mv:4758 misc:2212 imb:144 pmb:419 smb:3037 d:- ref:0 ;
in:192 out:193 type:b dur:2 cpbdur:2 q:26.35 aq:14.08 tex:2964 mv:5950 misc:2398 imb:145 pmb:581 smb:2874 d:- ref:0 ;
in:196 out:194 type:P dur:2 cpbdur:2 q:25.98 aq:13.46 tex:47237 mv:14364 misc:2543 imb:902 pmb:957 smb:1741 d:- ref:0 ;
in:194 out:195 type:B dur:2 cpbdur:2 q:26.16 aq:14.56 tex:2780 mv:5412 misc:2248 imb:114 pmb:473 smb:3013 d:- ref:0 ;
in:195 out:196 type:b dur:2 cpbdur:2 q:26.07 aq:15.51 tex:2924 mv:5842 misc:2450 imb:141 pmb:605 smb:2854 d:- ref:0 ;
in:200 out:197 type:P dur:2 cpbdur:2 q:25.71 aq:13.17 tex:40830 mv:13819 misc:2783 imb:695 pmb:1067 smb:1838 d:- ref:0 ;
in:198 out:198 type:B dur:2 cpbdur:2 q:25.85 aq:13.52 tex:3164 mv:7207 misc:2685 imb:126 pmb:734 smb:2740 d:- ref:0 ;
in:197 out:199 type:b dur:2 cpbdur:2 q:25.91 aq:15.16 tex:1847 mv:4258 misc:2191 imb:84 pmb:477 smb:3039 d:- ref:0 ;
in:199 out:200 type:b dur:2 cpbdur:2 q:25.78 aq:15.30 tex:1354 mv:2664 misc:1830 imb:40 pmb:380 smb:3180 d:- ref:0 ;
in:204 out:201 type:P dur:2 cpbdur:2 q:25.33 aq:14.40 tex:18364 mv:5025 misc:2435 imb:179 pmb:626 smb:2795 d:- ref:0 ;
in:202 out:202 type:B dur:2 cpbdur:2 q:25.52 aq:13.84 tex:2440 mv:3994 misc:1950 imb:56 pmb:451 smb:3093 d:- ref:0 ;
in:201 out:203 type:b dur:2 cpbdur:2 q:25.61 aq:13.48 tex:413 mv:834 misc:1185 imb:11 pmb:205 smb:3384 d:- ref:0 ;
in:203 out:204 type:b dur:2 cpbdur:2 q:25.42 aq:13.61 tex:176 mv:291 misc:589 imb:2 pmb:59 smb:3539 d:- ref:0 ;
in:208 out:205 type:P dur:2 cpbdur:2 q:24.92 aq:13.06 tex:15972 mv:9596 misc:2944 imb:482 pmb:765 smb:2353 d:- ref:0 ;
in:206 out:206 type:B dur:2 cpbdur:2 q:25.13 aq:13.66 tex:2758 mv:6866 misc:2632 imb:97 pmb:735 smb:2768 d:- ref:0 ;
in:205 out:207 type:b dur:2 cpbdur:2 q:25.23 aq:14.61 tex:729 mv:2334 misc:1585 imb:28 pmb:345 smb:3227 d:- ref:0 ;
in:207 out:208 type:b dur:2 cpbdur:2 q:25.03 aq:14.57 tex:1292 mv:2234 misc:1426 imb:49 pmb:243 smb:3308 d:- ref:0 ;
in:211 out:209 type:P dur:2 cpbdur:2 q:24.52 aq:12.40 tex:35001 mv:13009 misc:2694 imb:997 pmb:900 smb:1703 d:- ref:0 ;
in:209 out:210 type:B dur:2 cpbdur:2 q:24.79 aq:13.40 tex:2866 mv:5114 misc:2132 imb:122 pmb:433 smb:3045 d:- ref:0 ;
in:210 out:211 type:b dur:2 cpbdur:2 q:24.66 aq:14.12 tex:2810 mv:6109 misc:2265 imb:133 pmb:534 smb:2933 d:- ref:0 ;
in:214 out:212 type:P dur:2 cpbdur:2 q:24.23 aq:12.43 tex:36820 mv:14395 misc:2433 imb:1096 pmb:905 smb:1599 d:- ref:0 ;
in:212 out:213 type:B dur:2 cpbdur:2 q:24.42 aq:12.26 tex:3520 mv:7395 misc:2389 imb:148 pmb:543 smb:2909 d:- ref:0 ;
in:213 out:214 type:b dur:2 cpbdur:2 q:24.33 aq:12.37 tex:3044 mv:7549 misc:2463 imb:160 pmb:596 smb:2844 d:- ref:0 ;
in:216 out:215 type:P dur:2 cpbdur:2 q:23.96 aq:11.92 tex:45136 mv:14414 misc:2234 imb:1243 pmb:926 smb:1431 d:- ref:0 ;
in:215 out:216 type:b dur:2 cpbdur:2 q:24.09 aq:11.63 tex:3176 mv:8852 misc:2572 imb:201 pmb:671 smb:2728 d:- ref:0 ;
in:218 out:217 type:P dur:2 cpbdur:2 q:23.77 aq:10.89 tex:42652 mv:13404 misc:2104 imb:1210 pmb:848 smb:1542 d:- ref:0 ;
in:217 out:218 type:b dur:2 cpbdur:2 q:23.86 aq:12.20 tex:3192 mv:7656 misc:2424 imb:209 pmb:579 smb:2812 d:- ref:0 ;
in:221 out:219 type:P dur:2 cpbdur:2 q:23.60 aq:10.43 tex:50707 mv:11639 misc:1358 imb:1898 pmb:556 smb:1146 d:- ref:0 ;
in:219 out:220 type:B dur:2 cpbdur:2 q:23.71 aq:10.80 tex:3009 mv:6442 misc:2245 imb:216 pmb:469 smb:2915 d:- ref:0 ;
in:220 out:221 type:b dur:2 cpbdur:2 q:23.66 aq:11.51 tex:3229 mv:7302 misc:2213 imb:292 pmb:519 smb:2789 d:- ref:0 ;
in:224 out:222 type:P dur:2 cpbdur:2 q:23.35 aq:10.06 tex:37732 mv:8580 misc:1408 imb:2695 pmb:472 smb:433 d:- ref:0 w:6,61,6 ;
in:222 out:223 type:B dur:2 cpbdur:2 q:23.52 aq:11.81 tex:2227 mv:2672 misc:1765 imb:190 pmb:251 smb:3159 d:- ref:0 ;
in:223 out:224 type:b dur:2 cpbdur:2 q:23.43 aq:11.02 tex:1081 mv:1575 misc:1240 imb:122 pmb:174 smb:3304 d:- ref:0 ;
in:226 out:225 type:P dur:2 cpbdur:2 q:23.07 aq:12.34 tex:42472 mv:5023 misc:1065 imb:1058 pmb:434 smb:2108 d:- ref:0 w:0,1,1 ;
in:225 out:226 type:b dur:2 cpbdur:2 q:23.21 aq:12.22 tex:1691 mv:2043 misc:962 imb:266 pmb:80 smb:3254 d:- ref:0 ;
in:228 out:227 type:P dur:2 cpbdur:2 q:22.88 aq:10.51 tex:50664 mv:7600 misc:912 imb:1802 pmb:399 smb:1399 d:- ref:0 ;
in:227 out:228 type:b dur:2 cpbdur:2 q:22.97 aq:10.94 tex:2670 mv:3103 misc:1595 imb:213 pmb:246 smb:3141 d:- ref:0 ;
in:230 out:229 type:P dur:2 cpbdur:2 q:22.70 aq:10.50 tex:54815 mv:10528 misc:1369 imb:1666 pmb:557 smb:1377 d:- ref:0 ;
in:229 out:230 type:b dur:2 cpbdur:2 q:22.79 aq:11.68 tex:2940 mv:5157 misc:2183 imb:187 pmb:539 smb:2874 d:- ref:0 ;
in:232 out:231 type:P dur:2 cpbdur:2 q:22.52 aq:9.80 tex:61337 mv:13099 misc:1668 imb:1439 pmb:735 smb:1426 d:- ref:0 ;
in:231 out:232 type:b dur:2 cpbdur:2 q:22.61 aq:11.14 tex:2260 mv:5225 misc:2171 imb:177 pmb:449 smb:2974 d:- ref:0 ;
in:234 out:233 type:P dur:2 cpbdur:2 q:22.35 aq:9.76 tex:62025 mv:16222 misc:1985 imb:1228 pmb:993 smb:1379 d:- ref:0 ;
in:233 out:234 type:b dur:2 cpbdur:2 q:22.44 aq:10.05 tex:3616 mv:8714 misc:2526 imb:258 pmb:699 smb:2643 d:- ref:0 ;
in:236 out:235 type:P dur:2 cpbdur:2 q:22.20 aq:10.31 tex:66221 mv:16689 misc:1986 imb:1087 pmb:1071 smb:1442 d:- ref:0 ;
in:235 out:236 type:b dur:2 cpbdur:2 q:22.28 aq:10.94 tex:4002 mv:8219 misc:2427 imb:178 pmb:682 smb:2740 d:- ref:0 ;
in:238 out:237 type:P dur:2 cpbdur:2 q:22.04 aq:10.10 tex:57682 mv:18576 misc:2238 imb:978 pmb:1265 smb:1357 d:- ref:0 ;
in:237 out:238 type:b dur:2 cpbdur:2 q:22.12 aq:10.51 tex:4226 mv:9319 misc:2623 imb:201 pmb:780 smb:2619 d:- ref:0 ;
in:240 out:239 type:P dur:2 cpbdur:2 q:21.89 aq:10.11 tex:66219 mv:17714 misc:2331 imb:795 pmb:1319 smb:1486 d:- ref:0 ;
in:239 out:240 type:b dur:2 cpbdur:2 q:21.97 aq:11.62 tex:3880 mv:8687 misc:2553 imb:100 pmb:765 smb:2735 d:- ref:0 ;
in:242 out:241 type:P dur:2 cpbdur:2 q:21.74 aq:9.80 tex:54170 mv:18195 misc:2435 imb:740 pmb:1415 smb:1445 d:- ref:0 ;
in:241 out:242 type:b dur:2 cpbdur:2 q:21.82 aq:10.74 tex:3883 mv:8199 misc:2702 imb:127 pmb:784 smb:2689 d:- ref:0 ;
in:244 out:243 type:P dur:2 cpbdur:2 q:21.59 aq:9.18 tex:60640 mv:16764 misc:2348 imb:569 pmb:1493 smb:1538 d:- ref:0 ;
in:243 out:244 type:b dur:2 cpbdur:2 q:21.66 aq:12.10 tex:2636 mv:4967 misc:2197 imb:39 pmb:567 smb:2994 d:- ref:0 ;
in:248 out:245 type:P dur:2 cpbdur:2 q:21.43 aq:9.86 tex:23246 mv:10569 misc:2841 imb:258 pmb:1084 smb:2258 d:- ref:0 ;
in:246 out:246 type:B dur:2 cpbdur:2 q:21.51 aq:10.32 tex:4610 mv:2910 misc:1880 imb:31 pmb:401 smb:3168 d:- ref:0 ;
in:245 out:247 type:b dur:2 cpbdur:2 q:21.55 aq:11.53 tex:1834 mv:3286 misc:1768 imb:31 pmb:405 smb:3164 d:- ref:0 ;
in:247 out:248 type:b dur:2 cpbdur:2 q:21.47 aq:10.71 tex:345 mv:359 misc:640 imb:5 pmb:58 smb:3537 d:- ref:0 ;
in:249 out:249 type:P dur:2 cpbdur:2 q:21.04 aq:9.77 tex:2522 mv:1473 misc:1269 imb:46 pmb:175 smb:3379 d:- ref:0 ;
in:250 out:250 type:I dur:2 cpbdur:2 q:19.91 aq:7.87 tex:317554 mv:46744 misc:518 imb:3600 pmb:0 smb:0 d:- ref:;
in:254 out:251 type:P dur:2 cpbdur:2 q:21.64 aq:10.13 tex:28865 mv:15002 misc:2733 imb:711 pmb:1133 smb:1756 d:- ref:0 ;
in:252 out:252 type:B dur:2 cpbdur:2 q:21.64 aq:11.09 tex:5770 mv:9920 misc:2838 imb:75 pmb:964 smb:2561 d:- ref:0 ;
in:251 out:253 type:b dur:2 cpbdur:2 q:21.64 aq:11.90 tex:1765 mv:4364 misc:2039 imb:36 pmb:516 smb:3048 d:- ref:0 ;
in:253 out:254 type:b dur:2 cpbdur:2 q:21.64 aq:11.01 tex:3539 mv:6915 misc:2586 imb:78 pmb:757 smb:2765 d:- ref:0 ;
in:257 out:255 type:P dur:2 cpbdur:2 q:20.66 aq:8.93 tex:52644 mv:16916 misc:2152 imb:1179 pmb:1107 smb:1314 d:- ref:0 ;
in:255 out:256 type:B dur:2 cpbdur:2 q:21.31 aq:11.20 tex:7992 mv:11859 misc:2933 imb:141 pmb:1029 smb:2430 d:- ref:0 ;
in:256 out:257 type:b dur:2 cpbdur:2 q:20.99 aq:10.81 tex:5848 mv:9703 misc:2665 imb:126 pmb:911 smb:2563 d:- ref:0 ;
in:259 out:258 type:P dur:2 cpbdur:2 q:20.41 aq:9.05 tex:51396 mv:15919 misc:2205 imb:1059 pmb:1087 smb:1454 d:- ref:0 ;
in:258 out:259 type:b dur:2 cpbdur:2 q:20.53 aq:10.22 tex:6480 mv:9867 misc:2637 imb:152 pmb:847 smb:2601 d:- ref:0 ;
in:261 out:260 type:P dur:2 cpbdur:2 q:20.23 aq:8.24 tex:47486 mv:15648 misc:1946 imb:1284 pmb:937 smb:1379 d:- ref:0 ;
in:260 out:261 type:b dur:2 cpbdur:2 q:20.32 aq:8.59 tex:7010 mv:10893 misc:2785 imb:219 pmb:899 smb:2482 d:- ref:0 ;
in:263 out:262 type:P dur:2 cpbdur:2 q:20.07 aq:8.00 tex:59293 mv:14433 misc:1826 imb:1432 pmb:818 smb:1350 d:- ref:0 ;
in:262 out:263 type:b dur:2 cpbdur:2 q:20.15 aq:8.42 tex:6294 mv:10457 misc:2641 imb:210 pmb:834 smb:2556 d:- ref:0 ;
in:265 out:264 type:P dur:2 cpbdur:2 q:19.91 aq:6.67 tex:46962 mv:12728 misc:1566 imb:1709 pmb:632 smb:1259 d:- ref:0 ;
in:264 out:265 type:b dur:2 cpbdur:2 q:19.99 aq:9.16 tex:5714 mv:8429 misc:2521 imb:245 pmb:656 smb:2699 d:- ref:0 ;
in:267 out:266 type:P dur:2 cpbdur:2 q:19.75 aq:6.69 tex:56707 mv:9673 misc:1300 imb:1644 pmb:480 smb:1476 d:- ref:0 ;
in:266 out:267 type:b dur:2 cpbdur:2 q:19.83 aq:7.16 tex:4217 mv:5614 misc:2273 imb:253 pmb:496 smb:2851 d:- ref:0 ;
in:269 out:268 type:P dur:2 cpbdur:2 q:19.58 aq:6.69 tex:40646 mv:6760 misc:946 imb:1814 pmb:332 smb:1454 d:- ref:0 ;
in:268 out:269 type:b dur:2 cpbdur:2 q:19.66 aq:8.76 tex:3048 mv:2886 misc:1570 imb:201 pmb:243 smb:3156 d:- ref:0 ;
in:270 out:270 type:P dur:2 cpbdur:2 q:19.40 aq:7.39 tex:28848 mv:4457 misc:1167 imb:997 pmb:312 smb:2291 d:- ref:0 ;
in:271 out:271 type:P dur:2 cpbdur:2 q:19.31 aq:10.12 tex:164158 mv:12141 misc:2045 imb:1792 pmb:648 smb:1160 d:- ref:0 w:6,61,2,7,121,7,120,8 ;
in:272 out:272 type:P dur:2 cpbdur:2 q:19.26 aq:9.77 tex:197097 mv:16508 misc:2107 imb:2003 pmb:1025 smb:572 d:- ref:0 w:7,127,0,6,60,8,61,6 ;
in:274 out:273 type:P dur:2 cpbdur:2 q:19.22 aq:10.70 tex:348354 mv:19542 misc:1384 imb:2228 pmb:1087 smb:285 d:- ref:0 w:6,67,-6,7,115,13,119,9 ;
in:273 out:274 type:b dur:2 cpbdur:2 q:19.24 aq:9.36 tex:18255 mv:8490 misc:2735 imb:440 pmb:599 smb:2561 d:- ref:0 ;
in:275 out:275 type:P dur:2 cpbdur:2 q:19.30 aq:10.84 tex:250022 mv:20263 misc:899 imb:2308 pmb:1156 smb:136 d:- ref:0 ;
in:276 out:276 type:P dur:2 cpbdur:2 q:19.42 aq:11.00 tex:261234 mv:18923 misc:1683 imb:1744 pmb:1532 smb:324 d:- ref:0 w:6,69,-7,5,31,4,32,0 ;
in:278 out:277 type:P dur:2 cpbdur:2 q:19.39 aq:11.97 tex:424464 mv:23864 misc:528 imb:2279 pmb:1301 smb:20 d:- ref:0 w:6,75,-13,6,59,10,64,0 ;
in:277 out:278 type:b dur:2 cpbdur:2 q:19.40 aq:12.16 tex:39441 mv:15696 misc:3471 imb:588 pmb:1345 smb:1667 d:- ref:0 ;
in:280 out:279 type:P dur:2 cpbdur:2 q:19.51 aq:12.69 tex:441061 mv:25207 misc:516 imb:2393 pmb:1192 smb:15 d:- ref:0 w:6,75,-13,5,32,0,35,-12 ;
in:279 out:280 type:b dur:2 cpbdur:2 q:19.45 aq:12.25 tex:51767 mv:15843 misc:3206 imb:539 pmb:1205 smb:1856 d:- ref:0 ;
in:281 out:281 type:P dur:2 cpbdur:2 q:19.64 aq:12.68 tex:246833 mv:21611 misc:1636 imb:1582 pmb:1708 smb:310 d:- ref:0 w:6,69,-6,6,67,-6,68,-8 ;
in:284 out:282 type:P dur:2 cpbdur:2 q:19.77 aq:12.90 tex:395780 mv:25402 misc:538 imb:2666 pmb:914 smb:20 d:- ref:0 w:5,39,-15,6,75,-22,78,-28 ;
in:282 out:283 type:B dur:2 cpbdur:2 q:19.68 aq:12.88 tex:87468 mv:16005 misc:3143 imb:681 pmb:1194 smb:1725 d:- ref:0 ;
in:283 out:284 type:b dur:2 cpbdur:2 q:19.73 aq:13.44 tex:75124 mv:15927 misc:3181 imb:644 pmb:1165 smb:1791 d:- ref:0 ;
in:286 out:285 type:P dur:2 cpbdur:2 q:19.85 aq:12.59 tex:366680 mv:24756 misc:484 imb:2439 pmb:1144 smb:17 d:- ref:0 w:5,33,-1,6,69,-10,68,-8 ;
in:285 out:286 type:b dur:2 cpbdur:2 q:19.81 aq:13.96 tex:106445 mv:19571 misc:3072 imb:650 pmb:1812 smb:1138 d:- ref:0 ;
in:288 out:287 type:P dur:2 cpbdur:2 q:19.91 aq:12.38 tex:228571 mv:20524 misc:2073 imb:1618 pmb:1401 smb:581 d:- ref:0 ;
in:287 out:288 type:b dur:2 cpbdur:2 q:19.88 aq:13.90 tex:93801 mv:17373 misc:3002 imb:463 pmb:1656 smb:1481 d:- ref:0 ;
in:292 out:289 type:P dur:2 cpbdur:2 q:19.93 aq:12.53 tex:251947 mv:22620 misc:1481 imb:1801 pmb:1486 smb:313 d:- ref:0 ;
in:290 out:290 type:B dur:2 cpbdur:2 q:19.92 aq:13.52 tex:145730 mv:21881 misc:2477 imb:590 pmb:2160 smb:850 d:- ref:0 ;
in:289 out:291 type:b dur:2 cpbdur:2 q:19.92 aq:13.95 tex:92487 mv:17242 misc:3023 imb:518 pmb:1664 smb:1418 d:- ref:0 ;
in:291 out:292 type:b dur:2 cpbdur:2 q:19.92 aq:14.11 tex:95612 mv:16826 misc:3058 imb:494 pmb:1633 smb:1473 d:- ref:0 ;
in:294 out:293 type:P dur:2 cpbdur:2 q:20.04 aq:12.88 tex:240216 mv:20630 misc:1802 imb:1588 pmb:1584 smb:428 d:- ref:0 ;
in:293 out:294 type:b dur:2 cpbdur:2 q:19.98 aq:14.16 tex:93339 mv:16421 misc:3136 imb:477 pmb:1642 smb:1481 d:- ref:0 ;
in:296 out:295 type:P dur:2 cpbdur:2 q:20.03 aq:12.63 tex:229506 mv:19663 misc:1815 imb:1714 pmb:1436 smb:450 d:- ref:0 ;
in:295 out:296 type:b dur:2 cpbdur:2 q:20.03 aq:14.18 tex:90107 mv:15384 misc:3221 imb:514 pmb:1527 smb:1559 d:- ref:0 ;
in:298 out:297 type:P dur:2 cpbdur:2 q:20.02 aq:12.91 tex:235501 mv:20603 misc:1784 imb:1531 pmb:1627 smb:442 d:- ref:0 ;
in:297 out:298 type:b dur:2 cpbdur:2 q:20.02 aq:14.23 tex:89346 mv:16374 misc:3088 imb:457 pmb:1690 smb:1453 d:- ref:0 ;
in:300 out:299 type:P dur:2 cpbdur:2 q:20.04 aq:12.43 tex:221718 mv:20504 misc:1834 imb:1688 pmb:1414 smb:498 d:- ref:0 ;
in:299 out:300 type:b dur:2 cpbdur:2 q:20.03 aq:14.15 tex:88918 mv:15659 misc:3191 imb:490 pmb:1612 smb:1498 d:- ref:0 ;
in:304 out:301 type:P dur:2 cpbdur:2 q:20.04 aq:12.77 tex:235378 mv:21926 misc:1576 imb:1861 pmb:1363 smb:376 d:- ref:0 ;
in:302 out:302 type:B dur:2 cpbdur:2 q:20.04 aq:13.33 tex:136392 mv:20265 misc:2631 imb:543 pmb:2122 smb:935 d:- ref:0 ;
in:301 out:303 type:b dur:2 cpbdur:2 q:20.04 aq:14.16 tex:83730 mv:16043 misc:3203 imb:460 pmb:1579 smb:1561 d:- ref:0 ;
in:303 out:304 type:b dur:2 cpbdur:2 q:20.04 aq:14.26 tex:90528 mv:15288 misc:3168 imb:528 pmb:1538 smb:1534 d:- ref:0 ;
in:306 out:305 type:P dur:2 cpbdur:2 q:20.05 aq:13.00 tex:235035 mv:20173 misc:1944 imb:1566 pmb:1525 smb:509 d:- ref:0 ;
in:305 out:306 type:b dur:2 cpbdur:2 q:20.04 aq:14.13 tex:86516 mv:15491 misc:3225 imb:501 pmb:1587 smb:1512 d:- ref:0 ;
in:308 out:307 type:P dur:2 cpbdur:2 q:20.04 aq:12.37 tex:241849 mv:20232 misc:1839 imb:1763 pmb:1356 smb:481 d:- ref:0 ;
in:307 out:308 type:b dur:2 cpbdur:2 q:20.05 aq:14.15 tex:95935 mv:16381 misc:3092 imb:615 pmb:1520 smb:1465 d:- ref:0 ;
in:312 out:309 type:P dur:2 cpbdur:2 q:20.06 aq:12.52 tex:272314 mv:21025 misc:1613 imb:1927 pmb:1287 smb:386 d:- ref:0 ;
in:310 out:310 type:B dur:2 cpbdur:2 q:20.05 aq:13.40 tex:142813 mv:20878 misc:2549 imb:703 pmb:1997 smb:900 d:- ref:0 ;
in:309 out:311 type:b dur:2 cpbdur:2 q:20.05 aq:13.98 tex:94663 mv:15856 misc:3129 imb:571 pmb:1537 smb:1492 d:- ref:0 ;
in:311 out:312 type:b dur:2 cpbdur:2 q:20.05 aq:13.94 tex:90861 mv:16077 misc:3094 imb:553 pmb:1489 smb:1558 d:- ref:0 ;
in:316 out:313 type:P dur:2 cpbdur:2 q:20.09 aq:12.55 tex:260653 mv:21565 misc:1486 imb:1974 pmb:1256 smb:370 d:- ref:0 ;
in:314 out:314 type:B dur:2 cpbdur:2 q:20.07 aq:13.70 tex:159116 mv:21094 misc:2438 imb:747 pmb:2025 smb:828 d:- ref:0 ;
in:313 out:315 type:b dur:2 cpbdur:2 q:20.07 aq:14.37 tex:95090 mv:15878 misc:3152 imb:555 pmb:1571 smb:1474 d:- ref:0 ;
in:315 out:316 type:b dur:2 cpbdur:2 q:20.08 aq:14.14 tex:96584 mv:16544 misc:3176 imb:609 pmb:1606 smb:1385 d:- ref:0 ;
in:320 out:317 type:P dur:2 cpbdur:2 q:20.08 aq:12.82 tex:280247 mv:22613 misc:1348 imb:2050 pmb:1272 smb:278 d:- ref:0 ;
in:318 out:318 type:B dur:2 cpbdur:2 q:20.09 aq:13.63 tex:164404 mv:21891 misc:2433 imb:801 pmb:2031 smb:768 d:- ref:0 ;
in:317 out:319 type:b dur:2 cpbdur:2 q:20.09 aq:14.03 tex:104435 mv:17053 misc:3072 imb:639 pmb:1549 smb:1412 d:- ref:0 ;
in:319 out:320 type:b dur:2 cpbdur:2 q:20.08 aq:14.10 tex:106403 mv:17477 misc:3056 imb:690 pmb:1547 smb:1363 d:- ref:0 ;
in:322 out:321 type:P dur:2 cpbdur:2 q:20.13 aq:13.10 tex:271197 mv:21556 misc:1599 imb:1862 pmb:1399 smb:339 d:- ref:0 ;
in:321 out:322 type:b dur:2 cpbdur:2 q:20.10 aq:14.07 tex:102187 mv:15810 misc:3147 imb:552 pmb:1659 smb:1389 d:- ref:0 ;
in:324 out:323 type:P dur:2 cpbdur:2 q:20.15 aq:12.93 tex:272505 mv:20855 misc:1624 imb:1978 pmb:1242 smb:380 d:- ref:0 ;
in:323 out:324 type:b dur:2 cpbdur:2 q:20.14 aq:14.09 tex:97125 mv:15885 misc:3174 imb:633 pmb:1538 smb:1429 d:- ref:0 ;
in:326 out:325 type:P dur:2 cpbdur:2 q:20.20 aq:13.06 tex:281777 mv:19979 misc:1676 imb:1812 pmb:1415 smb:373 d:- ref:0 ;
in:325 out:326 type:b dur:2 cpbdur:2 q:20.17 aq:14.14 tex:105064 mv:16289 misc:3183 imb:613 pmb:1593 smb:1394 d:- ref:0 ;
in:328 out:327 type:P dur:2 cpbdur:2 q:20.24 aq:12.82 tex:248523 mv:20493 misc:1656 imb:1972 pmb:1255 smb:373 d:- ref:0 ;
in:327 out:328 type:b dur:2 cpbdur:2 q:20.22 aq:14.20 tex:97706 mv:15531 misc:3299 imb:608 pmb:1588 smb:1404 d:- ref:0 ;
in:330 out:329 type:P dur:2 cpbdur:2 q:20.25 aq:13.14 tex:276133 mv:20228 misc:1583 imb:1823 pmb:1422 smb:355 d:- ref:0 ;
in:329 out:330 type:b dur:2 cpbdur:2 q:20.25 aq:14.20 tex:96468 mv:16098 misc:3154 imb:606 pmb:1566 smb:1428 d:- ref:0 ;
in:332 out:331 type:P dur:2 cpbdur:2 q:20.30 aq:12.90 tex:264861 mv:20595 misc:1640 imb:1915 pmb:1301 smb:384 d:- ref:0 ;
in:331 out:332 type:b dur:2 cpbdur:2 q:20.28 aq:14.30 tex:97884 mv:17379 misc:3097 imb:643 pmb:1557 smb:1400 d:- ref:0 ;
in:334 out:333 type:P dur:2 cpbdur:2 q:20.33 aq:13.14 tex:271773 mv:20655 misc:1668 imb:1788 pmb:1434 smb:378 d:- ref:0 ;
in:333 out:334 type:b dur:2 cpbdur:2 q:20.31 aq:14.38 tex:96019 mv:15535 misc:3110 imb:553 pmb:1592 smb:1455 d:- ref:0 ;
in:336 out:335 type:P dur:2 cpbdur:2 q:20.36 aq:12.50 tex:252104 mv:20539 misc:1733 imb:1806 pmb:1375 smb:419 d:- ref:0 ;
in:335 out:336 type:b dur:2 cpbdur:2 q:20.35 aq:14.46 tex:92981 mv:16695 misc:3180 imb:587 pmb:1554 smb:1459 d:- ref:0 ;
in:340 out:337 type:P dur:2 cpbdur:2 q:20.37 aq:12.62 tex:281562 mv:22194 misc:1388 imb:1938 pmb:1383 smb:279 d:- ref:0 ;
in:338 out:338 type:B dur:2 cpbdur:2 q:20.37 aq:13.89 tex:142629 mv:21001 misc:2458 imb:708 pmb:2103 smb:789 d:- ref:0 ;
in:337 out:339 type:b dur:2 cpbdur:2 q:20.37 aq:14.47 tex:91659 mv:15067 misc:3258 imb:547 pmb:1557 smb:1496 d:- ref:0 ;
in:339 out:340 type:b dur:2 cpbdur:2 q:20.37 aq:14.31 tex:90898 mv:15878 misc:3096 imb:605 pmb:1558 smb:1437 d:- ref:0 ;
in:344 out:341 type:P dur:2 cpbdur:2 q:20.42 aq:12.68 tex:271333 mv:22538 misc:1513 imb:1893 pmb:1395 smb:312 d:- ref:0 ;
in:342 out:342 type:B dur:2 cpbdur:2 q:20.40 aq:14.02 tex:140278 mv:20047 misc:2531 imb:620 pmb:2132 smb:848 d:- ref:0 ;
in:341 out:343 type:b dur:2 cpbdur:2 q:20.38 aq:14.46 tex:90045 mv:16201 misc:3194 imb:518 pmb:1652 smb:1430 d:- ref:0 ;
in:343 out:344 type:b dur:2 cpbdur:2 q:20.41 aq:14.63 tex:83334 mv:15432 misc:3258 imb:490 pmb:1612 smb:1498 d:- ref:0 ;
in:348 out:345 type:P dur:2 cpbdur:2 q:20.41 aq:12.49 tex:245762 mv:21928 misc:1534 imb:1777 pmb:1498 smb:325 d:- ref:0 ;
in:346 out:346 type:B dur:2 cpbdur:2 q:20.42 aq:14.01 tex:135258 mv:19742 misc:2528 imb:622 pmb:2138 smb:840 d:- ref:0 ;
in:345 out:347 type:b dur:2 cpbdur:2 q:20.42 aq:14.76 tex:83023 mv:15911 misc:3186 imb:539 pmb:1583 smb:1478 d:- ref:0 ;
in:347 out:348 type:b dur:2 cpbdur:2 q:20.41 aq:14.71 tex:83082 mv:15424 misc:3206 imb:507 pmb:1576 smb:1517 d:- ref:0 ;
in:352 out:349 type:P dur:2 cpbdur:2 q:20.39 aq:12.55 tex:264333 mv:21791 misc:1732 imb:1688 pmb:1511 smb:401 d:- ref:0 ;
in:350 out:350 type:B dur:2 cpbdur:2 q:20.40 aq:14.10 tex:134077 mv:20481 misc:2578 imb:591 pmb:2097 smb:912 d:- ref:0 ;
in:349 out:351 type:b dur:2 cpbdur:2 q:20.41 aq:14.57 tex:80886 mv:15241 misc:3169 imb:530 pmb:1552 smb:1518 d:- ref:0 ;
in:351 out:352 type:b dur:2 cpbdur:2 q:20.39 aq:14.54 tex:83451 mv:15792 misc:3125 imb:539 pmb:1521 smb:1540 d:- ref:0 ;
in:356 out:353 type:P dur:2 cpbdur:2 q:20.39 aq:12.43 tex:254399 mv:20129 misc:1680 imb:1824 pmb:1419 smb:357 d:- ref:0 ;
in:354 out:354 type:B dur:2 cpbdur:2 q:20.39 aq:13.85 tex:126556 mv:18676 misc:2560 imb:573 pmb:2119 smb:908 d:- ref:0 ;
in:353 out:355 type:b dur:2 cpbdur:2 q:20.39 aq:14.46 tex:84219 mv:15160 misc:3125 imb:483 pmb:1608 smb:1509 d:- ref:0 ;
in:355 out:356 type:b dur:2 cpbdur:2 q:20.39 aq:14.53 tex:84855 mv:14586 misc:3199 imb:507 pmb:1564 smb:1529 d:- ref:0 ;
in:360 out:357 type:P dur:2 cpbdur:2 q:20.35 aq:12.24 tex:277914 mv:18406 misc:1592 imb:1991 pmb:1239 smb:370 d:- ref:0 ;
in:358 out:358 type:B dur:2 cpbdur:2 q:20.37 aq:13.72 tex:148962 mv:18051 misc:2523 imb:647 pmb:2062 smb:891 d:- ref:0 ;
in:357 out:359 type:b dur:2 cpbdur:2 q:20.38 aq:14.46 tex:95897 mv:15677 misc:3034 imb:536 pmb:1656 smb:1408 d:- ref:0 ;
in:359 out:360 type:b dur:2 cpbdur:2 q:20.36 aq:14.24 tex:113767 mv:16043 misc:2750 imb:697 pmb:1608 smb:1295 d:- ref:0 ;
in:364 out:361 type:P dur:2 cpbdur:2 q:20.35 aq:11.37 tex:174729 mv:19728 misc:1583 imb:1900 pmb:1352 smb:348 d:- ref:0 ;
in:362 out:362 type:B dur:2 cpbdur:2 q:20.35 aq:13.89 tex:121303 mv:15105 misc:2776 imb:325 pmb:2300 smb:975 d:- ref:0 ;
in:361 out:363 type:b dur:2 cpbdur:2 q:20.35 aq:14.25 tex:91172 mv:14893 misc:3071 imb:423 pmb:1740 smb:1437 d:- ref:0 ;
in:363 out:364 type:b dur:2 cpbdur:2 q:20.35 aq:13.96 tex:51057 mv:11354 misc:3157 imb:287 pmb:1878 smb:1435 d:- ref:0 ;
in:368 out:365 type:P dur:2 cpbdur:2 q:20.30 aq:12.64 tex:196247 mv:18423 misc:1770 imb:1604 pmb:1588 smb:408 d:- ref:0 ;
in:366 out:366 type:B dur:2 cpbdur:2 q:20.32 aq:13.24 tex:87601 mv:15138 misc:2861 imb:347 pmb:2284 smb:969 d:- ref:0 ;
in:365 out:367 type:b dur:2 cpbdur:2 q:20.34 aq:13.80 tex:44291 mv:10135 misc:3326 imb:236 pmb:1758 smb:1606 d:- ref:0 ;
in:367 out:368 type:b dur:2 cpbdur:2 q:20.31 aq:13.85 tex:50191 mv:11853 misc:3372 imb:342 pmb:1621 smb:1637 d:- ref:0 ;
in:370 out:369 type:P dur:2 cpbdur:2 q:20.21 aq:12.64 tex:202886 mv:18427 misc:1951 imb:1516 pmb:1584 smb:500 d:- ref:0 ;
in:369 out:370 type:b dur:2 cpbdur:2 q:20.25 aq:14.31 tex:90897 mv:14318 misc:3081 imb:424 pmb:1656 smb:1520 d:- ref:0 ;
in:374 out:371 type:P dur:2 cpbdur:2 q:20.15 aq:12.90 tex:230040 mv:19837 misc:1771 imb:1685 pmb:1489 smb:426 d:- ref:0 ;
in:372 out:372 type:B dur:2 cpbdur:2 q:20.18 aq:13.76 tex:152553 mv:21617 misc:2286 imb:862 pmb:1993 smb:745 d:- ref:0 ;
in:371 out:373 type:b dur:2 cpbdur:2 q:20.19 aq:14.52 tex:89579 mv:14731 misc:3170 imb:421 pmb:1727 smb:1452 d:- ref:0 ;
in:373 out:374 type:b dur:2 cpbdur:2 q:20.16 aq:14.36 tex:89505 mv:15820 misc:3043 imb:465 pmb:1678 smb:1457 d:- ref:0 ;
in:376 out:375 type:P dur:2 cpbdur:2 q:20.14 aq:12.47 tex:230638 mv:19439 misc:1803 imb:1697 pmb:1420 smb:483 d:- ref:0 ;
in:375 out:376 type:b dur:2 cpbdur:2 q:20.14 aq:14.40 tex:85943 mv:15699 misc:3254 imb:456 pmb:1605 smb:1539 d:- ref:0 ;
in:380 out:377 type:P dur:2 cpbdur:2 q:20.13 aq:12.49 tex:250084 mv:21854 misc:1550 imb:1794 pmb:1426 smb:380 d:- ref:0 ;
in:378 out:378 type:B dur:2 cpbdur:2 q:20.13 aq:13.83 tex:137981 mv:21144 misc:2459 imb:638 pmb:2094 smb:868 d:- ref:0 ;
in:377 out:379 type:b dur:2 cpbdur:2 q:20.13 aq:14.58 tex:85588 mv:15958 misc:3174 imb:446 pmb:1647 smb:1507 d:- ref:0 ;
in:379 out:380 type:b dur:2 cpbdur:2 q:20.13 aq:14.31 tex:89213 mv:16823 misc:3060 imb:481 pmb:1661 smb:1458 d:- ref:0 ;
in:384 out:381 type:P dur:2 cpbdur:2 q:20.13 aq:12.91 tex:257090 mv:22125 misc:1489 imb:1851 pmb:1421 smb:328 d:- ref:0 ;
in:382 out:382 type:B dur:2 cpbdur:2 q:20.13 aq:13.80 tex:138115 mv:21069 misc:2496 imb:585 pmb:2170 smb:845 d:- ref:0 ;
in:381 out:383 type:b dur:2 cpbdur:2 q:20.13 aq:14.60 tex:89445 mv:15971 misc:3152 imb:458 pmb:1639 smb:1503 d:- ref:0 ;
in:383 out:384 type:b dur:2 cpbdur:2 q:20.13 aq:14.06 tex:95574 mv:16383 misc:2963 imb:535 pmb:1598 smb:1467 d:- ref:0 ;
in:386 out:385 type:P dur:2 cpbdur:2 q:20.14 aq:13.11 tex:226058 mv:20158 misc:1784 imb:1639 pmb:1516 smb:445 d:- ref:0 ;
in:385 out:386 type:b dur:2 cpbdur:2 q:20.13 aq:14.44 tex:87556 mv:15701 misc:3135 imb:484 pmb:1558 smb:1558 d:- ref:0 ;
in:388 out:387 type:P dur:2 cpbdur:2 q:20.13 aq:12.83 tex:215174 mv:20038 misc:1900 imb:1727 pmb:1366 smb:507 d:- ref:0 ;
in:387 out:388 type:b dur:2 cpbdur:2 q:20.13 aq:14.38 tex:91489 mv:16318 misc:3121 imb:501 pmb:1599 smb:1500 d:- ref:0 ;
in:390 out:389 type:P dur:2 cpbdur:2 q:20.10 aq:13.10 tex:218566 mv:19941 misc:1877 imb:1579 pmb:1522 smb:499 d:- ref:0 ;
in:389 out:390 type:b dur:2 cpbdur:2 q:20.12 aq:14.31 tex:93418 mv:16496 misc:3038 imb:516 pmb:1634 smb:1450 d:- ref:0 ;
in:392 out:391 type:P dur:2 cpbdur:2 q:20.12 aq:12.44 tex:214477 mv:19072 misc:1955 imb:1703 pmb:1339 smb:558 d:- ref:0 ;
in:391 out:392 type:b dur:2 cpbdur:2 q:20.11 aq:14.34 tex:91869 mv:16376 misc:3203 imb:513 pmb:1614 smb:1473 d:- ref:0 ;
in:396 out:393 type:P dur:2 cpbdur:2 q:20.11 aq:13.02 tex:221374 mv:20205 misc:1749 imb:1815 pmb:1338 smb:447 d:- ref:0 ;
in:394 out:394 type:B dur:2 cpbdur:2 q:20.12 aq:13.86 tex:139361 mv:20487 misc:2504 imb:595 pmb:2107 smb:898 d:- ref:0 ;
in:393 out:395 type:b dur:2 cpbdur:2 q:20.12 aq:14.29 tex:88193 mv:15350 misc:3129 imb:517 pmb:1549 smb:1534 d:- ref:0 ;
in:395 out:396 type:b dur:2 cpbdur:2 q:20.11 aq:14.15 tex:88234 mv:16141 misc:3081 imb:551 pmb:1531 smb:1518 d:- ref:0 ;
in:398 out:397 type:P dur:2 cpbdur:2 q:20.12 aq:13.17 tex:230162 mv:20224 misc:1822 imb:1601 pmb:1500 smb:499 d:- ref:0 ;
in:397 out:398 type:b dur:2 cpbdur:2 q:20.12 aq:14.36 tex:92576 mv:16228 misc:3116 imb:535 pmb:1628 smb:1437 d:- ref:0 ;
in:400 out:399 type:P dur:2 cpbdur:2 q:20.11 aq:13.18 tex:208005 mv:19646 misc:1997 imb:1716 pmb:1299 smb:585 d:- ref:0 ;
in:399 out:400 type:b dur:2 cpbdur:2 q:20.12 aq:14.30 tex:96018 mv:16032 misc:3134 imb:567 pmb:1598 smb:1435 d:- ref:0 ;
in:402 out:401 type:P dur:2 cpbdur:2 q:20.11 aq:13.33 tex:242484 mv:19677 misc:1935 imb:1674 pmb:1384 smb:542 d:- ref:0 ;
in:401 out:402 type:b dur:2 cpbdur:2 q:20.11 aq:14.32 tex:97418 mv:16359 misc:3039 imb:612 pmb:1505 smb:1483 d:- ref:0 ;
in:406 out:403 type:P dur:2 cpbdur:2 q:20.12 aq:13.22 tex:299761 mv:23727 misc:1272 imb:2207 pmb:1130 smb:263 d:- ref:0 w:4,15,3,7,120,8,121,7 ;
in:404 out:404 type:B dur:2 cpbdur:2 q:20.12 aq:13.58 tex:158315 mv:24673 misc:2548 imb:1094 pmb:1732 smb:774 d:- ref:0 ;
in:403 out:405 type:b dur:2 cpbdur:2 q:20.12 aq:14.44 tex:96884 mv:16747 misc:3105 imb:601 pmb:1618 smb:1381 d:- ref:0 ;
in:405 out:406 type:b dur:2 cpbdur:2 q:20.12 aq:14.53 tex:105257 mv:19030 misc:3193 imb:765 pmb:1666 smb:1169 d:- ref:0 ;
in:410 out:407 type:P dur:2 cpbdur:2 q:20.18 aq:13.22 tex:481907 mv:23689 misc:684 imb:2765 pmb:789 smb:46 d:- ref:0 w:5,25,13,7,107,21,99,29 ;
in:408 out:408 type:B dur:2 cpbdur:2 q:20.15 aq:13.12 tex:131493 mv:23908 misc:2479 imb:1429 pmb:1030 smb:1141 d:- ref:0 ;
in:407 out:409 type:b dur:2 cpbdur:2 q:20.14 aq:13.87 tex:76801 mv:15470 misc:3209 imb:658 pmb:1220 smb:1722 d:- ref:0 ;
in:409 out:410 type:b dur:2 cpbdur:2 q:20.17 aq:13.30 tex:63375 mv:14804 misc:3149 imb:638 pmb:988 smb:1974 d:- ref:0 ;
in:412 out:411 type:P dur:2 cpbdur:2 q:20.34 aq:12.34 tex:439177 mv:24044 misc:539 imb:2449 pmb:1141 smb:10 d:- ref:0 w:7,121,2,4,15,8,14,16 ;
in:411 out:412 type:b dur:2 cpbdur:2 q:20.26 aq:12.96 tex:41264 mv:13540 misc:3188 imb:450 pmb:926 smb:2224 d:- ref:0 ;
in:416 out:413 type:P dur:2 cpbdur:2 q:20.39 aq:11.78 tex:533613 mv:28863 misc:428 imb:2512 pmb:1088 smb:0 d:- ref:0 w:2,5,-21,6,61,6,52,24 ;
in:414 out:414 type:B dur:2 cpbdur:2 q:20.37 aq:11.74 tex:65100 mv:19754 misc:2994 imb:704 pmb:1249 smb:1647 d:- ref:0 ;
in:413 out:415 type:b dur:2 cpbdur:2 q:20.35 aq:12.39 tex:35599 mv:15609 misc:2992 imb:427 pmb:955 smb:2218 d:- ref:0 ;
in:415 out:416 type:b dur:2 cpbdur:2 q:20.38 aq:12.18 tex:26014 mv:15149 misc:3005 imb:337 pmb:1000 smb:2263 d:- ref:0 ;
in:420 out:417 type:P dur:2 cpbdur:2 q:20.42 aq:10.47 tex:433509 mv:28368 misc:459 imb:1962 pmb:1633 smb:5 d:- ref:0 w:6,95,-34 ;
in:418 out:418 type:B dur:2 cpbdur:2 q:20.41 aq:11.97 tex:67998 mv:24935 misc:2859 imb:700 pmb:1480 smb:1420 d:- ref:0 ;
in:417 out:419 type:b dur:2 cpbdur:2 q:20.40 aq:12.22 tex:21494 mv:11568 misc:2898 imb:235 pmb:820 smb:2545 d:- ref:0 ;
in:419 out:420 type:b dur:2 cpbdur:2 q:20.42 aq:12.72 tex:28627 mv:19528 misc:3173 imb:350 pmb:1287 smb:1963 d:- ref:0 ;
in:424 out:421 type:P dur:2 cpbdur:2 q:20.39 aq:10.63 tex:86737 mv:25743 misc:2376 imb:703 pmb:2314 smb:583 d:- ref:0 ;
in:422 out:422 type:B dur:2 cpbdur:2 q:20.40 aq:11.27 tex:16449 mv:15067 misc:3500 imb:63 pmb:1631 smb:1906 d:- ref:0 ;
in:421 out:423 type:b dur:2 cpbdur:2 q:20.41 aq:10.91 tex:5846 mv:9645 misc:2973 imb:102 pmb:964 smb:2534 d:- ref:0 ;
in:423 out:424 type:b dur:2 cpbdur:2 q:20.39 aq:11.85 tex:3214 mv:3522 misc:2464 imb:10 pmb:600 smb:2990 d:- ref:0 ;
in:428 out:425 type:P dur:2 cpbdur:2 q:20.15 aq:11.35 tex:61332 mv:22661 misc:2783 imb:804 pmb:1933 smb:863 d:- ref:0 ;
in:426 out:426 type:B dur:2 cpbdur:2 q:20.27 aq:11.08 tex:22554 mv:18220 misc:3362 imb:158 pmb:1729 smb:1713 d:- ref:0 ;
in:425 out:427 type:b dur:2 cpbdur:2 q:20.33 aq:12.21 tex:4253 mv:6406 misc:2933 imb:24 pmb:894 smb:2682 d:- ref:0 ;
in:427 out:428 type:b dur:2 cpbdur:2 q:20.21 aq:10.91 tex:7611 mv:9523 misc:2930 imb:102 pmb:923 smb:2575 d:- ref:0 ;
in:430 out:429 type:P dur:2 cpbdur:2 q:19.96 aq:11.20 tex:104278 mv:24765 misc:1557 imb:1492 pmb:1796 smb:312 d:- ref:0 ;
in:429 out:430 type:b dur:2 cpbdur:2 q:20.05 aq:10.67 tex:12322 mv:13484 misc:3026 imb:263 pmb:986 smb:2351 d:- ref:0 ;
in:432 out:431 type:P dur:2 cpbdur:2 q:19.82 aq:11.13 tex:100661 mv:24739 misc:1520 imb:1542 pmb:1768 smb:290 d:- ref:0 ;
in:431 out:432 type:b dur:2 cpbdur:2 q:19.89 aq:11.01 tex:13393 mv:12657 misc:2974 imb:170 pmb:1003 smb:2427 d:- ref:0 ;
in:434 out:433 type:P dur:2 cpbdur:2 q:19.74 aq:10.63 tex:131800 mv:23618 misc:1086 imb:2017 pmb:1428 smb:155 d:- ref:0 ;
in:433 out:434 type:b dur:2 cpbdur:2 q:19.78 aq:10.57 tex:15750 mv:14922 misc:3056 imb:308 pmb:1031 smb:2261 d:- ref:0 ;
in:436 out:435 type:P dur:2 cpbdur:2 q:19.67 aq:10.20 tex:126247 mv:24121 misc:1136 imb:1915 pmb:1524 smb:161 d:- ref:0 ;
in:435 out:436 type:b dur:2 cpbdur:2 q:19.71 aq:9.96 tex:18932 mv:17421 misc:3239 imb:422 pmb:1156 smb:2022 d:- ref:0 ;
in:438 out:437 type:P dur:2 cpbdur:2 q:19.60 aq:9.16 tex:137785 mv:21915 misc:804 imb:2273 pmb:1252 smb:75 d:- ref:0 ;
in:437 out:438 type:b dur:2 cpbdur:2 q:19.64 aq:9.31 tex:15509 mv:15692 misc:3103 imb:269 pmb:1050 smb:2281 d:- ref:0 ;
in:440 out:439 type:P dur:2 cpbdur:2 q:19.54 aq:8.09 tex:123041 mv:20231 misc:1072 imb:2199 pmb:1274 smb:127 d:- ref:0 ;
in:439 out:440 type:b dur:2 cpbdur:2 q:19.57 aq:7.39 tex:13043 mv:15073 misc:3132 imb:437 pmb:927 smb:2236 d:- ref:0 ;
in:442 out:441 type:P dur:2 cpbdur:2 q:19.47 aq:6.96 tex:93876 mv:10085 misc:1287 imb:2661 pmb:654 smb:285 d:- ref:0 ;
in:441 out:442 type:b dur:2 cpbdur:2 q:19.51 aq:6.26 tex:7584 mv:8951 misc:2961 imb:501 pmb:436 smb:2663 d:- ref:0 ;
in:443 out:443 type:P dur:2 cpbdur:2 q:19.40 aq:6.04 tex:86063 mv:7524 misc:533 imb:2917 pmb:635 smb:48 d:- ref:0 ;
in:445 out:444 type:P dur:2 cpbdur:2 q:19.36 aq:7.88 tex:143809 mv:10226 misc:1069 imb:2757 pmb:718 smb:125 d:- ref:0 ;
in:444 out:445 type:b dur:2 cpbdur:2 q:19.38 aq:5.08 tex:7150 mv:8903 misc:3155 imb:676 pmb:405 smb:2519 d:- ref:0 ;
in:447 out:446 type:P dur:2 cpbdur:2 q:19.27 aq:8.57 tex:138704 mv:18592 misc:1192 imb:2190 pmb:1259 smb:151 d:- ref:0 ;
in:446 out:447 type:b dur:2 cpbdur:2 q:19.32 aq:6.98 tex:11891 mv:14495 misc:3086 imb:368 pmb:974 smb:2258 d:- ref:0 ;
in:449 out:448 type:P dur:2 cpbdur:2 q:19.20 aq:8.99 tex:168886 mv:23424 misc:1026 imb:1814 pmb:1662 smb:124 d:- ref:0 ;
in:448 out:449 type:b dur:2 cpbdur:2 q:19.24 aq:8.91 tex:13326 mv:14216 misc:3066 imb:209 pmb:1104 smb:2287 d:- ref:0 ;
in:451 out:450 type:P dur:2 cpbdur:2 q:19.15 aq:9.51 tex:155419 mv:26822 misc:1303 imb:1430 pmb:1986 smb:184 d:- ref:0 ;
in:450 out:451 type:b dur:2 cpbdur:2 q:19.18 aq:8.98 tex:11005 mv:10434 misc:3065 imb:230 pmb:862 smb:2508 d:- ref:0 ;
in:453 out:452 type:P dur:2 cpbdur:2 q:19.11 aq:9.55 tex:153596 mv:27705 misc:1267 imb:1240 pmb:2180 smb:180 d:- ref:0 ;
in:452 out:453 type:b dur:2 cpbdur:2 q:19.13 aq:10.03 tex:14609 mv:12868 misc:3171 imb:194 pmb:1127 smb:2279 d:- ref:0 ;
in:455 out:454 type:P dur:2 cpbdur:2 q:19.05 aq:9.62 tex:179568 mv:28263 misc:1089 imb:1235 pmb:2227 smb:138 d:- ref:0 ;
in:454 out:455 type:b dur:2 cpbdur:2 q:19.08 aq:10.97 tex:13435 mv:11721 misc:3116 imb:76 pmb:1160 smb:2364 d:- ref:0 ;
in:457 out:456 type:P dur:2 cpbdur:2 q:19.00 aq:9.52 tex:137104 mv:28561 misc:1631 imb:908 pmb:2406 smb:286 d:- ref:0 ;
in:456 out:457 type:b dur:2 cpbdur:2 q:19.02 aq:10.16 tex:14655 mv:13637 misc:3268 imb:171 pmb:1229 smb:2200 d:- ref:0 ;
in:459 out:458 type:P dur:2 cpbdur:2 q:18.94 aq:8.47 tex:171215 mv:27161 misc:1416 imb:810 pmb:2542 smb:248 d:- ref:0 ;
in:458 out:459 type:b dur:2 cpbdur:2 q:18.97 aq:10.97 tex:8854 mv:8075 misc:3007 imb:61 pmb:935 smb:2604 d:- ref:0 ;
in:463 out:460 type:P dur:2 cpbdur:2 q:18.89 aq:9.30 tex:45199 mv:12682 misc:3639 imb:184 pmb:1659 smb:1757 d:- ref:0 ;
in:461 out:461 type:B dur:2 cpbdur:2 q:18.92 aq:8.93 tex:25228 mv:13072 misc:3284 imb:102 pmb:1488 smb:2010 d:- ref:0 ;
in:460 out:462 type:b dur:2 cpbdur:2 q:18.93 aq:11.60 tex:5354 mv:4931 misc:2595 imb:9 pmb:731 smb:2860 d:- ref:0 ;
in:462 out:463 type:b dur:2 cpbdur:2 q:18.90 aq:11.09 tex:3293 mv:2571 misc:2200 imb:5 pmb:488 smb:3107 d:- ref:0 ;
in:467 out:464 type:P dur:2 cpbdur:2 q:18.67 aq:10.06 tex:93391 mv:24229 misc:2236 imb:1102 pmb:1937 smb:561 d:- ref:0 ;
in:465 out:465 type:B dur:2 cpbdur:2 q:18.78 aq:9.23 tex:34712 mv:19496 misc:3192 imb:246 pmb:1619 smb:1735 d:- ref:0 ;
in:464 out:466 type:b dur:2 cpbdur:2 q:18.84 aq:9.81 tex:7458 mv:8571 misc:3019 imb:91 pmb:952 smb:2557 d:- ref:0 ;
in:466 out:467 type:b dur:2 cpbdur:2 q:18.73 aq:9.71 tex:11109 mv:9487 misc:2980 imb:153 pmb:876 smb:2571 d:- ref:0 ;
in:469 out:468 type:P dur:2 cpbdur:2 q:18.47 aq:9.42 tex:132978 mv:23578 misc:1404 imb:1712 pmb:1643 smb:245 d:- ref:0 ;
in:468 out:469 type:b dur:2 cpbdur:2 q:18.57 aq:9.45 tex:15550 mv:11459 misc:3119 imb:164 pmb:984 smb:2452 d:- ref:0 ;
in:471 out:470 type:P dur:2 cpbdur:2 q:18.37 aq:9.32 tex:137107 mv:24867 misc:1370 imb:1734 pmb:1646 smb:220 d:- ref:0 ;
in:470 out:471 type:b dur:2 cpbdur:2 q:18.42 aq:9.66 tex:14362 mv:10263 misc:2807 imb:164 pmb:816 smb:2620 d:- ref:0 ;
in:473 out:472 type:P dur:2 cpbdur:2 q:18.31 aq:9.02 tex:147292 mv:23473 misc:1323 imb:1929 pmb:1479 smb:192 d:- ref:0 ;
in:472 out:473 type:b dur:2 cpbdur:2 q:18.34 aq:8.03 tex:17659 mv:12630 misc:3143 imb:371 pmb:859 smb:2370 d:- ref:0 ;
in:475 out:474 type:P dur:2 cpbdur:2 q:18.25 aq:8.04 tex:156912 mv:20362 misc:862 imb:2391 pmb:1120 smb:89 d:- ref:0 ;
in:474 out:475 type:b dur:2 cpbdur:2 q:18.28 aq:7.97 tex:17292 mv:12472 misc:3020 imb:259 pmb:872 smb:2469 d:- ref:0 ;
in:477 out:476 type:P dur:2 cpbdur:2 q:18.19 aq:6.89 tex:150465 mv:20501 misc:890 imb:2258 pmb:1250 smb:92 d:- ref:0 ;
in:476 out:477 type:b dur:2 cpbdur:2 q:18.22 aq:6.28 tex:17719 mv:17914 misc:3127 imb:462 pmb:1079 smb:2059 d:- ref:0 ;
in:479 out:478 type:P dur:2 cpbdur:2 q:18.13 aq:5.98 tex:107851 mv:13383 misc:1430 imb:2472 pmb:865 smb:263 d:- ref:0 ;
in:478 out:479 type:b dur:2 cpbdur:2 q:18.16 aq:4.97 tex:6994 mv:6602 misc:2620 imb:330 pmb:391 smb:2879 d:- ref:0 ;
in:480 out:480 type:P dur:2 cpbdur:2 q:18.06 aq:4.86 tex:63055 mv:6868 misc:1549 imb:2600 pmb:591 smb:409 d:- ref:0 ;
in:481 out:481 type:P dur:2 cpbdur:2 q:18.03 aq:4.77 tex:103456 mv:7192 misc:1280 imb:2633 pmb:581 smb:386 d:- ref:0 w:0,1,-1 ;
in:484 out:482 type:P dur:2 cpbdur:2 q:17.99 aq:6.72 tex:193396 mv:13389 misc:999 imb:2660 pmb:811 smb:129 d:- ref:0 ;
in:482 out:483 type:B dur:2 cpbdur:2 q:18.02 aq:6.63 tex:9293 mv:4226 misc:2401 imb:135 pmb:406 smb:3059 d:- ref:0 ;
in:483 out:484 type:b dur:2 cpbdur:2 q:18.00 aq:5.91 tex:11179 mv:11156 misc:2945 imb:367 pmb:675 smb:2558 d:- ref:0 ;
in:486 out:485 type:P dur:2 cpbdur:2 q:17.91 aq:7.33 tex:175565 mv:24663 misc:932 imb:1857 pmb:1637 smb:106 d:- ref:0 ;
in:485 out:486 type:b dur:2 cpbdur:2 q:17.95 aq:7.38 tex:17074 mv:15853 misc:3265 imb:206 pmb:1127 smb:2267 d:- ref:0 ;
in:488 out:487 type:P dur:2 cpbdur:2 q:17.81 aq:7.40 tex:216646 mv:26151 misc:795 imb:1692 pmb:1831 smb:77 d:- ref:0 ;
in:487 out:488 type:b dur:2 cpbdur:2 q:17.86 aq:7.72 tex:21980 mv:16267 misc:3241 imb:323 pmb:1068 smb:2209 d:- ref:0 ;
in:491 out:489 type:P dur:2 cpbdur:2 q:17.77 aq:8.20 tex:211371 mv:27698 misc:1043 imb:1519 pmb:1945 smb:136 d:- ref:0 ;
in:489 out:490 type:B dur:2 cpbdur:2 q:17.80 aq:7.78 tex:36283 mv:17333 misc:3320 imb:375 pmb:1253 smb:1972 d:- ref:0 ;
in:490 out:491 type:b dur:2 cpbdur:2 q:17.78 aq:9.24 tex:16959 mv:12420 misc:3101 imb:92 pmb:1175 smb:2333 d:- ref:0 ;
in:493 out:492 type:P dur:2 cpbdur:2 q:17.74 aq:8.29 tex:174513 mv:27153 misc:1574 imb:1080 pmb:2244 smb:276 d:- ref:0 ;
in:492 out:493 type:b dur:2 cpbdur:2 q:17.76 aq:9.14 tex:18624 mv:13182 misc:3258 imb:142 pmb:1251 smb:2207 d:- ref:0 ;
in:495 out:494 type:P dur:2 cpbdur:2 q:17.67 aq:8.68 tex:139045 mv:27181 misc:1822 imb:814 pmb:2436 smb:350 d:- ref:0 ;
in:494 out:495 type:b dur:2 cpbdur:2 q:17.71 aq:9.10 tex:12754 mv:10442 misc:3124 imb:110 pmb:1017 smb:2473 d:- ref:0 ;
in:497 out:496 type:P dur:2 cpbdur:2 q:17.62 aq:8.04 tex:162290 mv:27304 misc:1702 imb:683 pmb:2599 smb:318 d:- ref:0 ;
in:496 out:497 type:b dur:2 cpbdur:2 q:17.64 aq:9.28 tex:12350 mv:10620 misc:3358 imb:117 pmb:1206 smb:2277 d:- ref:0 ;
in:499 out:498 type:P dur:2 cpbdur:2 q:17.56 aq:8.30 tex:35566 mv:12803 misc:3359 imb:184 pmb:1491 smb:1925 d:- ref:0 ;
in:498 out:499 type:b dur:2 cpbdur:2 q:17.59 aq:10.12 tex:6216 mv:3744 misc:2744 imb:4 pmb:783 smb:2813 d:- ref:0 ;
in:500 out:500 type:I dur:2 cpbdur:2 q:15.23 aq:5.98 tex:617406 mv:78208 misc:586 imb:3600 pmb:0 smb:0 d:- ref:;
in:503 out:501 type:P dur:2 cpbdur:2 q:18.55 aq:9.64 tex:54881 mv:20465 misc:3046 imb:855 pmb:1571 smb:1174 d:- ref:0 ;
in:501 out:502 type:B dur:2 cpbdur:2 q:18.55 aq:9.57 tex:12219 mv:11498 misc:3363 imb:86 pmb:1296 smb:2218 d:- ref:0 ;
in:502 out:503 type:b dur:2 cpbdur:2 q:18.55 aq:10.30 tex:10454 mv:10603 misc:3023 imb:119 pmb:1010 smb:2471 d:- ref:0 ;
in:505 out:504 type:P dur:2 cpbdur:2 q:17.51 aq:8.71 tex:124827 mv:23591 misc:1782 imb:1351 pmb:1823 smb:426 d:- ref:0 ;
in:504 out:505 type:b dur:2 cpbdur:2 q:18.03 aq:9.26 tex:17063 mv:12741 misc:3100 imb:274 pmb:991 smb:2335 d:- ref:0 ;
in:507 out:506 type:P dur:2 cpbdur:2 q:17.42 aq:8.51 tex:141302 mv:24682 misc:1448 imb:1531 pmb:1792 smb:277 d:- ref:0 ;
in:506 out:507 type:b dur:2 cpbdur:2 q:17.46 aq:9.33 tex:16614 mv:10628 misc:2974 imb:115 pmb:954 smb:2531 d:- ref:0 ;
in:509 out:508 type:P dur:2 cpbdur:2 q:17.36 aq:8.33 tex:143788 mv:24097 misc:1587 imb:1681 pmb:1622 smb:297 d:- ref:0 ;
in:508 out:509 type:b dur:2 cpbdur:2 q:17.39 aq:8.42 tex:18539 mv:10889 misc:3068 imb:268 pmb:803 smb:2529 d:- ref:0 ;
in:511 out:510 type:P dur:2 cpbdur:2 q:17.30 aq:7.71 tex:157218 mv:21757 misc:1185 imb:2078 pmb:1330 smb:192 d:- ref:0 ;
in:510 out:511 type:b dur:2 cpbdur:2 q:17.33 aq:7.16 tex:26781 mv:16198 misc:3237 imb:428 pmb:988 smb:2184 d:- ref:0 ;
in:513 out:512 type:P dur:2 cpbdur:2 q:17.25 aq:7.29 tex:144312 mv:20706 misc:1262 imb:2177 pmb:1217 smb:206 d:- ref:0 ;
in:512 out:513 type:b dur:2 cpbdur:2 q:17.27 aq:6.25 tex:24560 mv:17004 misc:3172 imb:391 pmb:1091 smb:2118 d:- ref:0 ;
in:514 out:514 type:P dur:2 cpbdur:2 q:17.19 aq:6.06 tex:114794 mv:21093 misc:1345 imb:1970 pmb:1406 smb:224 d:- ref:0 ;
in:516 out:515 type:P dur:2 cpbdur:2 q:17.18 aq:5.51 tex:135644 mv:16761 misc:1091 imb:2413 pmb:1039 smb:148 d:- ref:0 ;
in:515 out:516 type:b dur:2 cpbdur:2 q:17.19 aq:3.96 tex:15553 mv:14960 misc:3463 imb:738 pmb:723 smb:2139 d:- ref:0 ;
in:517 out:517 type:P dur:2 cpbdur:2 q:17.13 aq:4.31 tex:67752 mv:8235 misc:1573 imb:2513 pmb:676 smb:411 d:- ref:0 ;
in:519 out:518 type:P dur:2 cpbdur:2 q:17.10 aq:4.67 tex:128405 mv:9478 misc:1237 imb:2695 pmb:633 smb:272 d:- ref:0 w:0,1,1 ;
in:518 out:519 type:b dur:2 cpbdur:2 q:17.12 aq:5.03 tex:8831 mv:3985 misc:2272 imb:371 pmb:272 smb:2957 d:- ref:0 ;
in:521 out:520 type:P dur:2 cpbdur:2 q:17.03 aq:5.76 tex:158412 mv:13159 misc:1069 imb:2582 pmb:878 smb:140 d:- ref:0 ;
in:520 out:521 type:b dur:2 cpbdur:2 q:17.06 aq:4.74 tex:15170 mv:12728 misc:3246 imb:602 pmb:689 smb:2309 d:- ref:0 ;
in:523 out:522 type:P dur:2 cpbdur:2 q:16.94 aq:6.29 tex:191293 mv:21914 misc:1025 imb:1947 pmb:1520 smb:133 d:- ref:0 ;
in:522 out:523 type:b dur:2 cpbdur:2 q:16.98 aq:5.84 tex:12881 mv:11769 misc:2966 imb:296 pmb:762 smb:2542 d:- ref:0 ;
in:526 out:524 type:P dur:2 cpbdur:2 q:16.88 aq:7.41 tex:217992 mv:25903 misc:889 imb:1795 pmb:1708 smb:97 d:- ref:0 ;
in:524 out:525 type:B dur:2 cpbdur:2 q:16.92 aq:6.30 tex:24308 mv:11788 misc:2968 imb:176 pmb:936 smb:2488 d:- ref:0 ;
in:525 out:526 type:b dur:2 cpbdur:2 q:16.90 aq:6.77 tex:17881 mv:11826 misc:2965 imb:245 pmb:932 smb:2423 d:- ref:0 ;
in:528 out:527 type:P dur:2 cpbdur:2 q:16.85 aq:7.62 tex:177664 mv:27460 misc:1268 imb:1271 pmb:2134 smb:195 d:- ref:0 ;
in:527 out:528 type:b dur:2 cpbdur:2 q:16.87 aq:7.90 tex:19983 mv:13047 misc:3274 imb:179 pmb:1163 smb:2258 d:- ref:0 ;
in:530 out:529 type:P dur:2 cpbdur:2 q:16.77 aq:7.58 tex:214328 mv:28887 misc:1089 imb:1220 pmb:2212 smb:168 d:- ref:0 ;
in:529 out:530 type:b dur:2 cpbdur:2 q:16.81 aq:9.15 tex:17053 mv:10157 misc:3022 imb:75 pmb:1063 smb:2462 d:- ref:0 ;
in:532 out:531 type:P dur:2 cpbdur:2 q:16.74 aq:7.56 tex:170250 mv:28044 misc:1562 imb:926 pmb:2379 smb:295 d:- ref:0 ;
in:531 out:532 type:b dur:2 cpbdur:2 q:16.76 aq:7.98 tex:15492 mv:10542 misc:3006 imb:141 pmb:956 smb:2503 d:- ref:0 ;
in:534 out:533 type:P dur:2 cpbdur:2 q:16.70 aq:6.71 tex:200695 mv:27153 misc:1584 imb:814 pmb:2454 smb:332 d:- ref:0 ;
in:533 out:534 type:b dur:2 cpbdur:2 q:16.72 aq:9.41 tex:11159 mv:7299 misc:2862 imb:59 pmb:884 smb:2657 d:- ref:0 ;
in:538 out:535 type:P dur:2 cpbdur:2 q:16.67 aq:7.55 tex:49515 mv:12267 misc:3466 imb:176 pmb:1505 smb:1919 d:- ref:0 ;
in:536 out:536 type:B dur:2 cpbdur:2 q:16.69 aq:6.87 tex:42551 mv:13912 misc:3233 imb:111 pmb:1558 smb:1931 d:- ref:0 ;
in:535 out:537 type:b dur:2 cpbdur:2 q:16.69 aq:9.17 tex:7969 mv:5126 misc:2633 imb:11 pmb:768 smb:2821 d:- ref:0 ;
in:537 out:538 type:b dur:2 cpbdur:2 q:16.68 aq:9.60 tex:5252 mv:2595 misc:2249 imb:2 pmb:542 smb:3056 d:- ref:0 ;
in:540 out:539 type:P dur:2 cpbdur:2 q:16.47 aq:7.43 tex:90146 mv:20036 misc:2770 imb:770 pmb:1767 smb:1063 d:- ref:0 ;
in:539 out:540 type:b dur:2 cpbdur:2 q:16.57 aq:7.85 tex:13349 mv:9199 misc:3084 imb:120 pmb:1002 smb:2478 d:- ref:0 ;
in:544 out:541 type:P dur:2 cpbdur:2 q:16.44 aq:8.87 tex:446301 mv:30343 misc:844 imb:1913 pmb:1621 smb:66 d:- ref:0 w:4,11,18,7,95,33,105,23 ;
in:542 out:542 type:B dur:2 cpbdur:2 q:16.45 aq:8.69 tex:158935 mv:30279 misc:2330 imb:1018 pmb:1606 smb:976 d:- ref:0 ;
in:541 out:543 type:b dur:2 cpbdur:2 q:16.46 aq:8.79 tex:61599 mv:20557 misc:3100 imb:489 pmb:1309 smb:1802 d:- ref:0 ;
in:543 out:544 type:b dur:2 cpbdur:2 q:16.44 aq:8.82 tex:60107 mv:13839 misc:3094 imb:309 pmb:1147 smb:2144 d:- ref:0 ;
in:546 out:545 type:P dur:2 cpbdur:2 q:16.44 aq:9.96 tex:609832 mv:27590 misc:490 imb:1926 pmb:1662 smb:12 d:- ref:0 w:5,27,10,6,55,18,62,4 ;
in:545 out:546 type:b dur:2 cpbdur:2 q:16.44 aq:9.32 tex:77128 mv:12624 misc:3456 imb:355 pmb:1125 smb:2120 d:- ref:0 ;
in:548 out:547 type:P dur:2 cpbdur:2 q:16.47 aq:10.66 tex:823951 mv:24043 misc:446 imb:2236 pmb:1362 smb:2 d:- ref:0 w:3,7,8,6,59,10,64,0 ;
in:547 out:548 type:b dur:2 cpbdur:2 q:16.46 aq:10.16 tex:265913 mv:21633 misc:3014 imb:954 pmb:1289 smb:1357 d:- ref:0 ;
in:550 out:549 type:P dur:2 cpbdur:2 q:16.66 aq:11.22 tex:1070314 mv:23734 misc:440 imb:2359 pmb:1241 smb:0 d:- ref:0 w:7,121,5,6,59,10,64,0 ;
in:549 out:550 type:b dur:2 cpbdur:2 q:16.57 aq:11.00 tex:410585 mv:21922 misc:2925 imb:950 pmb:1384 smb:1266 d:- ref:0 ;
in:554 out:551 type:P dur:2 cpbdur:2 q:17.08 aq:12.21 tex:1335180 mv:22919 misc:461 imb:2825 pmb:775 smb:0 d:- ref:0 w:6,73,-5,5,32,0,43,-44 ;
in:552 out:552 type:B dur:2 cpbdur:2 q:16.87 aq:12.49 tex:880383 mv:31731 misc:502 imb:1975 pmb:1599 smb:26 d:- ref:0 ;
in:551 out:553 type:b dur:2 cpbdur:2 q:16.77 aq:12.21 tex:603702 mv:26972 misc:2110 imb:1285 pmb:1556 smb:759 d:- ref:0 ;
in:553 out:554 type:b dur:2 cpbdur:2 q:16.98 aq:13.10 tex:775443 mv:33176 misc:1213 imb:1504 pmb:1813 smb:283 d:- ref:0 ;
in:558 out:555 type:P dur:2 cpbdur:2 q:18.31 aq:13.38 tex:1031117 mv:20387 misc:512 imb:2786 pmb:814 smb:0 d:- ref:0 w:6,67,1,6,71,-14,70,-12 ;
in:556 out:556 type:B dur:2 cpbdur:2 q:17.69 aq:13.75 tex:998982 mv:34803 misc:815 imb:2359 pmb:1151 smb:90 d:- ref:0 ;
in:555 out:557 type:b dur:2 cpbdur:2 q:17.39 aq:13.70 tex:898492 mv:34447 misc:797 imb:2220 pmb:1290 smb:90 d:- ref:0 ;
in:557 out:558 type:b dur:2 cpbdur:2 q:18.00 aq:13.78 tex:854737 mv:36123 misc:1084 imb:1940 pmb:1298 smb:362 d:- ref:0 ;
in:562 out:559 type:P dur:2 cpbdur:2 q:19.35 aq:14.33 tex:852494 mv:21310 misc:412 imb:2615 pmb:985 smb:0 d:- ref:0 w:7,127,4 ;
in:560 out:560 type:B dur:2 cpbdur:2 q:18.83 aq:14.58 tex:828125 mv:35317 misc:1198 imb:2162 pmb:1132 smb:306 d:- ref:0 ;
in:559 out:561 type:b dur:2 cpbdur:2 q:18.57 aq:14.66 tex:745482 mv:34188 misc:1154 imb:1951 pmb:1346 smb:303 d:- ref:0 ;
in:561 out:562 type:b dur:2 cpbdur:2 q:19.09 aq:14.73 tex:704142 mv:34699 misc:1095 imb:1836 pmb:1395 smb:369 d:- ref:0 ;
in:566 out:563 type:P dur:2 cpbdur:2 q:20.39 aq:15.28 tex:711946 mv:21476 misc:410 imb:2701 pmb:895 smb:4 d:- ref:0 w:7,127,2 ;
in:564 out:564 type:B dur:2 cpbdur:2 q:19.87 aq:15.51 tex:683890 mv:34500 misc:1154 imb:1937 pmb:1346 smb:317 d:- ref:0 ;
in:563 out:565 type:b dur:2 cpbdur:2 q:19.61 aq:15.57 tex:637554 mv:31950 misc:1176 imb:1907 pmb:1376 smb:317 d:- ref:0 ;
in:565 out:566 type:b dur:2 cpbdur:2 q:20.13 aq:15.75 tex:583718 mv:31576 misc:1098 imb:1721 pmb:1501 smb:378 d:- ref:0 ;
in:570 out:567 type:P dur:2 cpbdur:2 q:21.18 aq:16.09 tex:605342 mv:22068 misc:518 imb:2607 pmb:956 smb:37 d:- ref:0 ;
in:568 out:568 type:B dur:2 cpbdur:2 q:20.78 aq:16.24 tex:568216 mv:31566 misc:1130 imb:1703 pmb:1535 smb:362 d:- ref:0 ;
in:567 out:569 type:b dur:2 cpbdur:2 q:20.59 aq:16.28 tex:524327 mv:29552 misc:1161 imb:1756 pmb:1491 smb:353 d:- ref:0 ;
in:569 out:570 type:b dur:2 cpbdur:2 q:20.98 aq:16.69 tex:485257 mv:29109 misc:1178 imb:1587 pmb:1619 smb:394 d:- ref:0 ;
in:574 out:571 type:P dur:2 cpbdur:2 q:21.73 aq:16.73 tex:552135 mv:21318 misc:611 imb:2550 pmb:994 smb:56 d:- ref:0 ;
in:572 out:572 type:B dur:2 cpbdur:2 q:21.45 aq:16.84 tex:499132 mv:29842 misc:1066 imb:1723 pmb:1517 smb:360 d:- ref:0 ;
in:571 out:573 type:b dur:2 cpbdur:2 q:21.31 aq:16.98 tex:455384 mv:28527 misc:1225 imb:1633 pmb:1599 smb:368 d:- ref:0 ;
in:573 out:574 type:b dur:2 cpbdur:2 q:21.59 aq:17.06 tex:443366 mv:28757 misc:1117 imb:1618 pmb:1560 smb:422 d:- ref:0 ;
in:578 out:575 type:P dur:2 cpbdur:2 q:22.16 aq:17.17 tex:524024 mv:22156 misc:484 imb:2683 pmb:887 smb:30 d:- ref:0 w:0,1,-1 ;
in:576 out:576 type:B dur:2 cpbdur:2 q:21.94 aq:17.43 tex:463223 mv:33320 misc:1065 imb:1905 pmb:1345 smb:350 d:- ref:0 ;
in:575 out:577 type:b dur:2 cpbdur:2 q:21.84 aq:17.58 tex:411282 mv:28983 misc:1215 imb:1725 pmb:1489 smb:386 d:- ref:0 ;
in:577 out:578 type:b dur:2 cpbdur:2 q:22.05 aq:17.59 tex:410566 mv:31298 misc:1080 imb:1696 pmb:1502 smb:402 d:- ref:0 ;
in:582 out:579 type:P dur:2 cpbdur:2 q:22.50 aq:17.60 tex:516896 mv:22437 misc:387 imb:2711 pmb:878 smb:11 d:- ref:0 w:6,65,-3 ;
in:580 out:580 type:B dur:2 cpbdur:2 q:22.33 aq:17.87 tex:448855 mv:32968 misc:1105 imb:2071 pmb:1166 smb:363 d:- ref:0 ;
in:579 out:581 type:b dur:2 cpbdur:2 q:22.24 aq:17.94 tex:419195 mv:30596 misc:1137 imb:1861 pmb:1362 smb:377 d:- ref:0 ;
in:581 out:582 type:b dur:2 cpbdur:2 q:22.41 aq:18.09 tex:414068 mv:31872 misc:1180 imb:1826 pmb:1366 smb:408 d:- ref:0 ;
in:586 out:583 type:P dur:2 cpbdur:2 q:22.83 aq:17.95 tex:494071 mv:22743 misc:482 imb:2695 pmb:875 smb:30 d:- ref:0 w:6,65,-4 ;
in:584 out:584 type:B dur:2 cpbdur:2 q:22.67 aq:18.25 tex:429777 mv:31958 misc:1089 imb:2129 pmb:1103 smb:368 d:- ref:0 ;
in:583 out:585 type:b dur:2 cpbdur:2 q:22.58 aq:18.31 tex:399558 mv:31869 misc:1181 imb:1878 pmb:1348 smb:374 d:- ref:0 ;
in:585 out:586 type:b dur:2 cpbdur:2 q:22.75 aq:18.31 tex:395889 mv:32268 misc:1131 imb:1885 pmb:1307 smb:408 d:- ref:0 ;
in:590 out:587 type:P dur:2 cpbdur:2 q:23.17 aq:18.27 tex:463271 mv:22186 misc:423 imb:2722 pmb:865 smb:13 d:- ref:0 w:6,65,-5 ;
in:588 out:588 type:B dur:2 cpbdur:2 q:23.00 aq:18.60 tex:411381 mv:31582 misc:1101 imb:2131 pmb:1072 smb:397 d:- ref:0 ;
in:587 out:589 type:b dur:2 cpbdur:2 q:22.92 aq:18.72 tex:379891 mv:31610 misc:1123 imb:1986 pmb:1242 smb:372 d:- ref:0 ;
in:589 out:590 type:b dur:2 cpbdur:2 q:23.08 aq:18.68 tex:359101 mv:31609 misc:1114 imb:1845 pmb:1351 smb:404 d:- ref:0 ;
in:593 out:591 type:P dur:2 cpbdur:2 q:23.47 aq:18.65 tex:449620 mv:22093 misc:455 imb:2697 pmb:881 smb:22 d:- ref:0 w:6,65,-4 ;
in:591 out:592 type:B dur:2 cpbdur:2 q:23.27 aq:18.73 tex:379071 mv:31434 misc:1135 imb:1974 pmb:1221 smb:405 d:- ref:0 ;
in:592 out:593 type:b dur:2 cpbdur:2 q:23.37 aq:19.03 tex:308073 mv:28918 misc:1505 imb:1402 pmb:1677 smb:521 d:- ref:0 ;
in:597 out:594 type:P dur:2 cpbdur:2 q:23.68 aq:18.95 tex:447458 mv:22023 misc:375 imb:2680 pmb:916 smb:4 d:- ref:0 w:5,33,-7 ;
in:595 out:595 type:B dur:2 cpbdur:2 q:23.58 aq:19.12 tex:373913 mv:30183 misc:1120 imb:2200 pmb:1071 smb:329 d:- ref:0 ;
in:594 out:596 type:b dur:2 cpbdur:2 q:23.53 aq:19.09 tex:320736 mv:30110 misc:1386 imb:1641 pmb:1477 smb:482 d:- ref:0 ;
in:596 out:597 type:b dur:2 cpbdur:2 q:23.63 aq:19.38 tex:301710 mv:27701 misc:1493 imb:1456 pmb:1637 smb:507 d:- ref:0 ;
in:599 out:598 type:P dur:2 cpbdur:2 q:23.93 aq:19.05 tex:428244 mv:20719 misc:509 imb:2703 pmb:872 smb:25 d:- ref:0 w:6,65,-3 ;
in:598 out:599 type:b dur:2 cpbdur:2 q:23.81 aq:19.44 tex:295542 mv:29124 misc:1350 imb:1655 pmb:1469 smb:476 d:- ref:0 ;
in:603 out:600 type:P dur:2 cpbdur:2 q:24.03 aq:19.09 tex:423340 mv:22060 misc:432 imb:2592 pmb:997 smb:11 d:- ref:0 w:5,33,-7 ;
in:601 out:601 type:B dur:2 cpbdur:2 q:23.98 aq:19.37 tex:300967 mv:26274 misc:1519 imb:1660 pmb:1441 smb:499 d:- ref:0 ;
in:600 out:602 type:b dur:2 cpbdur:2 q:23.96 aq:19.61 tex:272216 mv:26922 misc:1566 imb:1470 pmb:1603 smb:527 d:- ref:0 ;
in:602 out:603 type:b dur:2 cpbdur:2 q:24.01 aq:19.45 tex:269223 mv:28539 misc:1438 imb:1551 pmb:1547 smb:502 d:- ref:0 ;
in:607 out:604 type:P dur:2 cpbdur:2 q:24.25 aq:19.28 tex:414595 mv:22260 misc:441 imb:2687 pmb:893 smb:20 d:- ref:0 w:5,33,-6 ;
in:605 out:605 type:B dur:2 cpbdur:2 q:24.14 aq:19.52 tex:290565 mv:26093 misc:1390 imb:1609 pmb:1505 smb:486 d:- ref:0 ;
in:604 out:606 type:b dur:2 cpbdur:2 q:24.09 aq:19.81 tex:258130 mv:26262 misc:1624 imb:1376 pmb:1659 smb:565 d:- ref:0 ;
in:606 out:607 type:b dur:2 cpbdur:2 q:24.20 aq:19.72 tex:261693 mv:29301 misc:1486 imb:1553 pmb:1532 smb:515 d:- ref:0 ;
in:611 out:608 type:P dur:2 cpbdur:2 q:24.43 aq:19.52 tex:401840 mv:22136 misc:424 imb:2659 pmb:925 smb:16 d:- ref:0 w:6,65,-5 ;
in:609 out:609 type:B dur:2 cpbdur:2 q:24.34 aq:19.69 tex:276067 mv:26754 misc:1427 imb:1630 pmb:1489 smb:481 d:- ref:0 ;
in:608 out:610 type:b dur:2 cpbdur:2 q:24.30 aq:19.95 tex:240341 mv:26430 misc:1725 imb:1318 pmb:1683 smb:599 d:- ref:0 ;
in:610 out:611 type:b dur:2 cpbdur:2 q:24.39 aq:19.82 tex:242388 mv:28662 misc:1518 imb:1489 pmb:1570 smb:541 d:- ref:0 ;
in:615 out:612 type:P dur:2 cpbdur:2 q:24.60 aq:19.64 tex:382955 mv:21748 misc:433 imb:2697 pmb:880 smb:23 d:- ref:0 w:6,65,-4 ;
in:613 out:613 type:B dur:2 cpbdur:2 q:24.51 aq:19.85 tex:273071 mv:27749 misc:1444 imb:1623 pmb:1502 smb:475 d:- ref:0 ;
in:612 out:614 type:b dur:2 cpbdur:2 q:24.47 aq:20.13 tex:227845 mv:25753 misc:1674 imb:1269 pmb:1759 smb:572 d:- ref:0 ;
in:614 out:615 type:b dur:2 cpbdur:2 q:24.56 aq:20.06 tex:230187 mv:27317 misc:1488 imb:1362 pmb:1716 smb:522 d:- ref:0 ;
in:619 out:616 type:P dur:2 cpbdur:2 q:24.75 aq:19.69 tex:365560 mv:22210 misc:502 imb:2633 pmb:936 smb:31 d:- ref:0 w:6,65,-3 ;
in:617 out:617 type:B dur:2 cpbdur:2 q:24.67 aq:19.85 tex:246561 mv:27780 misc:1379 imb:1518 pmb:1614 smb:468 d:- ref:0 ;
in:616 out:618 type:b dur:2 cpbdur:2 q:24.64 aq:20.19 tex:211489 mv:24189 misc:1698 imb:1187 pmb:1821 smb:592 d:- ref:0 ;
in:618 out:619 type:b dur:2 cpbdur:2 q:24.71 aq:20.06 tex:201508 mv:26814 misc:1534 imb:1277 pmb:1769 smb:554 d:- ref:0 ;
in:623 out:620 type:P dur:2 cpbdur:2 q:24.88 aq:19.66 tex:327538 mv:22207 misc:455 imb:2501 pmb:1079 smb:20 d:- ref:0 w:0,1,-2 ;
in:621 out:621 type:B dur:2 cpbdur:2 q:24.81 aq:19.94 tex:221791 mv:27559 misc:1458 imb:1354 pmb:1757 smb:489 d:- ref:0 ;
in:620 out:622 type:b dur:2 cpbdur:2 q:24.78 aq:20.20 tex:183240 mv:23725 misc:1763 imb:1094 pmb:1902 smb:604 d:- ref:0 ;
in:622 out:623 type:b dur:2 cpbdur:2 q:24.85 aq:20.10 tex:182009 mv:24047 misc:1744 imb:1128 pmb:1871 smb:601 d:- ref:0 ;
in:627 out:624 type:P dur:2 cpbdur:2 q:24.98 aq:19.52 tex:302335 mv:21866 misc:607 imb:2441 pmb:1087 smb:72 d:- ref:0 w:0,1,-1 ;
in:625 out:625 type:B dur:2 cpbdur:2 q:24.93 aq:19.74 tex:198832 mv:25362 misc:1566 imb:1140 pmb:1932 smb:528 d:- ref:0 ;
in:624 out:626 type:b dur:2 cpbdur:2 q:24.91 aq:20.18 tex:163807 mv:21280 misc:1865 imb:902 pmb:2061 smb:637 d:- ref:0 ;
in:626 out:627 type:b dur:2 cpbdur:2 q:24.96 aq:20.08 tex:163996 mv:22109 misc:1959 imb:949 pmb:1979 smb:672 d:- ref:0 ;
in:631 out:628 type:P dur:2 cpbdur:2 q:25.06 aq:19.48 tex:277598 mv:21582 misc:708 imb:2275 pmb:1240 smb:85 d:- ref:0 ;
in:629 out:629 type:B dur:2 cpbdur:2 q:25.02 aq:19.66 tex:184738 mv:22062 misc:1696 imb:934 pmb:2119 smb:547 d:- ref:0 ;
in:628 out:630 type:b dur:2 cpbdur:2 q:25.00 aq:20.22 tex:151686 mv:19534 misc:2020 imb:758 pmb:2156 smb:686 d:- ref:0 ;
in:630 out:631 type:b dur:2 cpbdur:2 q:25.04 aq:20.19 tex:149930 mv:19282 misc:2036 imb:830 pmb:2088 smb:682 d:- ref:0 ;
in:635 out:632 type:P dur:2 cpbdur:2 q:25.11 aq:19.67 tex:269671 mv:21746 misc:911 imb:2305 pmb:1137 smb:158 d:- ref:0 ;
in:633 out:633 type:B dur:2 cpbdur:2 q:25.08 aq:19.64 tex:174929 mv:22650 misc:1589 imb:932 pmb:2112 smb:556 d:- ref:0 ;
in:632 out:634 type:b dur:2 cpbdur:2 q:25.07 aq:20.21 tex:138553 mv:17780 misc:2099 imb:733 pmb:2138 smb:729 d:- ref:0 ;
in:634 out:635 type:b dur:2 cpbdur:2 q:25.10 aq:20.30 tex:149813 mv:19558 misc:1973 imb:835 pmb:2079 smb:686 d:- ref:0 ;
in:639 out:636 type:P dur:2 cpbdur:2 q:25.15 aq:20.01 tex:274212 mv:21101 misc:831 imb:2182 pmb:1294 smb:124 d:- ref:0 w:7,127,2 ;
in:637 out:637 type:B dur:2 cpbdur:2 q:25.13 aq:19.91 tex:187110 mv:25447 misc:1555 imb:1150 pmb:1907 smb:543 d:- ref:0 ;
in:636 out:638 type:b dur:2 cpbdur:2 q:25.12 aq:20.38 tex:147377 mv:20571 misc:2004 imb:819 pmb:2104 smb:677 d:- ref:0 ;
in:638 out:639 type:b dur:2 cpbdur:2 q:25.14 aq:20.33 tex:157674 mv:23339 misc:1923 imb:975 pmb:1967 smb:658 d:- ref:0 ;
in:643 out:640 type:P dur:2 cpbdur:2 q:25.20 aq:20.24 tex:295890 mv:21121 misc:637 imb:2334 pmb:1203 smb:63 d:- ref:0 w:6,63,4 ;
in:641 out:641 type:B dur:2 cpbdur:2 q:25.17 aq:20.37 tex:202222 mv:25896 misc:1618 imb:1381 pmb:1661 smb:558 d:- ref:0 ;
in:640 out:642 type:b dur:2 cpbdur:2 q:25.16 aq:20.55 tex:158139 mv:22295 misc:1974 imb:968 pmb:1958 smb:674 d:- ref:0 ;
in:642 out:643 type:b dur:2 cpbdur:2 q:25.19 aq:20.55 tex:171536 mv:25172 misc:1732 imb:1200 pmb:1795 smb:605 d:- ref:0 ;
in:647 out:644 type:P dur:2 cpbdur:2 q:25.26 aq:20.40 tex:298582 mv:20645 misc:653 imb:2391 pmb:1150 smb:59 d:- ref:0 w:7,125,5 ;
in:645 out:645 type:B dur:2 cpbdur:2 q:25.23 aq:20.54 tex:199911 mv:25149 misc:1644 imb:1431 pmb:1623 smb:546 d:- ref:0 ;
in:644 out:646 type:b dur:2 cpbdur:2 q:25.21 aq:20.69 tex:167746 mv:23052 misc:1946 imb:1078 pmb:1863 smb:659 d:- ref:0 ;
in:646 out:647 type:b dur:2 cpbdur:2 q:25.24 aq:20.63 tex:178197 mv:24840 misc:1771 imb:1277 pmb:1715 smb:608 d:- ref:0 ;
in:651 out:648 type:P dur:2 cpbdur:2 q:25.33 aq:20.54 tex:303293 mv:20794 misc:553 imb:2365 pmb:1202 smb:33 d:- ref:0 w:7,125,6 ;
in:649 out:649 type:B dur:2 cpbdur:2 q:25.30 aq:20.64 tex:215505 mv:25058 misc:1589 imb:1546 pmb:1505 smb:549 d:- ref:0 ;
in:648 out:650 type:b dur:2 cpbdur:2 q:25.28 aq:20.91 tex:173308 mv:23284 misc:1840 imb:1155 pmb:1806 smb:639 d:- ref:0 ;
in:650 out:651 type:b dur:2 cpbdur:2 q:25.31 aq:20.85 tex:190337 mv:25765 misc:1618 imb:1366 pmb:1647 smb:587 d:- ref:0 ;
in:655 out:652 type:P dur:2 cpbdur:2 q:25.41 aq:20.71 tex:299803 mv:20769 misc:588 imb:2528 pmb:1030 smb:42 d:- ref:0 w:5,31,6 ;
in:653 out:653 type:B dur:2 cpbdur:2 q:25.37 aq:20.69 tex:211906 mv:24644 misc:1586 imb:1567 pmb:1516 smb:517 d:- ref:0 ;
in:652 out:654 type:b dur:2 cpbdur:2 q:25.35 aq:20.94 tex:183854 mv:25009 misc:1841 imb:1313 pmb:1658 smb:629 d:- ref:0 ;
in:654 out:655 type:b dur:2 cpbdur:2 q:25.39 aq:20.83 tex:179162 mv:25628 misc:1618 imb:1375 pmb:1635 smb:590 d:- ref:0 ;
in:657 out:656 type:P dur:2 cpbdur:2 q:25.50 aq:20.90 tex:254429 mv:20550 misc:717 imb:2294 pmb:1225 smb:81 d:- ref:0 w:6,63,4 ;
in:656 out:657 type:b dur:2 cpbdur:2 q:25.45 aq:21.15 tex:170732 mv:24346 misc:1730 imb:1258 pmb:1747 smb:595 d:- ref:0 ;
in:659 out:658 type:P dur:2 cpbdur:2 q:25.53 aq:20.90 tex:280505 mv:20175 misc:592 imb:2379 pmb:1172 smb:49 d:- ref:0 w:6,63,4 ;
in:658 out:659 type:b dur:2 cpbdur:2 q:25.51 aq:21.07 tex:172402 mv:25795 misc:1731 imb:1339 pmb:1669 smb:592 d:- ref:0 ;
in:661 out:660 type:P dur:2 cpbdur:2 q:25.57 aq:20.94 tex:244381 mv:20002 misc:801 imb:2223 pmb:1287 smb:90 d:- ref:0 w:6,63,4 ;
in:660 out:661 type:b dur:2 cpbdur:2 q:25.55 aq:21.19 tex:169410 mv:23855 misc:1831 imb:1240 pmb:1736 smb:624 d:- ref:0 ;
in:663 out:662 type:P dur:2 cpbdur:2 q:25.61 aq:20.89 tex:280557 mv:19695 misc:564 imb:2347 pmb:1213 smb:40 d:- ref:0 w:6,63,4 ;
in:662 out:663 type:b dur:2 cpbdur:2 q:25.59 aq:21.19 tex:170231 mv:24943 misc:1786 imb:1302 pmb:1685 smb:613 d:- ref:0 ;
in:665 out:664 type:P dur:2 cpbdur:2 q:25.65 aq:20.97 tex:238421 mv:20392 misc:891 imb:2208 pmb:1286 smb:106 d:- ref:0 w:6,63,4 ;
in:664 out:665 type:b dur:2 cpbdur:2 q:25.63 aq:21.28 tex:153205 mv:22628 misc:1863 imb:1105 pmb:1866 smb:629 d:- ref:0 ;
in:667 out:666 type:P dur:2 cpbdur:2 q:25.69 aq:20.90 tex:275879 mv:19691 misc:534 imb:2290 pmb:1276 smb:34 d:- ref:0 w:6,63,4 ;
in:666 out:667 type:b dur:2 cpbdur:2 q:25.67 aq:21.16 tex:163026 mv:25379 misc:1635 imb:1365 pmb:1665 smb:570 d:- ref:0 ;
in:671 out:668 type:P dur:2 cpbdur:2 q:25.72 aq:20.94 tex:288059 mv:20825 misc:628 imb:2478 pmb:1063 smb:59 d:- ref:0 w:7,125,6 ;
in:669 out:669 type:B dur:2 cpbdur:2 q:25.70 aq:21.03 tex:181141 mv:22985 misc:1738 imb:1429 pmb:1624 smb:547 d:- ref:0 ;
in:668 out:670 type:b dur:2 cpbdur:2 q:25.69 aq:21.38 tex:150352 mv:22949 misc:1875 imb:1129 pmb:1842 smb:629 d:- ref:0 ;
in:670 out:671 type:b dur:2 cpbdur:2 q:25.71 aq:21.24 tex:157091 mv:24876 misc:1809 imb:1256 pmb:1729 smb:615 d:- ref:0 ;
in:675 out:672 type:P dur:2 cpbdur:2 q:25.79 aq:20.99 tex:269702 mv:21199 misc:515 imb:2390 pmb:1174 smb:36 d:- ref:0 w:7,125,6 ;
in:673 out:673 type:B dur:2 cpbdur:2 q:25.75 aq:21.11 tex:177121 mv:23163 misc:1804 imb:1395 pmb:1623 smb:582 d:- ref:0 ;
in:672 out:674 type:b dur:2 cpbdur:2 q:25.73 aq:21.37 tex:151112 mv:22915 misc:2013 imb:1106 pmb:1831 smb:663 d:- ref:0 ;
in:674 out:675 type:b dur:2 cpbdur:2 q:25.77 aq:21.35 tex:145416 mv:24093 misc:1779 imb:1185 pmb:1797 smb:618 d:- ref:0 ;
in:679 out:676 type:P dur:2 cpbdur:2 q:25.84 aq:21.09 tex:246838 mv:20865 misc:689 imb:2272 pmb:1254 smb:74 d:- ref:0 w:6,63,5 ;
in:677 out:677 type:B dur:2 cpbdur:2 q:25.81 aq:21.01 tex:166741 mv:23171 misc:1704 imb:1285 pmb:1759 smb:556 d:- ref:0 ;
in:676 out:678 type:b dur:2 cpbdur:2 q:25.80 aq:21.36 tex:141967 mv:21155 misc:2030 imb:1002 pmb:1931 smb:667 d:- ref:0 ;
in:678 out:679 type:b dur:2 cpbdur:2 q:25.82 aq:21.38 tex:136038 mv:21963 misc:2047 imb:1011 pmb:1915 smb:674 d:- ref:0 ;
in:683 out:680 type:P dur:2 cpbdur:2 q:25.87 aq:21.15 tex:239648 mv:21487 misc:897 imb:2402 pmb:1041 smb:157 d:- ref:0 w:7,127,3 ;
in:681 out:681 type:B dur:2 cpbdur:2 q:25.86 aq:21.12 tex:155305 mv:23912 misc:1815 imb:1156 pmb:1863 smb:581 d:- ref:0 ;
in:680 out:682 type:b dur:2 cpbdur:2 q:25.85 aq:21.43 tex:129777 mv:19975 misc:2072 imb:872 pmb:2029 smb:699 d:- ref:0 ;
in:682 out:683 type:b dur:2 cpbdur:2 q:25.86 aq:21.34 tex:124077 mv:21504 misc:2059 imb:919 pmb:2000 smb:681 d:- ref:0 ;
in:687 out:684 type:P dur:2 cpbdur:2 q:25.90 aq:21.19 tex:220395 mv:21276 misc:1113 imb:2353 pmb:917 smb:330 d:- ref:0 w:7,127,2 ;
in:685 out:685 type:B dur:2 cpbdur:2 q:25.89 aq:21.05 tex:144972 mv:22038 misc:1846 imb:987 pmb:2044 smb:569 d:- ref:0 ;
in:684 out:686 type:b dur:2 cpbdur:2 q:25.88 aq:21.42 tex:119798 mv:18672 misc:2218 imb:810 pmb:2058 smb:732 d:- ref:0 ;
in:686 out:687 type:b dur:2 cpbdur:2 q:25.89 aq:21.32 tex:124118 mv:20076 misc:2142 imb:856 pmb:2041 smb:703 d:- ref:0 ;
in:689 out:688 type:P dur:2 cpbdur:2 q:25.91 aq:21.53 tex:192751 mv:20282 misc:1263 imb:2202 pmb:971 smb:427 d:- ref:0 ;
in:688 out:689 type:b dur:2 cpbdur:2 q:25.91 aq:21.40 tex:115157 mv:18063 misc:2436 imb:669 pmb:2151 smb:780 d:- ref:0 ;
